INFO 2025-11-11 23:02:05,756 autoreload Watching for file changes with StatReloader
INFO 2025-11-11 23:02:11,691 autoreload /home/ayooluwa/Documents/codes/Auto_post/backend/postAutomation_backend/core/urls.py changed, reloading.
INFO 2025-11-11 23:02:13,036 autoreload Watching for file changes with StatReloader
INFO 2025-11-11 23:02:14,853 autoreload /home/ayooluwa/Documents/codes/Auto_post/backend/postAutomation_backend/core/urls.py changed, reloading.
INFO 2025-11-11 23:02:15,900 autoreload Watching for file changes with StatReloader
INFO 2025-11-11 23:02:49,645 basehttp "GET /swagger HTTP/1.1" 301 0
INFO 2025-11-11 23:02:49,818 basehttp "GET /swagger/ HTTP/1.1" 200 2398
INFO 2025-11-11 23:02:50,042 basehttp "GET /static/drf-yasg/immutable.min.js HTTP/1.1" 200 56904
INFO 2025-11-11 23:02:50,055 basehttp "GET /static/drf-yasg/insQ.min.js HTTP/1.1" 200 2093
INFO 2025-11-11 23:02:50,070 basehttp "GET /static/drf-yasg/style.css HTTP/1.1" 200 1047
INFO 2025-11-11 23:02:50,102 basehttp "GET /static/drf-yasg/swagger-ui-init.js HTTP/1.1" 200 14964
INFO 2025-11-11 23:02:50,130 basehttp "GET /static/drf-yasg/swagger-ui-dist/swagger-ui.css HTTP/1.1" 200 145206
INFO 2025-11-11 23:02:50,175 basehttp "GET /static/drf-yasg/swagger-ui-dist/swagger-ui-standalone-preset.js HTTP/1.1" 200 322863
INFO 2025-11-11 23:02:50,240 basehttp "GET /static/drf-yasg/swagger-ui-dist/swagger-ui-bundle.js HTTP/1.1" 200 1046583
INFO 2025-11-11 23:02:50,527 basehttp "GET /static/drf-yasg/swagger-ui-dist/favicon-32x32.png HTTP/1.1" 200 628
INFO 2025-11-11 23:02:50,693 basehttp "GET /swagger/?format=openapi HTTP/1.1" 200 10557
INFO 2025-11-20 02:27:58,390 autoreload Watching for file changes with StatReloader
WARNING 2025-11-20 02:28:05,626 log Not Found: /
WARNING 2025-11-20 02:28:05,626 basehttp "GET / HTTP/1.1" 404 3758
WARNING 2025-11-20 02:28:05,745 log Not Found: /favicon.ico
WARNING 2025-11-20 02:28:05,746 basehttp "GET /favicon.ico HTTP/1.1" 404 3809
INFO 2025-11-20 02:28:12,163 basehttp "GET /health HTTP/1.1" 301 0
INFO 2025-11-20 02:28:12,422 basehttp "GET /health/ HTTP/1.1" 200 5369
INFO 2025-11-20 02:28:12,648 basehttp "GET /static/rest_framework/css/prettify.css HTTP/1.1" 200 817
INFO 2025-11-20 02:28:12,652 basehttp "GET /static/rest_framework/css/default.css HTTP/1.1" 200 1152
INFO 2025-11-20 02:28:12,652 basehttp "GET /static/rest_framework/js/ajax-form.js HTTP/1.1" 200 3796
INFO 2025-11-20 02:28:12,656 basehttp "GET /static/rest_framework/js/csrf.js HTTP/1.1" 200 1793
INFO 2025-11-20 02:28:12,658 basehttp "GET /static/rest_framework/css/bootstrap-tweaks.css HTTP/1.1" 200 3426
INFO 2025-11-20 02:28:12,662 basehttp "GET /static/rest_framework/js/prettify-min.js HTTP/1.1" 200 13632
INFO 2025-11-20 02:28:12,662 basehttp "GET /static/rest_framework/js/bootstrap.min.js HTTP/1.1" 200 39680
INFO 2025-11-20 02:28:12,663 basehttp "GET /static/rest_framework/js/default.js HTTP/1.1" 200 1268
INFO 2025-11-20 02:28:12,685 basehttp "GET /static/rest_framework/js/jquery-3.7.1.min.js HTTP/1.1" 200 87533
INFO 2025-11-20 02:28:12,693 basehttp "GET /static/rest_framework/css/bootstrap.min.css HTTP/1.1" 200 121457
INFO 2025-11-20 02:28:12,695 basehttp "GET /static/rest_framework/js/load-ajax-form.js HTTP/1.1" 200 59
INFO 2025-11-20 02:28:12,715 basehttp "GET /static/rest_framework/img/grid.png HTTP/1.1" 200 1458
WARNING 2025-11-20 02:33:37,876 log Not Found: /docs
WARNING 2025-11-20 02:33:37,877 basehttp "GET /docs HTTP/1.1" 404 3788
INFO 2025-11-20 02:33:49,327 basehttp "GET /swagger/ HTTP/1.1" 200 2166
INFO 2025-11-20 02:33:49,652 basehttp "GET /static/drf-yasg/style.css HTTP/1.1" 200 1047
INFO 2025-11-20 02:33:49,653 basehttp "GET /static/drf-yasg/insQ.min.js HTTP/1.1" 200 2093
INFO 2025-11-20 02:33:49,653 basehttp "GET /static/drf-yasg/swagger-ui-init.js HTTP/1.1" 200 14964
INFO 2025-11-20 02:33:49,796 basehttp "GET /static/drf-yasg/immutable.min.js HTTP/1.1" 200 56904
INFO 2025-11-20 02:33:49,797 basehttp "GET /static/drf-yasg/swagger-ui-dist/swagger-ui.css HTTP/1.1" 200 145206
INFO 2025-11-20 02:33:50,093 basehttp "GET /static/drf-yasg/swagger-ui-dist/swagger-ui-standalone-preset.js HTTP/1.1" 304 0
INFO 2025-11-20 02:33:50,094 basehttp "GET /static/drf-yasg/swagger-ui-dist/swagger-ui-bundle.js HTTP/1.1" 304 0
INFO 2025-11-20 02:33:50,889 basehttp "GET /static/drf-yasg/swagger-ui-dist/favicon-32x32.png HTTP/1.1" 200 628
INFO 2025-11-20 02:33:51,640 basehttp "GET /swagger/?format=openapi HTTP/1.1" 200 9786
WARNING 2025-11-20 02:52:03,034 log Not Found: /
WARNING 2025-11-20 02:52:03,095 basehttp "GET / HTTP/1.1" 404 3758
WARNING 2025-11-20 02:52:03,367 log Not Found: /favicon.ico
INFO 2025-11-20 02:52:13,523 basehttp "GET /swagger/ HTTP/1.1" 200 2166
INFO 2025-11-20 02:52:14,623 basehttp "GET /swagger/?format=openapi HTTP/1.1" 200 9786
INFO 2025-12-01 20:46:22,852 autoreload Watching for file changes with StatReloader
WARNING 2025-12-01 20:47:34,679 log Not Found: /
WARNING 2025-12-01 20:47:34,679 basehttp "GET / HTTP/1.1" 404 3758
WARNING 2025-12-01 20:47:35,267 log Not Found: /favicon.ico
WARNING 2025-12-01 20:47:35,268 basehttp "GET /favicon.ico HTTP/1.1" 404 3809
INFO 2025-12-01 20:47:41,733 basehttp "GET /admin/ HTTP/1.1" 302 0
INFO 2025-12-01 20:47:42,254 basehttp "GET /admin/login/?next=/admin/ HTTP/1.1" 200 4173
INFO 2025-12-01 20:47:42,630 basehttp "GET /static/admin/css/login.css HTTP/1.1" 200 951
INFO 2025-12-01 20:47:42,631 basehttp "GET /static/admin/css/nav_sidebar.css HTTP/1.1" 200 2810
INFO 2025-12-01 20:47:42,635 basehttp "GET /static/admin/css/base.css HTTP/1.1" 200 22120
INFO 2025-12-01 20:47:42,636 basehttp "GET /static/admin/css/responsive.css HTTP/1.1" 200 16565
INFO 2025-12-01 20:47:42,637 basehttp "GET /static/admin/js/theme.js HTTP/1.1" 200 1653
INFO 2025-12-01 20:47:42,638 basehttp "GET /static/admin/js/nav_sidebar.js HTTP/1.1" 200 3063
INFO 2025-12-01 20:47:42,642 basehttp "GET /static/admin/css/dark_mode.css HTTP/1.1" 200 2808
INFO 2025-12-01 20:48:06,014 basehttp "OPTIONS /api/auth/login/ HTTP/1.1" 200 0
INFO 2025-12-01 20:48:18,943 basehttp "OPTIONS /api/auth/login/ HTTP/1.1" 200 0
INFO 2025-12-01 20:48:39,816 basehttp "OPTIONS /api/auth/login/ HTTP/1.1" 200 0
INFO 2025-12-01 20:49:06,049 basehttp "OPTIONS /api/auth/register/ HTTP/1.1" 200 0
INFO 2025-12-01 20:53:56,240 autoreload /home/ayooluwa/Documents/codes/Auto_post/backend/postAutomation_backend/core/settings.py changed, reloading.
INFO 2025-12-01 20:53:57,948 autoreload Watching for file changes with StatReloader
INFO 2025-12-01 20:54:26,800 autoreload /home/ayooluwa/Documents/codes/Auto_post/backend/postAutomation_backend/users/views.py changed, reloading.
INFO 2025-12-01 20:54:27,901 autoreload Watching for file changes with StatReloader
INFO 2025-12-01 20:54:31,781 autoreload /home/ayooluwa/Documents/codes/Auto_post/backend/postAutomation_backend/core/urls.py changed, reloading.
INFO 2025-12-01 20:54:32,891 autoreload Watching for file changes with StatReloader
INFO 2025-12-01 20:54:42,932 autoreload /home/ayooluwa/Documents/codes/Auto_post/backend/postAutomation_backend/core/settings.py changed, reloading.
INFO 2025-12-01 20:54:43,906 autoreload Watching for file changes with StatReloader
WARNING 2025-12-01 20:56:43,711 log Unauthorized: /api/
WARNING 2025-12-01 20:56:43,712 basehttp "GET /api/ HTTP/1.1" 401 5009
INFO 2025-12-01 20:56:43,855 basehttp "GET /static/rest_framework/css/default.css HTTP/1.1" 200 1152
INFO 2025-12-01 20:56:43,855 basehttp "GET /static/rest_framework/css/prettify.css HTTP/1.1" 200 817
INFO 2025-12-01 20:56:43,856 basehttp "GET /static/rest_framework/css/bootstrap-tweaks.css HTTP/1.1" 200 3426
INFO 2025-12-01 20:56:43,862 basehttp "GET /static/rest_framework/js/ajax-form.js HTTP/1.1" 200 3796
INFO 2025-12-01 20:56:43,912 basehttp "GET /static/rest_framework/js/default.js HTTP/1.1" 200 1268
INFO 2025-12-01 20:56:43,913 basehttp "GET /static/rest_framework/js/prettify-min.js HTTP/1.1" 200 13632
INFO 2025-12-01 20:56:43,913 basehttp "GET /static/rest_framework/js/csrf.js HTTP/1.1" 200 1793
INFO 2025-12-01 20:56:43,915 basehttp "GET /static/rest_framework/js/jquery-3.7.1.min.js HTTP/1.1" 200 87533
INFO 2025-12-01 20:56:43,961 basehttp "GET /static/rest_framework/js/load-ajax-form.js HTTP/1.1" 200 59
INFO 2025-12-01 20:56:43,962 basehttp "GET /static/rest_framework/js/bootstrap.min.js HTTP/1.1" 200 39680
INFO 2025-12-01 20:56:43,965 basehttp "GET /static/rest_framework/css/bootstrap.min.css HTTP/1.1" 200 121457
INFO 2025-12-01 20:56:44,032 basehttp "GET /static/rest_framework/img/grid.png HTTP/1.1" 200 1458
WARNING 2025-12-01 20:56:44,171 log Not Found: /favicon.ico
WARNING 2025-12-01 20:56:44,172 basehttp "GET /favicon.ico HTTP/1.1" 404 3809
INFO 2025-12-01 20:57:17,505 basehttp "OPTIONS /api/auth/register/ HTTP/1.1" 200 0
INFO 2025-12-01 20:57:18,793 basehttp "POST /api/auth/register/ HTTP/1.1" 201 680
INFO 2025-12-01 20:57:18,803 basehttp "OPTIONS /api/auth/profile/ HTTP/1.1" 200 0
INFO 2025-12-01 20:57:18,850 basehttp "GET /api/auth/profile/ HTTP/1.1" 200 137
INFO 2025-12-01 20:57:18,963 basehttp "OPTIONS /api/posts/stats/ HTTP/1.1" 200 0
INFO 2025-12-01 20:57:18,970 basehttp "OPTIONS /api/posts/?ordering=-scheduled_time HTTP/1.1" 200 0
INFO 2025-12-01 20:57:18,991 basehttp "OPTIONS /api/posts/stats/ HTTP/1.1" 200 0
INFO 2025-12-01 20:57:18,997 basehttp "OPTIONS /api/posts/?ordering=-scheduled_time HTTP/1.1" 200 0
INFO 2025-12-01 20:57:19,069 basehttp "GET /api/posts/?ordering=-scheduled_time HTTP/1.1" 200 52
INFO 2025-12-01 20:57:19,071 basehttp "GET /api/posts/?ordering=-scheduled_time HTTP/1.1" 200 52
INFO 2025-12-01 20:57:19,101 basehttp "GET /api/posts/stats/ HTTP/1.1" 200 126
INFO 2025-12-01 20:57:19,103 basehttp "GET /api/posts/stats/ HTTP/1.1" 200 126
INFO 2025-12-01 20:57:28,942 basehttp "GET /api/posts/?ordering=-scheduled_time HTTP/1.1" 200 52
INFO 2025-12-01 20:57:28,942 basehttp "GET /api/posts/?ordering=-scheduled_time HTTP/1.1" 200 52
INFO 2025-12-01 20:57:34,032 basehttp "GET /api/posts/stats/ HTTP/1.1" 200 126
INFO 2025-12-01 20:57:34,035 basehttp "GET /api/posts/stats/ HTTP/1.1" 200 126
INFO 2025-12-01 20:57:38,950 basehttp "GET /api/posts/?ordering=-scheduled_time HTTP/1.1" 200 52
INFO 2025-12-01 20:57:38,963 basehttp "GET /api/posts/?ordering=-scheduled_time HTTP/1.1" 200 52
INFO 2025-12-01 20:57:38,982 basehttp "GET /api/posts/stats/ HTTP/1.1" 200 126
INFO 2025-12-01 20:57:38,984 basehttp "GET /api/posts/stats/ HTTP/1.1" 200 126
INFO 2025-12-01 20:59:48,228 basehttp "GET /api/posts/stats/ HTTP/1.1" 200 126
INFO 2025-12-01 20:59:48,240 basehttp "GET /api/posts/?ordering=-scheduled_time HTTP/1.1" 200 52
INFO 2025-12-01 20:59:48,258 basehttp "GET /api/posts/?ordering=-scheduled_time HTTP/1.1" 200 52
INFO 2025-12-01 20:59:48,276 basehttp "GET /api/posts/stats/ HTTP/1.1" 200 126
INFO 2025-12-01 21:00:58,545 autoreload /home/ayooluwa/Documents/codes/Auto_post/backend/postAutomation_backend/posts/models.py changed, reloading.
INFO 2025-12-01 21:01:00,323 autoreload Watching for file changes with StatReloader
INFO 2025-12-01 21:01:58,871 autoreload /home/ayooluwa/Documents/codes/Auto_post/backend/postAutomation_backend/posts/admin.py changed, reloading.
INFO 2025-12-01 21:02:01,115 autoreload Watching for file changes with StatReloader
INFO 2025-12-01 21:02:10,369 autoreload /home/ayooluwa/Documents/codes/Auto_post/backend/postAutomation_backend/posts/tasks.py changed, reloading.
INFO 2025-12-01 21:02:11,918 autoreload Watching for file changes with StatReloader
INFO 2025-12-01 21:02:18,188 autoreload /home/ayooluwa/Documents/codes/Auto_post/backend/postAutomation_backend/posts/serializers.py changed, reloading.
INFO 2025-12-01 21:02:19,681 autoreload Watching for file changes with StatReloader
INFO 2025-12-01 21:02:39,694 autoreload /home/ayooluwa/Documents/codes/Auto_post/backend/postAutomation_backend/posts/views.py changed, reloading.
INFO 2025-12-01 21:02:40,967 autoreload Watching for file changes with StatReloader
INFO 2025-12-01 21:02:44,891 autoreload /home/ayooluwa/Documents/codes/Auto_post/backend/postAutomation_backend/core/urls.py changed, reloading.
INFO 2025-12-01 21:02:46,097 autoreload Watching for file changes with StatReloader
INFO 2025-12-01 21:03:15,847 autoreload /home/ayooluwa/Documents/codes/Auto_post/backend/postAutomation_backend/posts/views.py changed, reloading.
INFO 2025-12-01 21:03:17,459 autoreload Watching for file changes with StatReloader
INFO 2025-12-01 21:03:29,764 autoreload /home/ayooluwa/Documents/codes/Auto_post/backend/postAutomation_backend/posts/views.py changed, reloading.
INFO 2025-12-01 21:03:30,793 autoreload Watching for file changes with StatReloader
INFO 2025-12-01 21:03:35,794 autoreload /home/ayooluwa/Documents/codes/Auto_post/backend/postAutomation_backend/posts/views.py changed, reloading.
INFO 2025-12-01 21:03:37,133 autoreload Watching for file changes with StatReloader
INFO 2025-12-01 21:03:46,574 autoreload /home/ayooluwa/Documents/codes/Auto_post/backend/postAutomation_backend/posts/models.py changed, reloading.
INFO 2025-12-01 21:03:49,378 autoreload Watching for file changes with StatReloader
INFO 2025-12-01 21:04:18,069 basehttp "GET /api/posts/?ordering=-scheduled_time HTTP/1.1" 200 52
INFO 2025-12-01 21:04:18,070 basehttp "GET /api/posts/?ordering=-scheduled_time HTTP/1.1" 200 52
INFO 2025-12-01 21:04:18,091 basehttp "GET /api/posts/stats/ HTTP/1.1" 200 126
INFO 2025-12-01 21:04:18,100 basehttp "GET /api/posts/stats/ HTTP/1.1" 200 126
INFO 2025-12-01 21:05:14,740 autoreload /home/ayooluwa/Documents/codes/Auto_post/backend/postAutomation_backend/core/urls.py changed, reloading.
INFO 2025-12-01 21:05:16,504 autoreload Watching for file changes with StatReloader
INFO 2025-12-01 21:05:18,375 autoreload /home/ayooluwa/Documents/codes/Auto_post/backend/postAutomation_backend/core/urls.py changed, reloading.
INFO 2025-12-01 21:05:19,420 autoreload Watching for file changes with StatReloader
INFO 2025-12-01 21:05:53,511 autoreload /home/ayooluwa/Documents/codes/Auto_post/backend/postAutomation_backend/posts/serializers.py changed, reloading.
INFO 2025-12-01 21:05:55,117 autoreload Watching for file changes with StatReloader
INFO 2025-12-01 21:12:46,230 autoreload /home/ayooluwa/Documents/codes/Auto_post/backend/postAutomation_backend/posts/models.py changed, reloading.
INFO 2025-12-01 21:12:56,647 autoreload Watching for file changes with StatReloader
INFO 2025-12-03 19:44:17,296 autoreload Watching for file changes with StatReloader
WARNING 2025-12-03 19:44:24,731 log Not Found: /
WARNING 2025-12-03 19:44:24,731 basehttp "GET / HTTP/1.1" 404 4170
WARNING 2025-12-03 19:44:24,787 log Not Found: /favicon.ico
WARNING 2025-12-03 19:44:24,789 basehttp "GET /favicon.ico HTTP/1.1" 404 4221
WARNING 2025-12-03 19:44:30,158 log Unauthorized: /api/
WARNING 2025-12-03 19:44:30,160 basehttp "GET /api/ HTTP/1.1" 401 5009
INFO 2025-12-03 19:45:46,467 basehttp "OPTIONS /api/auth/profile/ HTTP/1.1" 200 0
WARNING 2025-12-03 19:45:46,626 log Unauthorized: /api/auth/profile/
WARNING 2025-12-03 19:45:46,627 basehttp "GET /api/auth/profile/ HTTP/1.1" 401 183
WARNING 2025-12-03 19:45:46,672 log Unauthorized: /api/auth/profile/
WARNING 2025-12-03 19:45:46,673 basehttp "GET /api/auth/profile/ HTTP/1.1" 401 183
INFO 2025-12-03 19:45:46,680 basehttp "OPTIONS /api/auth/token/refresh/ HTTP/1.1" 200 0
INFO 2025-12-03 19:45:46,690 basehttp "POST /api/auth/token/refresh/ HTTP/1.1" 200 483
INFO 2025-12-03 19:45:46,724 basehttp "POST /api/auth/token/refresh/ HTTP/1.1" 200 483
INFO 2025-12-03 19:45:46,744 basehttp "GET /api/auth/profile/ HTTP/1.1" 200 137
INFO 2025-12-03 19:45:46,781 basehttp "GET /api/auth/profile/ HTTP/1.1" 200 137
INFO 2025-12-03 19:45:46,957 basehttp "OPTIONS /api/posts/stats/ HTTP/1.1" 200 0
INFO 2025-12-03 19:45:46,968 basehttp "OPTIONS /api/posts/?ordering=-scheduled_time HTTP/1.1" 200 0
INFO 2025-12-03 19:45:46,990 basehttp "GET /api/posts/stats/ HTTP/1.1" 200 126
INFO 2025-12-03 19:45:47,002 basehttp "GET /api/posts/stats/ HTTP/1.1" 200 126
INFO 2025-12-03 19:45:47,015 basehttp "GET /api/posts/?ordering=-scheduled_time HTTP/1.1" 200 52
INFO 2025-12-03 19:45:47,064 basehttp "GET /api/posts/?ordering=-scheduled_time HTTP/1.1" 200 52
INFO 2025-12-03 19:46:02,014 basehttp "OPTIONS /api/auth/login/ HTTP/1.1" 200 0
INFO 2025-12-03 19:46:02,954 basehttp "POST /api/auth/login/ HTTP/1.1" 200 483
INFO 2025-12-03 19:46:02,965 basehttp "GET /api/auth/profile/ HTTP/1.1" 200 137
INFO 2025-12-03 19:46:03,035 basehttp "GET /api/posts/?ordering=-scheduled_time HTTP/1.1" 200 52
INFO 2025-12-03 19:46:03,041 basehttp "GET /api/posts/?ordering=-scheduled_time HTTP/1.1" 200 52
INFO 2025-12-03 19:46:03,049 basehttp "GET /api/posts/stats/ HTTP/1.1" 200 126
INFO 2025-12-03 19:46:03,054 basehttp "GET /api/posts/stats/ HTTP/1.1" 200 126
INFO 2025-12-03 19:46:29,322 basehttp "OPTIONS /api/social-accounts/status/ HTTP/1.1" 200 0
INFO 2025-12-03 19:46:29,323 basehttp "OPTIONS /api/social-accounts/status/ HTTP/1.1" 200 0
ERROR 2025-12-03 19:46:29,715 log Internal Server Error: /api/social-accounts/status/
Traceback (most recent call last):
  File "/home/ayooluwa/Documents/codes/Auto_post/backend/.venv/lib/python3.12/site-packages/django/db/backends/utils.py", line 105, in _execute
    return self.cursor.execute(sql, params)
           ^^^^^^^^^^^^^^^^^^^^^^^^^^^^^^^^
  File "/home/ayooluwa/Documents/codes/Auto_post/backend/.venv/lib/python3.12/site-packages/django/db/backends/sqlite3/base.py", line 360, in execute
    return super().execute(query, params)
           ^^^^^^^^^^^^^^^^^^^^^^^^^^^^^^
sqlite3.OperationalError: no such table: posts_socialaccount

The above exception was the direct cause of the following exception:

Traceback (most recent call last):
  File "/home/ayooluwa/Documents/codes/Auto_post/backend/.venv/lib/python3.12/site-packages/django/core/handlers/exception.py", line 55, in inner
    response = get_response(request)
               ^^^^^^^^^^^^^^^^^^^^^
  File "/home/ayooluwa/Documents/codes/Auto_post/backend/.venv/lib/python3.12/site-packages/django/core/handlers/base.py", line 197, in _get_response
    response = wrapped_callback(request, *callback_args, **callback_kwargs)
               ^^^^^^^^^^^^^^^^^^^^^^^^^^^^^^^^^^^^^^^^^^^^^^^^^^^^^^^^^^^^
  File "/home/ayooluwa/Documents/codes/Auto_post/backend/.venv/lib/python3.12/site-packages/django/views/decorators/csrf.py", line 65, in _view_wrapper
    return view_func(request, *args, **kwargs)
           ^^^^^^^^^^^^^^^^^^^^^^^^^^^^^^^^^^^
  File "/home/ayooluwa/Documents/codes/Auto_post/backend/.venv/lib/python3.12/site-packages/rest_framework/viewsets.py", line 124, in view
    return self.dispatch(request, *args, **kwargs)
           ^^^^^^^^^^^^^^^^^^^^^^^^^^^^^^^^^^^^^^^
  File "/home/ayooluwa/Documents/codes/Auto_post/backend/.venv/lib/python3.12/site-packages/rest_framework/views.py", line 509, in dispatch
    response = self.handle_exception(exc)
               ^^^^^^^^^^^^^^^^^^^^^^^^^^
  File "/home/ayooluwa/Documents/codes/Auto_post/backend/.venv/lib/python3.12/site-packages/rest_framework/views.py", line 469, in handle_exception
    self.raise_uncaught_exception(exc)
  File "/home/ayooluwa/Documents/codes/Auto_post/backend/.venv/lib/python3.12/site-packages/rest_framework/views.py", line 480, in raise_uncaught_exception
    raise exc
  File "/home/ayooluwa/Documents/codes/Auto_post/backend/.venv/lib/python3.12/site-packages/rest_framework/views.py", line 506, in dispatch
    response = handler(request, *args, **kwargs)
               ^^^^^^^^^^^^^^^^^^^^^^^^^^^^^^^^^
  File "/home/ayooluwa/Documents/codes/Auto_post/backend/postAutomation_backend/posts/views.py", line 149, in status
    account = accounts.filter(platform=platform_code).first()
              ^^^^^^^^^^^^^^^^^^^^^^^^^^^^^^^^^^^^^^^^^^^^^^^
  File "/home/ayooluwa/Documents/codes/Auto_post/backend/.venv/lib/python3.12/site-packages/django/db/models/query.py", line 1104, in first
    for obj in queryset[:1]:
  File "/home/ayooluwa/Documents/codes/Auto_post/backend/.venv/lib/python3.12/site-packages/django/db/models/query.py", line 384, in __iter__
    self._fetch_all()
  File "/home/ayooluwa/Documents/codes/Auto_post/backend/.venv/lib/python3.12/site-packages/django/db/models/query.py", line 1949, in _fetch_all
    self._result_cache = list(self._iterable_class(self))
                         ^^^^^^^^^^^^^^^^^^^^^^^^^^^^^^^^
  File "/home/ayooluwa/Documents/codes/Auto_post/backend/.venv/lib/python3.12/site-packages/django/db/models/query.py", line 91, in __iter__
    results = compiler.execute_sql(
              ^^^^^^^^^^^^^^^^^^^^^
  File "/home/ayooluwa/Documents/codes/Auto_post/backend/.venv/lib/python3.12/site-packages/django/db/models/sql/compiler.py", line 1623, in execute_sql
    cursor.execute(sql, params)
  File "/home/ayooluwa/Documents/codes/Auto_post/backend/.venv/lib/python3.12/site-packages/django/db/backends/utils.py", line 122, in execute
    return super().execute(sql, params)
           ^^^^^^^^^^^^^^^^^^^^^^^^^^^^
  File "/home/ayooluwa/Documents/codes/Auto_post/backend/.venv/lib/python3.12/site-packages/django/db/backends/utils.py", line 79, in execute
    return self._execute_with_wrappers(
           ^^^^^^^^^^^^^^^^^^^^^^^^^^^^
  File "/home/ayooluwa/Documents/codes/Auto_post/backend/.venv/lib/python3.12/site-packages/django/db/backends/utils.py", line 92, in _execute_with_wrappers
    return executor(sql, params, many, context)
           ^^^^^^^^^^^^^^^^^^^^^^^^^^^^^^^^^^^^
  File "/home/ayooluwa/Documents/codes/Auto_post/backend/.venv/lib/python3.12/site-packages/django/db/backends/utils.py", line 100, in _execute
    with self.db.wrap_database_errors:
  File "/home/ayooluwa/Documents/codes/Auto_post/backend/.venv/lib/python3.12/site-packages/django/db/utils.py", line 91, in __exit__
    raise dj_exc_value.with_traceback(traceback) from exc_value
  File "/home/ayooluwa/Documents/codes/Auto_post/backend/.venv/lib/python3.12/site-packages/django/db/backends/utils.py", line 105, in _execute
    return self.cursor.execute(sql, params)
           ^^^^^^^^^^^^^^^^^^^^^^^^^^^^^^^^
  File "/home/ayooluwa/Documents/codes/Auto_post/backend/.venv/lib/python3.12/site-packages/django/db/backends/sqlite3/base.py", line 360, in execute
    return super().execute(query, params)
           ^^^^^^^^^^^^^^^^^^^^^^^^^^^^^^
django.db.utils.OperationalError: no such table: posts_socialaccount
ERROR 2025-12-03 19:46:29,745 log Internal Server Error: /api/social-accounts/status/
Traceback (most recent call last):
  File "/home/ayooluwa/Documents/codes/Auto_post/backend/.venv/lib/python3.12/site-packages/django/db/backends/utils.py", line 105, in _execute
    return self.cursor.execute(sql, params)
           ^^^^^^^^^^^^^^^^^^^^^^^^^^^^^^^^
  File "/home/ayooluwa/Documents/codes/Auto_post/backend/.venv/lib/python3.12/site-packages/django/db/backends/sqlite3/base.py", line 360, in execute
    return super().execute(query, params)
           ^^^^^^^^^^^^^^^^^^^^^^^^^^^^^^
sqlite3.OperationalError: no such table: posts_socialaccount

The above exception was the direct cause of the following exception:

Traceback (most recent call last):
  File "/home/ayooluwa/Documents/codes/Auto_post/backend/.venv/lib/python3.12/site-packages/django/core/handlers/exception.py", line 55, in inner
    response = get_response(request)
               ^^^^^^^^^^^^^^^^^^^^^
  File "/home/ayooluwa/Documents/codes/Auto_post/backend/.venv/lib/python3.12/site-packages/django/core/handlers/base.py", line 197, in _get_response
    response = wrapped_callback(request, *callback_args, **callback_kwargs)
               ^^^^^^^^^^^^^^^^^^^^^^^^^^^^^^^^^^^^^^^^^^^^^^^^^^^^^^^^^^^^
  File "/home/ayooluwa/Documents/codes/Auto_post/backend/.venv/lib/python3.12/site-packages/django/views/decorators/csrf.py", line 65, in _view_wrapper
    return view_func(request, *args, **kwargs)
           ^^^^^^^^^^^^^^^^^^^^^^^^^^^^^^^^^^^
  File "/home/ayooluwa/Documents/codes/Auto_post/backend/.venv/lib/python3.12/site-packages/rest_framework/viewsets.py", line 124, in view
    return self.dispatch(request, *args, **kwargs)
           ^^^^^^^^^^^^^^^^^^^^^^^^^^^^^^^^^^^^^^^
  File "/home/ayooluwa/Documents/codes/Auto_post/backend/.venv/lib/python3.12/site-packages/rest_framework/views.py", line 509, in dispatch
    response = self.handle_exception(exc)
               ^^^^^^^^^^^^^^^^^^^^^^^^^^
  File "/home/ayooluwa/Documents/codes/Auto_post/backend/.venv/lib/python3.12/site-packages/rest_framework/views.py", line 469, in handle_exception
    self.raise_uncaught_exception(exc)
  File "/home/ayooluwa/Documents/codes/Auto_post/backend/.venv/lib/python3.12/site-packages/rest_framework/views.py", line 480, in raise_uncaught_exception
    raise exc
  File "/home/ayooluwa/Documents/codes/Auto_post/backend/.venv/lib/python3.12/site-packages/rest_framework/views.py", line 506, in dispatch
    response = handler(request, *args, **kwargs)
               ^^^^^^^^^^^^^^^^^^^^^^^^^^^^^^^^^
  File "/home/ayooluwa/Documents/codes/Auto_post/backend/postAutomation_backend/posts/views.py", line 149, in status
    account = accounts.filter(platform=platform_code).first()
              ^^^^^^^^^^^^^^^^^^^^^^^^^^^^^^^^^^^^^^^^^^^^^^^
  File "/home/ayooluwa/Documents/codes/Auto_post/backend/.venv/lib/python3.12/site-packages/django/db/models/query.py", line 1104, in first
    for obj in queryset[:1]:
  File "/home/ayooluwa/Documents/codes/Auto_post/backend/.venv/lib/python3.12/site-packages/django/db/models/query.py", line 384, in __iter__
    self._fetch_all()
  File "/home/ayooluwa/Documents/codes/Auto_post/backend/.venv/lib/python3.12/site-packages/django/db/models/query.py", line 1949, in _fetch_all
    self._result_cache = list(self._iterable_class(self))
                         ^^^^^^^^^^^^^^^^^^^^^^^^^^^^^^^^
  File "/home/ayooluwa/Documents/codes/Auto_post/backend/.venv/lib/python3.12/site-packages/django/db/models/query.py", line 91, in __iter__
    results = compiler.execute_sql(
              ^^^^^^^^^^^^^^^^^^^^^
  File "/home/ayooluwa/Documents/codes/Auto_post/backend/.venv/lib/python3.12/site-packages/django/db/models/sql/compiler.py", line 1623, in execute_sql
    cursor.execute(sql, params)
  File "/home/ayooluwa/Documents/codes/Auto_post/backend/.venv/lib/python3.12/site-packages/django/db/backends/utils.py", line 122, in execute
    return super().execute(sql, params)
           ^^^^^^^^^^^^^^^^^^^^^^^^^^^^
  File "/home/ayooluwa/Documents/codes/Auto_post/backend/.venv/lib/python3.12/site-packages/django/db/backends/utils.py", line 79, in execute
    return self._execute_with_wrappers(
           ^^^^^^^^^^^^^^^^^^^^^^^^^^^^
  File "/home/ayooluwa/Documents/codes/Auto_post/backend/.venv/lib/python3.12/site-packages/django/db/backends/utils.py", line 92, in _execute_with_wrappers
    return executor(sql, params, many, context)
           ^^^^^^^^^^^^^^^^^^^^^^^^^^^^^^^^^^^^
  File "/home/ayooluwa/Documents/codes/Auto_post/backend/.venv/lib/python3.12/site-packages/django/db/backends/utils.py", line 100, in _execute
    with self.db.wrap_database_errors:
  File "/home/ayooluwa/Documents/codes/Auto_post/backend/.venv/lib/python3.12/site-packages/django/db/utils.py", line 91, in __exit__
    raise dj_exc_value.with_traceback(traceback) from exc_value
  File "/home/ayooluwa/Documents/codes/Auto_post/backend/.venv/lib/python3.12/site-packages/django/db/backends/utils.py", line 105, in _execute
    return self.cursor.execute(sql, params)
           ^^^^^^^^^^^^^^^^^^^^^^^^^^^^^^^^
  File "/home/ayooluwa/Documents/codes/Auto_post/backend/.venv/lib/python3.12/site-packages/django/db/backends/sqlite3/base.py", line 360, in execute
    return super().execute(query, params)
           ^^^^^^^^^^^^^^^^^^^^^^^^^^^^^^
django.db.utils.OperationalError: no such table: posts_socialaccount
ERROR 2025-12-03 19:46:29,753 basehttp "GET /api/social-accounts/status/ HTTP/1.1" 500 173451
ERROR 2025-12-03 19:46:29,754 basehttp "GET /api/social-accounts/status/ HTTP/1.1" 500 173451
INFO 2025-12-03 19:46:34,123 basehttp "GET /api/posts/stats/ HTTP/1.1" 200 126
INFO 2025-12-03 19:46:34,131 basehttp "GET /api/posts/stats/ HTTP/1.1" 200 126
INFO 2025-12-03 19:46:38,079 basehttp "GET /api/posts/?ordering=-scheduled_time HTTP/1.1" 200 52
INFO 2025-12-03 19:46:38,089 basehttp "GET /api/posts/?ordering=-scheduled_time HTTP/1.1" 200 52
INFO 2025-12-03 19:46:39,885 basehttp "GET /api/posts/?ordering=-scheduled_time HTTP/1.1" 200 52
INFO 2025-12-03 19:46:39,902 basehttp "GET /api/posts/?ordering=-scheduled_time HTTP/1.1" 200 52
INFO 2025-12-03 19:46:39,915 basehttp "GET /api/posts/stats/ HTTP/1.1" 200 126
INFO 2025-12-03 19:46:39,916 basehttp "GET /api/posts/stats/ HTTP/1.1" 200 126
INFO 2025-12-03 19:54:12,089 autoreload Watching for file changes with StatReloader
INFO 2025-12-03 19:54:22,206 basehttp "OPTIONS /api/auth/login/ HTTP/1.1" 200 0
INFO 2025-12-03 19:54:23,156 basehttp "POST /api/auth/login/ HTTP/1.1" 200 483
INFO 2025-12-03 19:54:23,207 basehttp "OPTIONS /api/auth/profile/ HTTP/1.1" 200 0
INFO 2025-12-03 19:54:23,255 basehttp "GET /api/auth/profile/ HTTP/1.1" 200 137
INFO 2025-12-03 19:54:23,375 basehttp "GET /api/posts/?ordering=-scheduled_time HTTP/1.1" 200 52
INFO 2025-12-03 19:54:23,390 basehttp "GET /api/posts/?ordering=-scheduled_time HTTP/1.1" 200 52
INFO 2025-12-03 19:54:23,394 basehttp "GET /api/posts/stats/ HTTP/1.1" 200 126
INFO 2025-12-03 19:54:23,396 basehttp "GET /api/posts/stats/ HTTP/1.1" 200 126
ERROR 2025-12-03 20:27:59,962 log Internal Server Error: /api/social-accounts/status/
Traceback (most recent call last):
  File "/home/ayooluwa/Documents/codes/Auto_post/backend/.venv/lib/python3.12/site-packages/django/db/backends/utils.py", line 105, in _execute
    return self.cursor.execute(sql, params)
           ^^^^^^^^^^^^^^^^^^^^^^^^^^^^^^^^
  File "/home/ayooluwa/Documents/codes/Auto_post/backend/.venv/lib/python3.12/site-packages/django/db/backends/sqlite3/base.py", line 360, in execute
    return super().execute(query, params)
           ^^^^^^^^^^^^^^^^^^^^^^^^^^^^^^
sqlite3.OperationalError: no such table: posts_socialaccount

The above exception was the direct cause of the following exception:

Traceback (most recent call last):
  File "/home/ayooluwa/Documents/codes/Auto_post/backend/.venv/lib/python3.12/site-packages/django/core/handlers/exception.py", line 55, in inner
    response = get_response(request)
               ^^^^^^^^^^^^^^^^^^^^^
  File "/home/ayooluwa/Documents/codes/Auto_post/backend/.venv/lib/python3.12/site-packages/django/core/handlers/base.py", line 197, in _get_response
    response = wrapped_callback(request, *callback_args, **callback_kwargs)
               ^^^^^^^^^^^^^^^^^^^^^^^^^^^^^^^^^^^^^^^^^^^^^^^^^^^^^^^^^^^^
  File "/home/ayooluwa/Documents/codes/Auto_post/backend/.venv/lib/python3.12/site-packages/django/views/decorators/csrf.py", line 65, in _view_wrapper
    return view_func(request, *args, **kwargs)
           ^^^^^^^^^^^^^^^^^^^^^^^^^^^^^^^^^^^
  File "/home/ayooluwa/Documents/codes/Auto_post/backend/.venv/lib/python3.12/site-packages/rest_framework/viewsets.py", line 124, in view
    return self.dispatch(request, *args, **kwargs)
           ^^^^^^^^^^^^^^^^^^^^^^^^^^^^^^^^^^^^^^^
  File "/home/ayooluwa/Documents/codes/Auto_post/backend/.venv/lib/python3.12/site-packages/rest_framework/views.py", line 509, in dispatch
    response = self.handle_exception(exc)
               ^^^^^^^^^^^^^^^^^^^^^^^^^^
  File "/home/ayooluwa/Documents/codes/Auto_post/backend/.venv/lib/python3.12/site-packages/rest_framework/views.py", line 469, in handle_exception
    self.raise_uncaught_exception(exc)
  File "/home/ayooluwa/Documents/codes/Auto_post/backend/.venv/lib/python3.12/site-packages/rest_framework/views.py", line 480, in raise_uncaught_exception
    raise exc
  File "/home/ayooluwa/Documents/codes/Auto_post/backend/.venv/lib/python3.12/site-packages/rest_framework/views.py", line 506, in dispatch
    response = handler(request, *args, **kwargs)
               ^^^^^^^^^^^^^^^^^^^^^^^^^^^^^^^^^
  File "/home/ayooluwa/Documents/codes/Auto_post/backend/postAutomation_backend/posts/views.py", line 149, in status
    account = accounts.filter(platform=platform_code).first()
              ^^^^^^^^^^^^^^^^^^^^^^^^^^^^^^^^^^^^^^^^^^^^^^^
  File "/home/ayooluwa/Documents/codes/Auto_post/backend/.venv/lib/python3.12/site-packages/django/db/models/query.py", line 1104, in first
    for obj in queryset[:1]:
  File "/home/ayooluwa/Documents/codes/Auto_post/backend/.venv/lib/python3.12/site-packages/django/db/models/query.py", line 384, in __iter__
    self._fetch_all()
  File "/home/ayooluwa/Documents/codes/Auto_post/backend/.venv/lib/python3.12/site-packages/django/db/models/query.py", line 1949, in _fetch_all
    self._result_cache = list(self._iterable_class(self))
                         ^^^^^^^^^^^^^^^^^^^^^^^^^^^^^^^^
  File "/home/ayooluwa/Documents/codes/Auto_post/backend/.venv/lib/python3.12/site-packages/django/db/models/query.py", line 91, in __iter__
    results = compiler.execute_sql(
              ^^^^^^^^^^^^^^^^^^^^^
  File "/home/ayooluwa/Documents/codes/Auto_post/backend/.venv/lib/python3.12/site-packages/django/db/models/sql/compiler.py", line 1623, in execute_sql
    cursor.execute(sql, params)
  File "/home/ayooluwa/Documents/codes/Auto_post/backend/.venv/lib/python3.12/site-packages/django/db/backends/utils.py", line 122, in execute
    return super().execute(sql, params)
           ^^^^^^^^^^^^^^^^^^^^^^^^^^^^
  File "/home/ayooluwa/Documents/codes/Auto_post/backend/.venv/lib/python3.12/site-packages/django/db/backends/utils.py", line 79, in execute
    return self._execute_with_wrappers(
           ^^^^^^^^^^^^^^^^^^^^^^^^^^^^
  File "/home/ayooluwa/Documents/codes/Auto_post/backend/.venv/lib/python3.12/site-packages/django/db/backends/utils.py", line 92, in _execute_with_wrappers
    return executor(sql, params, many, context)
           ^^^^^^^^^^^^^^^^^^^^^^^^^^^^^^^^^^^^
  File "/home/ayooluwa/Documents/codes/Auto_post/backend/.venv/lib/python3.12/site-packages/django/db/backends/utils.py", line 100, in _execute
    with self.db.wrap_database_errors:
  File "/home/ayooluwa/Documents/codes/Auto_post/backend/.venv/lib/python3.12/site-packages/django/db/utils.py", line 91, in __exit__
    raise dj_exc_value.with_traceback(traceback) from exc_value
  File "/home/ayooluwa/Documents/codes/Auto_post/backend/.venv/lib/python3.12/site-packages/django/db/backends/utils.py", line 105, in _execute
    return self.cursor.execute(sql, params)
           ^^^^^^^^^^^^^^^^^^^^^^^^^^^^^^^^
  File "/home/ayooluwa/Documents/codes/Auto_post/backend/.venv/lib/python3.12/site-packages/django/db/backends/sqlite3/base.py", line 360, in execute
    return super().execute(query, params)
           ^^^^^^^^^^^^^^^^^^^^^^^^^^^^^^
django.db.utils.OperationalError: no such table: posts_socialaccount
ERROR 2025-12-03 20:27:59,963 log Internal Server Error: /api/social-accounts/status/
Traceback (most recent call last):
  File "/home/ayooluwa/Documents/codes/Auto_post/backend/.venv/lib/python3.12/site-packages/django/db/backends/utils.py", line 105, in _execute
    return self.cursor.execute(sql, params)
           ^^^^^^^^^^^^^^^^^^^^^^^^^^^^^^^^
  File "/home/ayooluwa/Documents/codes/Auto_post/backend/.venv/lib/python3.12/site-packages/django/db/backends/sqlite3/base.py", line 360, in execute
    return super().execute(query, params)
           ^^^^^^^^^^^^^^^^^^^^^^^^^^^^^^
sqlite3.OperationalError: no such table: posts_socialaccount

The above exception was the direct cause of the following exception:

Traceback (most recent call last):
  File "/home/ayooluwa/Documents/codes/Auto_post/backend/.venv/lib/python3.12/site-packages/django/core/handlers/exception.py", line 55, in inner
    response = get_response(request)
               ^^^^^^^^^^^^^^^^^^^^^
  File "/home/ayooluwa/Documents/codes/Auto_post/backend/.venv/lib/python3.12/site-packages/django/core/handlers/base.py", line 197, in _get_response
    response = wrapped_callback(request, *callback_args, **callback_kwargs)
               ^^^^^^^^^^^^^^^^^^^^^^^^^^^^^^^^^^^^^^^^^^^^^^^^^^^^^^^^^^^^
  File "/home/ayooluwa/Documents/codes/Auto_post/backend/.venv/lib/python3.12/site-packages/django/views/decorators/csrf.py", line 65, in _view_wrapper
    return view_func(request, *args, **kwargs)
           ^^^^^^^^^^^^^^^^^^^^^^^^^^^^^^^^^^^
  File "/home/ayooluwa/Documents/codes/Auto_post/backend/.venv/lib/python3.12/site-packages/rest_framework/viewsets.py", line 124, in view
    return self.dispatch(request, *args, **kwargs)
           ^^^^^^^^^^^^^^^^^^^^^^^^^^^^^^^^^^^^^^^
  File "/home/ayooluwa/Documents/codes/Auto_post/backend/.venv/lib/python3.12/site-packages/rest_framework/views.py", line 509, in dispatch
    response = self.handle_exception(exc)
               ^^^^^^^^^^^^^^^^^^^^^^^^^^
  File "/home/ayooluwa/Documents/codes/Auto_post/backend/.venv/lib/python3.12/site-packages/rest_framework/views.py", line 469, in handle_exception
    self.raise_uncaught_exception(exc)
  File "/home/ayooluwa/Documents/codes/Auto_post/backend/.venv/lib/python3.12/site-packages/rest_framework/views.py", line 480, in raise_uncaught_exception
    raise exc
  File "/home/ayooluwa/Documents/codes/Auto_post/backend/.venv/lib/python3.12/site-packages/rest_framework/views.py", line 506, in dispatch
    response = handler(request, *args, **kwargs)
               ^^^^^^^^^^^^^^^^^^^^^^^^^^^^^^^^^
  File "/home/ayooluwa/Documents/codes/Auto_post/backend/postAutomation_backend/posts/views.py", line 149, in status
    account = accounts.filter(platform=platform_code).first()
              ^^^^^^^^^^^^^^^^^^^^^^^^^^^^^^^^^^^^^^^^^^^^^^^
  File "/home/ayooluwa/Documents/codes/Auto_post/backend/.venv/lib/python3.12/site-packages/django/db/models/query.py", line 1104, in first
    for obj in queryset[:1]:
  File "/home/ayooluwa/Documents/codes/Auto_post/backend/.venv/lib/python3.12/site-packages/django/db/models/query.py", line 384, in __iter__
    self._fetch_all()
  File "/home/ayooluwa/Documents/codes/Auto_post/backend/.venv/lib/python3.12/site-packages/django/db/models/query.py", line 1949, in _fetch_all
    self._result_cache = list(self._iterable_class(self))
                         ^^^^^^^^^^^^^^^^^^^^^^^^^^^^^^^^
  File "/home/ayooluwa/Documents/codes/Auto_post/backend/.venv/lib/python3.12/site-packages/django/db/models/query.py", line 91, in __iter__
    results = compiler.execute_sql(
              ^^^^^^^^^^^^^^^^^^^^^
  File "/home/ayooluwa/Documents/codes/Auto_post/backend/.venv/lib/python3.12/site-packages/django/db/models/sql/compiler.py", line 1623, in execute_sql
    cursor.execute(sql, params)
  File "/home/ayooluwa/Documents/codes/Auto_post/backend/.venv/lib/python3.12/site-packages/django/db/backends/utils.py", line 122, in execute
    return super().execute(sql, params)
           ^^^^^^^^^^^^^^^^^^^^^^^^^^^^
  File "/home/ayooluwa/Documents/codes/Auto_post/backend/.venv/lib/python3.12/site-packages/django/db/backends/utils.py", line 79, in execute
    return self._execute_with_wrappers(
           ^^^^^^^^^^^^^^^^^^^^^^^^^^^^
  File "/home/ayooluwa/Documents/codes/Auto_post/backend/.venv/lib/python3.12/site-packages/django/db/backends/utils.py", line 92, in _execute_with_wrappers
    return executor(sql, params, many, context)
           ^^^^^^^^^^^^^^^^^^^^^^^^^^^^^^^^^^^^
  File "/home/ayooluwa/Documents/codes/Auto_post/backend/.venv/lib/python3.12/site-packages/django/db/backends/utils.py", line 100, in _execute
    with self.db.wrap_database_errors:
  File "/home/ayooluwa/Documents/codes/Auto_post/backend/.venv/lib/python3.12/site-packages/django/db/utils.py", line 91, in __exit__
    raise dj_exc_value.with_traceback(traceback) from exc_value
  File "/home/ayooluwa/Documents/codes/Auto_post/backend/.venv/lib/python3.12/site-packages/django/db/backends/utils.py", line 105, in _execute
    return self.cursor.execute(sql, params)
           ^^^^^^^^^^^^^^^^^^^^^^^^^^^^^^^^
  File "/home/ayooluwa/Documents/codes/Auto_post/backend/.venv/lib/python3.12/site-packages/django/db/backends/sqlite3/base.py", line 360, in execute
    return super().execute(query, params)
           ^^^^^^^^^^^^^^^^^^^^^^^^^^^^^^
django.db.utils.OperationalError: no such table: posts_socialaccount
ERROR 2025-12-03 20:27:59,974 basehttp "GET /api/social-accounts/status/ HTTP/1.1" 500 173451
ERROR 2025-12-03 20:27:59,970 basehttp "GET /api/social-accounts/status/ HTTP/1.1" 500 173451
INFO 2025-12-03 20:28:06,332 basehttp "GET /api/posts/stats/ HTTP/1.1" 200 126
INFO 2025-12-03 20:28:06,334 basehttp "GET /api/posts/stats/ HTTP/1.1" 200 126
INFO 2025-12-03 20:28:06,348 basehttp "GET /api/posts/?ordering=-scheduled_time HTTP/1.1" 200 52
INFO 2025-12-03 20:28:06,402 basehttp "GET /api/posts/?ordering=-scheduled_time HTTP/1.1" 200 52
INFO 2025-12-03 20:28:07,435 basehttp "GET /api/posts/?ordering=-scheduled_time HTTP/1.1" 200 52
INFO 2025-12-03 20:28:07,440 basehttp "GET /api/posts/?ordering=-scheduled_time HTTP/1.1" 200 52
INFO 2025-12-03 20:28:22,334 basehttp "GET /api/posts/?ordering=-scheduled_time HTTP/1.1" 200 52
INFO 2025-12-03 20:28:22,375 basehttp "GET /api/posts/?ordering=-scheduled_time HTTP/1.1" 200 52
INFO 2025-12-03 20:28:22,376 basehttp "GET /api/posts/stats/ HTTP/1.1" 200 126
INFO 2025-12-03 20:28:22,381 basehttp "GET /api/posts/stats/ HTTP/1.1" 200 126
INFO 2025-12-03 20:28:51,456 basehttp "GET /api/posts/?ordering=-scheduled_time HTTP/1.1" 200 52
INFO 2025-12-03 20:28:51,463 basehttp "GET /api/posts/?ordering=-scheduled_time HTTP/1.1" 200 52
INFO 2025-12-03 20:29:13,663 basehttp "GET /api/posts/?ordering=-scheduled_time HTTP/1.1" 200 52
INFO 2025-12-03 20:29:13,666 basehttp "GET /api/posts/?ordering=-scheduled_time HTTP/1.1" 200 52
INFO 2025-12-03 20:50:10,923 autoreload Watching for file changes with StatReloader
INFO 2025-12-03 20:50:14,567 basehttp "GET /api/auth/profile/ HTTP/1.1" 200 137
INFO 2025-12-03 20:50:14,575 basehttp "GET /api/auth/profile/ HTTP/1.1" 200 137
INFO 2025-12-03 20:50:14,746 basehttp "GET /api/posts/?ordering=-scheduled_time HTTP/1.1" 200 52
INFO 2025-12-03 20:50:14,770 basehttp "GET /api/posts/?ordering=-scheduled_time HTTP/1.1" 200 52
INFO 2025-12-03 20:50:14,777 basehttp "GET /api/posts/stats/ HTTP/1.1" 200 126
INFO 2025-12-03 20:50:14,778 basehttp "GET /api/posts/stats/ HTTP/1.1" 200 126
INFO 2025-12-03 20:50:17,316 basehttp "GET /api/posts/stats/ HTTP/1.1" 200 126
INFO 2025-12-03 20:50:17,325 basehttp "GET /api/posts/stats/ HTTP/1.1" 200 126
ERROR 2025-12-03 20:50:23,525 log Internal Server Error: /api/social-accounts/status/
Traceback (most recent call last):
  File "/home/ayooluwa/Documents/codes/Auto_post/backend/.venv/lib/python3.12/site-packages/django/db/backends/utils.py", line 105, in _execute
    return self.cursor.execute(sql, params)
           ^^^^^^^^^^^^^^^^^^^^^^^^^^^^^^^^
  File "/home/ayooluwa/Documents/codes/Auto_post/backend/.venv/lib/python3.12/site-packages/django/db/backends/sqlite3/base.py", line 360, in execute
    return super().execute(query, params)
           ^^^^^^^^^^^^^^^^^^^^^^^^^^^^^^
sqlite3.OperationalError: no such table: posts_socialaccount

The above exception was the direct cause of the following exception:

Traceback (most recent call last):
  File "/home/ayooluwa/Documents/codes/Auto_post/backend/.venv/lib/python3.12/site-packages/django/core/handlers/exception.py", line 55, in inner
    response = get_response(request)
               ^^^^^^^^^^^^^^^^^^^^^
  File "/home/ayooluwa/Documents/codes/Auto_post/backend/.venv/lib/python3.12/site-packages/django/core/handlers/base.py", line 197, in _get_response
    response = wrapped_callback(request, *callback_args, **callback_kwargs)
               ^^^^^^^^^^^^^^^^^^^^^^^^^^^^^^^^^^^^^^^^^^^^^^^^^^^^^^^^^^^^
  File "/home/ayooluwa/Documents/codes/Auto_post/backend/.venv/lib/python3.12/site-packages/django/views/decorators/csrf.py", line 65, in _view_wrapper
    return view_func(request, *args, **kwargs)
           ^^^^^^^^^^^^^^^^^^^^^^^^^^^^^^^^^^^
  File "/home/ayooluwa/Documents/codes/Auto_post/backend/.venv/lib/python3.12/site-packages/rest_framework/viewsets.py", line 124, in view
    return self.dispatch(request, *args, **kwargs)
           ^^^^^^^^^^^^^^^^^^^^^^^^^^^^^^^^^^^^^^^
  File "/home/ayooluwa/Documents/codes/Auto_post/backend/.venv/lib/python3.12/site-packages/rest_framework/views.py", line 509, in dispatch
    response = self.handle_exception(exc)
               ^^^^^^^^^^^^^^^^^^^^^^^^^^
  File "/home/ayooluwa/Documents/codes/Auto_post/backend/.venv/lib/python3.12/site-packages/rest_framework/views.py", line 469, in handle_exception
    self.raise_uncaught_exception(exc)
  File "/home/ayooluwa/Documents/codes/Auto_post/backend/.venv/lib/python3.12/site-packages/rest_framework/views.py", line 480, in raise_uncaught_exception
    raise exc
  File "/home/ayooluwa/Documents/codes/Auto_post/backend/.venv/lib/python3.12/site-packages/rest_framework/views.py", line 506, in dispatch
    response = handler(request, *args, **kwargs)
               ^^^^^^^^^^^^^^^^^^^^^^^^^^^^^^^^^
  File "/home/ayooluwa/Documents/codes/Auto_post/backend/postAutomation_backend/posts/views.py", line 149, in status
    account = accounts.filter(platform=platform_code).first()
              ^^^^^^^^^^^^^^^^^^^^^^^^^^^^^^^^^^^^^^^^^^^^^^^
  File "/home/ayooluwa/Documents/codes/Auto_post/backend/.venv/lib/python3.12/site-packages/django/db/models/query.py", line 1104, in first
    for obj in queryset[:1]:
  File "/home/ayooluwa/Documents/codes/Auto_post/backend/.venv/lib/python3.12/site-packages/django/db/models/query.py", line 384, in __iter__
    self._fetch_all()
  File "/home/ayooluwa/Documents/codes/Auto_post/backend/.venv/lib/python3.12/site-packages/django/db/models/query.py", line 1949, in _fetch_all
    self._result_cache = list(self._iterable_class(self))
                         ^^^^^^^^^^^^^^^^^^^^^^^^^^^^^^^^
  File "/home/ayooluwa/Documents/codes/Auto_post/backend/.venv/lib/python3.12/site-packages/django/db/models/query.py", line 91, in __iter__
    results = compiler.execute_sql(
              ^^^^^^^^^^^^^^^^^^^^^
  File "/home/ayooluwa/Documents/codes/Auto_post/backend/.venv/lib/python3.12/site-packages/django/db/models/sql/compiler.py", line 1623, in execute_sql
    cursor.execute(sql, params)
  File "/home/ayooluwa/Documents/codes/Auto_post/backend/.venv/lib/python3.12/site-packages/django/db/backends/utils.py", line 122, in execute
    return super().execute(sql, params)
           ^^^^^^^^^^^^^^^^^^^^^^^^^^^^
  File "/home/ayooluwa/Documents/codes/Auto_post/backend/.venv/lib/python3.12/site-packages/django/db/backends/utils.py", line 79, in execute
    return self._execute_with_wrappers(
           ^^^^^^^^^^^^^^^^^^^^^^^^^^^^
  File "/home/ayooluwa/Documents/codes/Auto_post/backend/.venv/lib/python3.12/site-packages/django/db/backends/utils.py", line 92, in _execute_with_wrappers
    return executor(sql, params, many, context)
           ^^^^^^^^^^^^^^^^^^^^^^^^^^^^^^^^^^^^
  File "/home/ayooluwa/Documents/codes/Auto_post/backend/.venv/lib/python3.12/site-packages/django/db/backends/utils.py", line 100, in _execute
    with self.db.wrap_database_errors:
  File "/home/ayooluwa/Documents/codes/Auto_post/backend/.venv/lib/python3.12/site-packages/django/db/utils.py", line 91, in __exit__
    raise dj_exc_value.with_traceback(traceback) from exc_value
  File "/home/ayooluwa/Documents/codes/Auto_post/backend/.venv/lib/python3.12/site-packages/django/db/backends/utils.py", line 105, in _execute
    return self.cursor.execute(sql, params)
           ^^^^^^^^^^^^^^^^^^^^^^^^^^^^^^^^
  File "/home/ayooluwa/Documents/codes/Auto_post/backend/.venv/lib/python3.12/site-packages/django/db/backends/sqlite3/base.py", line 360, in execute
    return super().execute(query, params)
           ^^^^^^^^^^^^^^^^^^^^^^^^^^^^^^
django.db.utils.OperationalError: no such table: posts_socialaccount
ERROR 2025-12-03 20:50:23,526 log Internal Server Error: /api/social-accounts/status/
Traceback (most recent call last):
  File "/home/ayooluwa/Documents/codes/Auto_post/backend/.venv/lib/python3.12/site-packages/django/db/backends/utils.py", line 105, in _execute
    return self.cursor.execute(sql, params)
           ^^^^^^^^^^^^^^^^^^^^^^^^^^^^^^^^
  File "/home/ayooluwa/Documents/codes/Auto_post/backend/.venv/lib/python3.12/site-packages/django/db/backends/sqlite3/base.py", line 360, in execute
    return super().execute(query, params)
           ^^^^^^^^^^^^^^^^^^^^^^^^^^^^^^
sqlite3.OperationalError: no such table: posts_socialaccount

The above exception was the direct cause of the following exception:

Traceback (most recent call last):
  File "/home/ayooluwa/Documents/codes/Auto_post/backend/.venv/lib/python3.12/site-packages/django/core/handlers/exception.py", line 55, in inner
    response = get_response(request)
               ^^^^^^^^^^^^^^^^^^^^^
  File "/home/ayooluwa/Documents/codes/Auto_post/backend/.venv/lib/python3.12/site-packages/django/core/handlers/base.py", line 197, in _get_response
    response = wrapped_callback(request, *callback_args, **callback_kwargs)
               ^^^^^^^^^^^^^^^^^^^^^^^^^^^^^^^^^^^^^^^^^^^^^^^^^^^^^^^^^^^^
  File "/home/ayooluwa/Documents/codes/Auto_post/backend/.venv/lib/python3.12/site-packages/django/views/decorators/csrf.py", line 65, in _view_wrapper
    return view_func(request, *args, **kwargs)
           ^^^^^^^^^^^^^^^^^^^^^^^^^^^^^^^^^^^
  File "/home/ayooluwa/Documents/codes/Auto_post/backend/.venv/lib/python3.12/site-packages/rest_framework/viewsets.py", line 124, in view
    return self.dispatch(request, *args, **kwargs)
           ^^^^^^^^^^^^^^^^^^^^^^^^^^^^^^^^^^^^^^^
  File "/home/ayooluwa/Documents/codes/Auto_post/backend/.venv/lib/python3.12/site-packages/rest_framework/views.py", line 509, in dispatch
    response = self.handle_exception(exc)
               ^^^^^^^^^^^^^^^^^^^^^^^^^^
  File "/home/ayooluwa/Documents/codes/Auto_post/backend/.venv/lib/python3.12/site-packages/rest_framework/views.py", line 469, in handle_exception
    self.raise_uncaught_exception(exc)
  File "/home/ayooluwa/Documents/codes/Auto_post/backend/.venv/lib/python3.12/site-packages/rest_framework/views.py", line 480, in raise_uncaught_exception
    raise exc
  File "/home/ayooluwa/Documents/codes/Auto_post/backend/.venv/lib/python3.12/site-packages/rest_framework/views.py", line 506, in dispatch
    response = handler(request, *args, **kwargs)
               ^^^^^^^^^^^^^^^^^^^^^^^^^^^^^^^^^
  File "/home/ayooluwa/Documents/codes/Auto_post/backend/postAutomation_backend/posts/views.py", line 149, in status
    account = accounts.filter(platform=platform_code).first()
              ^^^^^^^^^^^^^^^^^^^^^^^^^^^^^^^^^^^^^^^^^^^^^^^
  File "/home/ayooluwa/Documents/codes/Auto_post/backend/.venv/lib/python3.12/site-packages/django/db/models/query.py", line 1104, in first
    for obj in queryset[:1]:
  File "/home/ayooluwa/Documents/codes/Auto_post/backend/.venv/lib/python3.12/site-packages/django/db/models/query.py", line 384, in __iter__
    self._fetch_all()
  File "/home/ayooluwa/Documents/codes/Auto_post/backend/.venv/lib/python3.12/site-packages/django/db/models/query.py", line 1949, in _fetch_all
    self._result_cache = list(self._iterable_class(self))
                         ^^^^^^^^^^^^^^^^^^^^^^^^^^^^^^^^
  File "/home/ayooluwa/Documents/codes/Auto_post/backend/.venv/lib/python3.12/site-packages/django/db/models/query.py", line 91, in __iter__
    results = compiler.execute_sql(
              ^^^^^^^^^^^^^^^^^^^^^
  File "/home/ayooluwa/Documents/codes/Auto_post/backend/.venv/lib/python3.12/site-packages/django/db/models/sql/compiler.py", line 1623, in execute_sql
    cursor.execute(sql, params)
  File "/home/ayooluwa/Documents/codes/Auto_post/backend/.venv/lib/python3.12/site-packages/django/db/backends/utils.py", line 122, in execute
    return super().execute(sql, params)
           ^^^^^^^^^^^^^^^^^^^^^^^^^^^^
  File "/home/ayooluwa/Documents/codes/Auto_post/backend/.venv/lib/python3.12/site-packages/django/db/backends/utils.py", line 79, in execute
    return self._execute_with_wrappers(
           ^^^^^^^^^^^^^^^^^^^^^^^^^^^^
  File "/home/ayooluwa/Documents/codes/Auto_post/backend/.venv/lib/python3.12/site-packages/django/db/backends/utils.py", line 92, in _execute_with_wrappers
    return executor(sql, params, many, context)
           ^^^^^^^^^^^^^^^^^^^^^^^^^^^^^^^^^^^^
  File "/home/ayooluwa/Documents/codes/Auto_post/backend/.venv/lib/python3.12/site-packages/django/db/backends/utils.py", line 100, in _execute
    with self.db.wrap_database_errors:
  File "/home/ayooluwa/Documents/codes/Auto_post/backend/.venv/lib/python3.12/site-packages/django/db/utils.py", line 91, in __exit__
    raise dj_exc_value.with_traceback(traceback) from exc_value
  File "/home/ayooluwa/Documents/codes/Auto_post/backend/.venv/lib/python3.12/site-packages/django/db/backends/utils.py", line 105, in _execute
    return self.cursor.execute(sql, params)
           ^^^^^^^^^^^^^^^^^^^^^^^^^^^^^^^^
  File "/home/ayooluwa/Documents/codes/Auto_post/backend/.venv/lib/python3.12/site-packages/django/db/backends/sqlite3/base.py", line 360, in execute
    return super().execute(query, params)
           ^^^^^^^^^^^^^^^^^^^^^^^^^^^^^^
django.db.utils.OperationalError: no such table: posts_socialaccount
ERROR 2025-12-03 20:50:23,535 basehttp "GET /api/social-accounts/status/ HTTP/1.1" 500 173451
ERROR 2025-12-03 20:50:23,536 basehttp "GET /api/social-accounts/status/ HTTP/1.1" 500 173451
INFO 2025-12-03 20:50:27,406 basehttp "GET /api/posts/?ordering=-scheduled_time HTTP/1.1" 200 52
INFO 2025-12-03 20:50:27,406 basehttp "GET /api/posts/?ordering=-scheduled_time HTTP/1.1" 200 52
INFO 2025-12-03 20:50:28,420 basehttp "GET /api/posts/?ordering=-scheduled_time HTTP/1.1" 200 52
INFO 2025-12-03 20:50:28,430 basehttp "GET /api/posts/?ordering=-scheduled_time HTTP/1.1" 200 52
INFO 2025-12-03 20:50:28,431 basehttp "GET /api/posts/stats/ HTTP/1.1" 200 126
INFO 2025-12-03 20:50:28,440 basehttp "GET /api/posts/stats/ HTTP/1.1" 200 126
INFO 2025-12-03 20:51:16,097 basehttp "GET /api/posts/?ordering=-scheduled_time HTTP/1.1" 200 52
INFO 2025-12-03 20:51:16,105 basehttp "GET /api/posts/?ordering=-scheduled_time HTTP/1.1" 200 52
INFO 2025-12-03 20:51:22,104 basehttp "OPTIONS /api/posts/?ordering=-scheduled_time&platform=instagram HTTP/1.1" 200 0
INFO 2025-12-03 20:51:22,113 basehttp "GET /api/posts/?ordering=-scheduled_time&platform=instagram HTTP/1.1" 200 52
INFO 2025-12-03 20:51:24,492 basehttp "GET /api/posts/?ordering=-scheduled_time HTTP/1.1" 200 52
INFO 2025-12-03 20:51:25,862 basehttp "GET /api/posts/?ordering=-scheduled_time HTTP/1.1" 200 52
INFO 2025-12-03 20:51:25,868 basehttp "GET /api/posts/?ordering=-scheduled_time HTTP/1.1" 200 52
INFO 2025-12-03 20:51:25,883 basehttp "GET /api/posts/stats/ HTTP/1.1" 200 126
INFO 2025-12-03 20:51:25,884 basehttp "GET /api/posts/stats/ HTTP/1.1" 200 126
INFO 2025-12-03 22:09:37,229 basehttp "GET /swagger/ HTTP/1.1" 200 2166
INFO 2025-12-03 22:09:37,641 basehttp "GET /static/drf-yasg/immutable.min.js HTTP/1.1" 304 0
INFO 2025-12-03 22:09:37,642 basehttp "GET /static/drf-yasg/insQ.min.js HTTP/1.1" 304 0
INFO 2025-12-03 22:09:37,655 basehttp "GET /static/drf-yasg/swagger-ui-init.js HTTP/1.1" 304 0
INFO 2025-12-03 22:09:37,671 basehttp "GET /static/drf-yasg/swagger-ui-dist/swagger-ui-standalone-preset.js HTTP/1.1" 304 0
INFO 2025-12-03 22:09:37,672 basehttp "GET /static/drf-yasg/swagger-ui-dist/swagger-ui-bundle.js HTTP/1.1" 304 0
INFO 2025-12-03 22:09:37,708 basehttp "GET /static/drf-yasg/style.css HTTP/1.1" 200 1047
INFO 2025-12-03 22:09:37,790 basehttp "GET /static/drf-yasg/swagger-ui-dist/swagger-ui.css HTTP/1.1" 200 145206
INFO 2025-12-03 22:09:38,189 basehttp "GET /swagger/?format=openapi HTTP/1.1" 200 16871
INFO 2025-12-03 22:09:59,378 basehttp "OPTIONS /api/auth/profile/ HTTP/1.1" 200 0
INFO 2025-12-03 22:09:59,380 basehttp "OPTIONS /api/auth/profile/ HTTP/1.1" 200 0
WARNING 2025-12-03 22:09:59,383 log Unauthorized: /api/auth/profile/
WARNING 2025-12-03 22:09:59,384 basehttp "GET /api/auth/profile/ HTTP/1.1" 401 183
INFO 2025-12-03 22:09:59,398 basehttp "OPTIONS /api/auth/token/refresh/ HTTP/1.1" 200 0
WARNING 2025-12-03 22:09:59,423 log Unauthorized: /api/auth/profile/
WARNING 2025-12-03 22:09:59,423 basehttp "GET /api/auth/profile/ HTTP/1.1" 401 183
INFO 2025-12-03 22:09:59,442 basehttp "POST /api/auth/token/refresh/ HTTP/1.1" 200 483
INFO 2025-12-03 22:09:59,476 basehttp "POST /api/auth/token/refresh/ HTTP/1.1" 200 483
INFO 2025-12-03 22:09:59,497 basehttp "GET /api/auth/profile/ HTTP/1.1" 200 137
INFO 2025-12-03 22:09:59,527 basehttp "GET /api/auth/profile/ HTTP/1.1" 200 137
INFO 2025-12-03 22:09:59,590 basehttp "OPTIONS /api/posts/stats/ HTTP/1.1" 200 0
INFO 2025-12-03 22:09:59,594 basehttp "OPTIONS /api/posts/?ordering=-scheduled_time HTTP/1.1" 200 0
INFO 2025-12-03 22:09:59,595 basehttp "OPTIONS /api/posts/stats/ HTTP/1.1" 200 0
INFO 2025-12-03 22:09:59,597 basehttp "OPTIONS /api/posts/?ordering=-scheduled_time HTTP/1.1" 200 0
INFO 2025-12-03 22:09:59,619 basehttp "GET /api/posts/?ordering=-scheduled_time HTTP/1.1" 200 52
INFO 2025-12-03 22:09:59,624 basehttp "GET /api/posts/stats/ HTTP/1.1" 200 126
INFO 2025-12-03 22:09:59,646 basehttp "GET /api/posts/?ordering=-scheduled_time HTTP/1.1" 200 52
INFO 2025-12-03 22:09:59,652 basehttp "GET /api/posts/stats/ HTTP/1.1" 200 126
INFO 2025-12-10 21:01:55,974 autoreload Watching for file changes with StatReloader
INFO 2025-12-10 21:09:46,293 basehttp "GET /swagger/?format=openapi HTTP/1.1" 200 16871
WARNING 2025-12-10 21:11:38,402 log Unauthorized: /api/oauth/callback/twitter/
WARNING 2025-12-10 21:11:38,403 basehttp "GET /api/oauth/callback/twitter/ HTTP/1.1" 401 5263
INFO 2025-12-10 21:11:38,543 basehttp "GET /static/rest_framework/css/default.css HTTP/1.1" 200 1152
INFO 2025-12-10 21:11:38,544 basehttp "GET /static/rest_framework/css/prettify.css HTTP/1.1" 200 817
INFO 2025-12-10 21:11:38,545 basehttp "GET /static/rest_framework/css/bootstrap-tweaks.css HTTP/1.1" 200 3426
INFO 2025-12-10 21:11:38,553 basehttp "GET /static/rest_framework/js/ajax-form.js HTTP/1.1" 200 3796
INFO 2025-12-10 21:11:38,633 basehttp "GET /static/rest_framework/js/jquery-3.7.1.min.js HTTP/1.1" 200 87533
INFO 2025-12-10 21:11:38,646 basehttp "GET /static/rest_framework/js/csrf.js HTTP/1.1" 200 1793
INFO 2025-12-10 21:11:38,648 basehttp "GET /static/rest_framework/js/default.js HTTP/1.1" 200 1268
INFO 2025-12-10 21:11:38,650 basehttp "GET /static/rest_framework/js/prettify-min.js HTTP/1.1" 200 13632
INFO 2025-12-10 21:11:38,678 basehttp "GET /static/rest_framework/js/load-ajax-form.js HTTP/1.1" 200 59
INFO 2025-12-10 21:11:38,679 basehttp "GET /static/rest_framework/js/bootstrap.min.js HTTP/1.1" 200 39680
INFO 2025-12-10 21:11:38,707 basehttp "GET /static/rest_framework/css/bootstrap.min.css HTTP/1.1" 200 121457
INFO 2025-12-10 21:11:38,754 basehttp "GET /static/rest_framework/img/grid.png HTTP/1.1" 200 1458
WARNING 2025-12-10 21:11:39,014 log Not Found: /favicon.ico
WARNING 2025-12-10 21:11:39,014 basehttp "GET /favicon.ico HTTP/1.1" 404 4221
INFO 2025-12-13 11:11:16,154 autoreload Watching for file changes with StatReloader
INFO 2025-12-13 11:12:25,651 autoreload Watching for file changes with StatReloader
INFO 2025-12-13 11:12:31,449 basehttp "GET /swagger/ HTTP/1.1" 200 2166
INFO 2025-12-13 11:12:31,540 basehttp "GET /static/drf-yasg/style.css HTTP/1.1" 304 0
INFO 2025-12-13 11:12:31,546 basehttp "GET /static/drf-yasg/insQ.min.js HTTP/1.1" 304 0
INFO 2025-12-13 11:12:31,556 basehttp "GET /static/drf-yasg/swagger-ui-dist/swagger-ui.css HTTP/1.1" 304 0
INFO 2025-12-13 11:12:31,567 basehttp "GET /static/drf-yasg/swagger-ui-dist/swagger-ui-standalone-preset.js HTTP/1.1" 304 0
INFO 2025-12-13 11:12:31,578 basehttp "GET /static/drf-yasg/swagger-ui-dist/swagger-ui-bundle.js HTTP/1.1" 304 0
INFO 2025-12-13 11:12:31,632 basehttp "GET /static/drf-yasg/swagger-ui-init.js HTTP/1.1" 304 0
INFO 2025-12-13 11:12:31,678 basehttp "GET /static/drf-yasg/immutable.min.js HTTP/1.1" 304 0
INFO 2025-12-13 11:12:32,148 basehttp "GET /swagger/?format=openapi HTTP/1.1" 200 16871
INFO 2025-12-13 11:12:40,621 basehttp "OPTIONS /api/auth/login/ HTTP/1.1" 200 0
INFO 2025-12-13 11:12:41,586 basehttp "POST /api/auth/login/ HTTP/1.1" 200 483
INFO 2025-12-13 11:12:41,659 basehttp "OPTIONS /api/auth/profile/ HTTP/1.1" 200 0
INFO 2025-12-13 11:12:41,710 basehttp "GET /api/auth/profile/ HTTP/1.1" 200 137
INFO 2025-12-13 11:12:41,819 basehttp "OPTIONS /api/posts/stats/ HTTP/1.1" 200 0
INFO 2025-12-13 11:12:41,822 basehttp "OPTIONS /api/posts/stats/ HTTP/1.1" 200 0
INFO 2025-12-13 11:12:41,824 basehttp "OPTIONS /api/posts/?ordering=-scheduled_time HTTP/1.1" 200 0
INFO 2025-12-13 11:12:41,829 basehttp "OPTIONS /api/posts/?ordering=-scheduled_time HTTP/1.1" 200 0
INFO 2025-12-13 11:12:41,924 basehttp "GET /api/posts/?ordering=-scheduled_time HTTP/1.1" 200 52
INFO 2025-12-13 11:12:41,924 basehttp "GET /api/posts/?ordering=-scheduled_time HTTP/1.1" 200 52
INFO 2025-12-13 11:12:41,936 basehttp "GET /api/posts/stats/ HTTP/1.1" 200 126
INFO 2025-12-13 11:12:41,936 basehttp "GET /api/posts/stats/ HTTP/1.1" 200 126
INFO 2025-12-13 11:12:47,526 basehttp "GET /api/posts/stats/ HTTP/1.1" 200 126
INFO 2025-12-13 11:12:47,528 basehttp "GET /api/posts/stats/ HTTP/1.1" 200 126
INFO 2025-12-13 11:25:11,840 basehttp "GET /redoc/ HTTP/1.1" 200 936
INFO 2025-12-13 11:25:11,919 basehttp "GET /static/drf-yasg/redoc-init.js HTTP/1.1" 200 2566
INFO 2025-12-13 11:25:12,044 basehttp "GET /static/drf-yasg/redoc/redoc.min.js HTTP/1.1" 200 1042511
INFO 2025-12-13 11:25:12,288 basehttp "GET /redoc/?format=openapi HTTP/1.1" 200 16871
INFO 2025-12-13 11:25:12,308 basehttp "GET /static/drf-yasg/redoc/redoc-logo.png HTTP/1.1" 200 4969
INFO 2025-12-13 11:38:49,049 autoreload /home/ayooluwa/Documents/codes/Auto_post/backend/postAutomation_backend/core/settings.py changed, reloading.
INFO 2025-12-13 11:38:51,218 autoreload Watching for file changes with StatReloader
INFO 2025-12-13 11:38:56,134 autoreload /home/ayooluwa/Documents/codes/Auto_post/backend/postAutomation_backend/core/settings.py changed, reloading.
INFO 2025-12-13 11:38:56,980 autoreload Watching for file changes with StatReloader
INFO 2025-12-13 12:05:15,473 autoreload /home/ayooluwa/Documents/codes/Auto_post/backend/postAutomation_backend/posts/social_integrations.py changed, reloading.
INFO 2025-12-13 12:05:16,424 autoreload Watching for file changes with StatReloader
INFO 2025-12-13 12:05:20,013 autoreload /home/ayooluwa/Documents/codes/Auto_post/backend/postAutomation_backend/posts/social_integrations.py changed, reloading.
INFO 2025-12-13 12:05:20,927 autoreload Watching for file changes with StatReloader
INFO 2025-12-13 12:05:23,205 autoreload /home/ayooluwa/Documents/codes/Auto_post/backend/postAutomation_backend/posts/social_integrations.py changed, reloading.
INFO 2025-12-13 12:05:23,919 autoreload Watching for file changes with StatReloader
INFO 2025-12-13 12:05:33,588 autoreload /home/ayooluwa/Documents/codes/Auto_post/backend/postAutomation_backend/posts/social_integrations.py changed, reloading.
INFO 2025-12-13 12:05:34,342 autoreload Watching for file changes with StatReloader
INFO 2025-12-13 12:05:38,948 autoreload /home/ayooluwa/Documents/codes/Auto_post/backend/postAutomation_backend/posts/social_integrations.py changed, reloading.
INFO 2025-12-13 12:05:40,345 autoreload Watching for file changes with StatReloader
INFO 2025-12-13 12:05:42,102 autoreload /home/ayooluwa/Documents/codes/Auto_post/backend/postAutomation_backend/posts/social_integrations.py changed, reloading.
INFO 2025-12-13 12:05:43,331 autoreload Watching for file changes with StatReloader
INFO 2025-12-13 12:05:46,076 autoreload /home/ayooluwa/Documents/codes/Auto_post/backend/postAutomation_backend/posts/social_integrations.py changed, reloading.
INFO 2025-12-13 12:05:46,869 autoreload Watching for file changes with StatReloader
INFO 2025-12-13 12:05:49,480 autoreload /home/ayooluwa/Documents/codes/Auto_post/backend/postAutomation_backend/posts/social_integrations.py changed, reloading.
INFO 2025-12-13 12:05:50,193 autoreload Watching for file changes with StatReloader
INFO 2025-12-13 12:05:53,820 autoreload /home/ayooluwa/Documents/codes/Auto_post/backend/postAutomation_backend/posts/social_integrations.py changed, reloading.
INFO 2025-12-13 12:05:54,652 autoreload Watching for file changes with StatReloader
INFO 2025-12-13 12:05:58,341 autoreload /home/ayooluwa/Documents/codes/Auto_post/backend/postAutomation_backend/posts/social_integrations.py changed, reloading.
INFO 2025-12-13 12:05:59,421 autoreload Watching for file changes with StatReloader
INFO 2025-12-13 12:06:02,471 autoreload /home/ayooluwa/Documents/codes/Auto_post/backend/postAutomation_backend/posts/social_integrations.py changed, reloading.
INFO 2025-12-13 12:06:03,220 autoreload Watching for file changes with StatReloader
INFO 2025-12-13 12:06:07,821 autoreload /home/ayooluwa/Documents/codes/Auto_post/backend/postAutomation_backend/posts/social_integrations.py changed, reloading.
INFO 2025-12-13 12:06:08,722 autoreload Watching for file changes with StatReloader
INFO 2025-12-13 12:06:12,526 autoreload /home/ayooluwa/Documents/codes/Auto_post/backend/postAutomation_backend/posts/social_integrations.py changed, reloading.
INFO 2025-12-13 12:06:13,291 autoreload Watching for file changes with StatReloader
INFO 2025-12-13 12:06:35,276 autoreload /home/ayooluwa/Documents/codes/Auto_post/backend/postAutomation_backend/posts/social_integrations.py changed, reloading.
INFO 2025-12-13 12:06:36,065 autoreload Watching for file changes with StatReloader
INFO 2025-12-13 12:06:39,568 autoreload /home/ayooluwa/Documents/codes/Auto_post/backend/postAutomation_backend/posts/social_integrations.py changed, reloading.
INFO 2025-12-13 12:06:40,552 autoreload Watching for file changes with StatReloader
INFO 2025-12-13 12:06:42,585 autoreload /home/ayooluwa/Documents/codes/Auto_post/backend/postAutomation_backend/posts/social_integrations.py changed, reloading.
INFO 2025-12-13 12:06:43,481 autoreload Watching for file changes with StatReloader
INFO 2025-12-13 12:06:53,144 autoreload /home/ayooluwa/Documents/codes/Auto_post/backend/postAutomation_backend/posts/social_integrations.py changed, reloading.
INFO 2025-12-13 12:06:53,968 autoreload Watching for file changes with StatReloader
INFO 2025-12-22 16:49:21,534 autoreload Watching for file changes with StatReloader
INFO 2025-12-22 16:49:34,173 basehttp "GET /redoc/ HTTP/1.1" 200 936
INFO 2025-12-22 16:49:34,265 basehttp "GET /static/drf-yasg/style.css HTTP/1.1" 304 0
INFO 2025-12-22 16:49:34,268 basehttp "GET /static/drf-yasg/insQ.min.js HTTP/1.1" 304 0
INFO 2025-12-22 16:49:34,284 basehttp "GET /static/drf-yasg/redoc-init.js HTTP/1.1" 304 0
INFO 2025-12-22 16:49:34,308 basehttp "GET /static/drf-yasg/redoc/redoc.min.js HTTP/1.1" 304 0
INFO 2025-12-22 16:49:34,949 basehttp "GET /redoc/?format=openapi HTTP/1.1" 200 16871
INFO 2025-12-22 17:12:51,643 autoreload Watching for file changes with StatReloader
INFO 2025-12-22 17:12:56,215 basehttp "OPTIONS /api/auth/login/ HTTP/1.1" 200 0
INFO 2025-12-22 17:12:58,186 basehttp "OPTIONS /api/auth/login/ HTTP/1.1" 200 0
INFO 2025-12-22 17:13:01,958 basehttp "OPTIONS /api/auth/login/ HTTP/1.1" 200 0
INFO 2025-12-22 17:13:03,211 basehttp "OPTIONS /api/auth/login/ HTTP/1.1" 200 0
INFO 2025-12-22 17:13:14,954 basehttp "OPTIONS /api/auth/login/ HTTP/1.1" 200 0
INFO 2025-12-22 17:13:16,742 basehttp "OPTIONS /api/auth/login/ HTTP/1.1" 200 0
INFO 2025-12-22 17:13:22,830 basehttp "OPTIONS /api/auth/login/ HTTP/1.1" 200 0
INFO 2025-12-22 17:13:38,213 basehttp "OPTIONS /api/auth/login/ HTTP/1.1" 200 0
INFO 2025-12-22 17:13:39,838 basehttp "OPTIONS /api/auth/login/ HTTP/1.1" 200 0
INFO 2025-12-22 17:13:50,238 basehttp "OPTIONS /api/auth/login/ HTTP/1.1" 200 0
WARNING 2025-12-22 17:14:31,531 log Not Found: /
WARNING 2025-12-22 17:14:31,532 basehttp "GET / HTTP/1.1" 404 4170
WARNING 2025-12-22 17:14:31,756 log Not Found: /favicon.ico
WARNING 2025-12-22 17:14:31,758 basehttp "GET /favicon.ico HTTP/1.1" 404 4221
WARNING 2025-12-22 17:14:38,938 log Unauthorized: /api/
WARNING 2025-12-22 17:14:38,939 basehttp "GET /api/ HTTP/1.1" 401 5009
INFO 2025-12-22 17:14:39,204 basehttp "GET /static/rest_framework/css/bootstrap-tweaks.css HTTP/1.1" 200 3426
INFO 2025-12-22 17:14:39,211 basehttp "GET /static/rest_framework/css/default.css HTTP/1.1" 200 1152
INFO 2025-12-22 17:14:39,211 basehttp "GET /static/rest_framework/css/prettify.css HTTP/1.1" 200 817
INFO 2025-12-22 17:14:39,219 basehttp "GET /static/rest_framework/js/ajax-form.js HTTP/1.1" 200 3796
INFO 2025-12-22 17:14:39,247 basehttp "GET /static/rest_framework/js/default.js HTTP/1.1" 200 1268
INFO 2025-12-22 17:14:39,249 basehttp "GET /static/rest_framework/js/prettify-min.js HTTP/1.1" 200 13632
INFO 2025-12-22 17:14:39,251 basehttp "GET /static/rest_framework/js/csrf.js HTTP/1.1" 200 1793
INFO 2025-12-22 17:14:39,251 basehttp "GET /static/rest_framework/js/jquery-3.7.1.min.js HTTP/1.1" 200 87533
INFO 2025-12-22 17:14:39,291 basehttp "GET /static/rest_framework/css/bootstrap.min.css HTTP/1.1" 200 121457
INFO 2025-12-22 17:14:39,298 basehttp "GET /static/rest_framework/js/load-ajax-form.js HTTP/1.1" 200 59
INFO 2025-12-22 17:14:39,298 basehttp "GET /static/rest_framework/js/bootstrap.min.js HTTP/1.1" 200 39680
INFO 2025-12-22 17:14:39,453 basehttp "GET /static/rest_framework/img/grid.png HTTP/1.1" 200 1458
INFO 2025-12-22 17:14:47,865 basehttp "OPTIONS /api/auth/login/ HTTP/1.1" 200 0
INFO 2025-12-22 17:14:49,440 basehttp "OPTIONS /api/auth/login/ HTTP/1.1" 200 0
INFO 2025-12-22 17:15:12,989 basehttp "OPTIONS /api/auth/login/ HTTP/1.1" 200 0
INFO 2025-12-22 17:19:47,586 autoreload /home/ayooluwa/Documents/codes/Auto_post/backend/postAutomation_backend/core/settings.py changed, reloading.
INFO 2025-12-22 17:19:48,697 autoreload Watching for file changes with StatReloader
INFO 2025-12-22 17:19:52,080 autoreload /home/ayooluwa/Documents/codes/Auto_post/backend/postAutomation_backend/core/settings.py changed, reloading.
INFO 2025-12-22 17:19:53,457 autoreload Watching for file changes with StatReloader
INFO 2025-12-22 17:19:58,040 autoreload /home/ayooluwa/Documents/codes/Auto_post/backend/postAutomation_backend/core/settings.py changed, reloading.
INFO 2025-12-22 17:19:59,544 autoreload Watching for file changes with StatReloader
INFO 2025-12-22 17:20:04,140 autoreload /home/ayooluwa/Documents/codes/Auto_post/backend/postAutomation_backend/core/settings.py changed, reloading.
INFO 2025-12-22 17:20:05,536 autoreload Watching for file changes with StatReloader
INFO 2025-12-22 17:20:11,639 autoreload Watching for file changes with StatReloader
INFO 2025-12-22 17:20:20,632 basehttp "OPTIONS /api/auth/login/ HTTP/1.1" 200 0
WARNING 2025-12-22 17:20:38,545 log Not Found: /auth/login
WARNING 2025-12-22 17:20:38,548 basehttp "GET /auth/login HTTP/1.1" 404 4218
WARNING 2025-12-22 17:20:38,640 log Not Found: /favicon.ico
INFO 2025-12-22 17:20:45,005 basehttp "GET /api/auth/login HTTP/1.1" 301 0
WARNING 2025-12-22 17:20:45,476 log Method Not Allowed: /api/auth/login/
WARNING 2025-12-22 17:20:45,477 basehttp "GET /api/auth/login/ HTTP/1.1" 405 7696
INFO 2025-12-22 17:20:56,257 basehttp "POST /api/auth/login/ HTTP/1.1" 200 8140
WARNING 2025-12-22 17:20:56,442 log Not Found: /favicon.ico
INFO 2025-12-22 17:21:07,623 basehttp "OPTIONS /api/auth/login/ HTTP/1.1" 200 0
INFO 2025-12-22 17:27:44,346 autoreload /home/ayooluwa/Documents/codes/Auto_post/backend/postAutomation_backend/core/settings.py changed, reloading.
INFO 2025-12-22 17:30:10,492 autoreload Watching for file changes with StatReloader
INFO 2025-12-22 17:30:17,051 basehttp "OPTIONS /api/auth/login/ HTTP/1.1" 200 0
INFO 2025-12-22 17:30:18,775 basehttp "POST /api/auth/login/ HTTP/1.1" 200 483
INFO 2025-12-22 17:30:18,833 basehttp "OPTIONS /api/auth/profile/ HTTP/1.1" 200 0
INFO 2025-12-22 17:30:18,892 basehttp "GET /api/auth/profile/ HTTP/1.1" 200 137
INFO 2025-12-22 17:30:19,042 basehttp "OPTIONS /api/posts/stats/ HTTP/1.1" 200 0
INFO 2025-12-22 17:30:19,073 basehttp "OPTIONS /api/posts/?ordering=-scheduled_time HTTP/1.1" 200 0
INFO 2025-12-22 17:30:19,102 basehttp "GET /api/posts/?ordering=-scheduled_time HTTP/1.1" 200 52
INFO 2025-12-22 17:30:19,117 basehttp "GET /api/posts/stats/ HTTP/1.1" 200 126
INFO 2025-12-22 17:30:19,200 basehttp "GET /api/posts/?ordering=-scheduled_time HTTP/1.1" 200 52
INFO 2025-12-22 17:30:19,228 basehttp "GET /api/posts/stats/ HTTP/1.1" 200 126
INFO 2025-12-22 17:30:25,676 basehttp "GET /api/posts/?ordering=-scheduled_time HTTP/1.1" 200 52
INFO 2025-12-22 17:30:25,677 basehttp "GET /api/posts/?ordering=-scheduled_time HTTP/1.1" 200 52
INFO 2025-12-22 17:30:46,177 basehttp "GET /api/posts/?ordering=-scheduled_time HTTP/1.1" 200 52
INFO 2025-12-22 17:30:46,192 basehttp "GET /api/posts/?ordering=-scheduled_time HTTP/1.1" 200 52
INFO 2025-12-22 17:30:46,236 basehttp "GET /api/posts/stats/ HTTP/1.1" 200 126
INFO 2025-12-22 17:30:46,246 basehttp "GET /api/posts/stats/ HTTP/1.1" 200 126
INFO 2025-12-22 17:48:22,357 basehttp "GET /api/posts/stats/ HTTP/1.1" 200 126
INFO 2025-12-22 17:48:22,358 basehttp "GET /api/posts/stats/ HTTP/1.1" 200 126
INFO 2025-12-22 17:48:24,762 basehttp "GET /api/posts/?ordering=-scheduled_time HTTP/1.1" 200 52
INFO 2025-12-22 17:48:24,767 basehttp "GET /api/posts/stats/ HTTP/1.1" 200 126
INFO 2025-12-22 17:48:24,769 basehttp "GET /api/posts/?ordering=-scheduled_time HTTP/1.1" 200 52
INFO 2025-12-22 17:48:24,783 basehttp "GET /api/posts/stats/ HTTP/1.1" 200 126
INFO 2025-12-22 17:48:27,120 basehttp "OPTIONS /api/social-accounts/status/ HTTP/1.1" 200 0
INFO 2025-12-22 17:48:27,121 basehttp "OPTIONS /api/social-accounts/status/ HTTP/1.1" 200 0
ERROR 2025-12-22 17:48:27,519 log Internal Server Error: /api/social-accounts/status/
Traceback (most recent call last):
  File "/home/ayooluwa/Documents/codes/Auto_post/backend/.venv/lib/python3.12/site-packages/django/db/backends/utils.py", line 105, in _execute
    return self.cursor.execute(sql, params)
           ^^^^^^^^^^^^^^^^^^^^^^^^^^^^^^^^
  File "/home/ayooluwa/Documents/codes/Auto_post/backend/.venv/lib/python3.12/site-packages/django/db/backends/sqlite3/base.py", line 360, in execute
    return super().execute(query, params)
           ^^^^^^^^^^^^^^^^^^^^^^^^^^^^^^
sqlite3.OperationalError: no such table: posts_socialaccount

The above exception was the direct cause of the following exception:

Traceback (most recent call last):
  File "/home/ayooluwa/Documents/codes/Auto_post/backend/.venv/lib/python3.12/site-packages/django/core/handlers/exception.py", line 55, in inner
    response = get_response(request)
               ^^^^^^^^^^^^^^^^^^^^^
  File "/home/ayooluwa/Documents/codes/Auto_post/backend/.venv/lib/python3.12/site-packages/django/core/handlers/base.py", line 197, in _get_response
    response = wrapped_callback(request, *callback_args, **callback_kwargs)
               ^^^^^^^^^^^^^^^^^^^^^^^^^^^^^^^^^^^^^^^^^^^^^^^^^^^^^^^^^^^^
  File "/home/ayooluwa/Documents/codes/Auto_post/backend/.venv/lib/python3.12/site-packages/django/views/decorators/csrf.py", line 65, in _view_wrapper
    return view_func(request, *args, **kwargs)
           ^^^^^^^^^^^^^^^^^^^^^^^^^^^^^^^^^^^
  File "/home/ayooluwa/Documents/codes/Auto_post/backend/.venv/lib/python3.12/site-packages/rest_framework/viewsets.py", line 124, in view
    return self.dispatch(request, *args, **kwargs)
           ^^^^^^^^^^^^^^^^^^^^^^^^^^^^^^^^^^^^^^^
  File "/home/ayooluwa/Documents/codes/Auto_post/backend/.venv/lib/python3.12/site-packages/rest_framework/views.py", line 509, in dispatch
    response = self.handle_exception(exc)
               ^^^^^^^^^^^^^^^^^^^^^^^^^^
  File "/home/ayooluwa/Documents/codes/Auto_post/backend/.venv/lib/python3.12/site-packages/rest_framework/views.py", line 469, in handle_exception
    self.raise_uncaught_exception(exc)
  File "/home/ayooluwa/Documents/codes/Auto_post/backend/.venv/lib/python3.12/site-packages/rest_framework/views.py", line 480, in raise_uncaught_exception
    raise exc
  File "/home/ayooluwa/Documents/codes/Auto_post/backend/.venv/lib/python3.12/site-packages/rest_framework/views.py", line 506, in dispatch
    response = handler(request, *args, **kwargs)
               ^^^^^^^^^^^^^^^^^^^^^^^^^^^^^^^^^
  File "/home/ayooluwa/Documents/codes/Auto_post/backend/postAutomation_backend/posts/views.py", line 149, in status
    account = accounts.filter(platform=platform_code).first()
              ^^^^^^^^^^^^^^^^^^^^^^^^^^^^^^^^^^^^^^^^^^^^^^^
  File "/home/ayooluwa/Documents/codes/Auto_post/backend/.venv/lib/python3.12/site-packages/django/db/models/query.py", line 1104, in first
    for obj in queryset[:1]:
  File "/home/ayooluwa/Documents/codes/Auto_post/backend/.venv/lib/python3.12/site-packages/django/db/models/query.py", line 384, in __iter__
    self._fetch_all()
  File "/home/ayooluwa/Documents/codes/Auto_post/backend/.venv/lib/python3.12/site-packages/django/db/models/query.py", line 1949, in _fetch_all
    self._result_cache = list(self._iterable_class(self))
                         ^^^^^^^^^^^^^^^^^^^^^^^^^^^^^^^^
  File "/home/ayooluwa/Documents/codes/Auto_post/backend/.venv/lib/python3.12/site-packages/django/db/models/query.py", line 91, in __iter__
    results = compiler.execute_sql(
              ^^^^^^^^^^^^^^^^^^^^^
  File "/home/ayooluwa/Documents/codes/Auto_post/backend/.venv/lib/python3.12/site-packages/django/db/models/sql/compiler.py", line 1623, in execute_sql
    cursor.execute(sql, params)
  File "/home/ayooluwa/Documents/codes/Auto_post/backend/.venv/lib/python3.12/site-packages/django/db/backends/utils.py", line 122, in execute
    return super().execute(sql, params)
           ^^^^^^^^^^^^^^^^^^^^^^^^^^^^
  File "/home/ayooluwa/Documents/codes/Auto_post/backend/.venv/lib/python3.12/site-packages/django/db/backends/utils.py", line 79, in execute
    return self._execute_with_wrappers(
           ^^^^^^^^^^^^^^^^^^^^^^^^^^^^
  File "/home/ayooluwa/Documents/codes/Auto_post/backend/.venv/lib/python3.12/site-packages/django/db/backends/utils.py", line 92, in _execute_with_wrappers
    return executor(sql, params, many, context)
           ^^^^^^^^^^^^^^^^^^^^^^^^^^^^^^^^^^^^
  File "/home/ayooluwa/Documents/codes/Auto_post/backend/.venv/lib/python3.12/site-packages/django/db/backends/utils.py", line 100, in _execute
    with self.db.wrap_database_errors:
  File "/home/ayooluwa/Documents/codes/Auto_post/backend/.venv/lib/python3.12/site-packages/django/db/utils.py", line 91, in __exit__
    raise dj_exc_value.with_traceback(traceback) from exc_value
  File "/home/ayooluwa/Documents/codes/Auto_post/backend/.venv/lib/python3.12/site-packages/django/db/backends/utils.py", line 105, in _execute
    return self.cursor.execute(sql, params)
           ^^^^^^^^^^^^^^^^^^^^^^^^^^^^^^^^
  File "/home/ayooluwa/Documents/codes/Auto_post/backend/.venv/lib/python3.12/site-packages/django/db/backends/sqlite3/base.py", line 360, in execute
    return super().execute(query, params)
           ^^^^^^^^^^^^^^^^^^^^^^^^^^^^^^
django.db.utils.OperationalError: no such table: posts_socialaccount
ERROR 2025-12-22 17:48:27,520 log Internal Server Error: /api/social-accounts/status/
Traceback (most recent call last):
  File "/home/ayooluwa/Documents/codes/Auto_post/backend/.venv/lib/python3.12/site-packages/django/db/backends/utils.py", line 105, in _execute
    return self.cursor.execute(sql, params)
           ^^^^^^^^^^^^^^^^^^^^^^^^^^^^^^^^
  File "/home/ayooluwa/Documents/codes/Auto_post/backend/.venv/lib/python3.12/site-packages/django/db/backends/sqlite3/base.py", line 360, in execute
    return super().execute(query, params)
           ^^^^^^^^^^^^^^^^^^^^^^^^^^^^^^
sqlite3.OperationalError: no such table: posts_socialaccount

The above exception was the direct cause of the following exception:

Traceback (most recent call last):
  File "/home/ayooluwa/Documents/codes/Auto_post/backend/.venv/lib/python3.12/site-packages/django/core/handlers/exception.py", line 55, in inner
    response = get_response(request)
               ^^^^^^^^^^^^^^^^^^^^^
  File "/home/ayooluwa/Documents/codes/Auto_post/backend/.venv/lib/python3.12/site-packages/django/core/handlers/base.py", line 197, in _get_response
    response = wrapped_callback(request, *callback_args, **callback_kwargs)
               ^^^^^^^^^^^^^^^^^^^^^^^^^^^^^^^^^^^^^^^^^^^^^^^^^^^^^^^^^^^^
  File "/home/ayooluwa/Documents/codes/Auto_post/backend/.venv/lib/python3.12/site-packages/django/views/decorators/csrf.py", line 65, in _view_wrapper
    return view_func(request, *args, **kwargs)
           ^^^^^^^^^^^^^^^^^^^^^^^^^^^^^^^^^^^
  File "/home/ayooluwa/Documents/codes/Auto_post/backend/.venv/lib/python3.12/site-packages/rest_framework/viewsets.py", line 124, in view
    return self.dispatch(request, *args, **kwargs)
           ^^^^^^^^^^^^^^^^^^^^^^^^^^^^^^^^^^^^^^^
  File "/home/ayooluwa/Documents/codes/Auto_post/backend/.venv/lib/python3.12/site-packages/rest_framework/views.py", line 509, in dispatch
    response = self.handle_exception(exc)
               ^^^^^^^^^^^^^^^^^^^^^^^^^^
  File "/home/ayooluwa/Documents/codes/Auto_post/backend/.venv/lib/python3.12/site-packages/rest_framework/views.py", line 469, in handle_exception
    self.raise_uncaught_exception(exc)
  File "/home/ayooluwa/Documents/codes/Auto_post/backend/.venv/lib/python3.12/site-packages/rest_framework/views.py", line 480, in raise_uncaught_exception
    raise exc
  File "/home/ayooluwa/Documents/codes/Auto_post/backend/.venv/lib/python3.12/site-packages/rest_framework/views.py", line 506, in dispatch
    response = handler(request, *args, **kwargs)
               ^^^^^^^^^^^^^^^^^^^^^^^^^^^^^^^^^
  File "/home/ayooluwa/Documents/codes/Auto_post/backend/postAutomation_backend/posts/views.py", line 149, in status
    account = accounts.filter(platform=platform_code).first()
              ^^^^^^^^^^^^^^^^^^^^^^^^^^^^^^^^^^^^^^^^^^^^^^^
  File "/home/ayooluwa/Documents/codes/Auto_post/backend/.venv/lib/python3.12/site-packages/django/db/models/query.py", line 1104, in first
    for obj in queryset[:1]:
  File "/home/ayooluwa/Documents/codes/Auto_post/backend/.venv/lib/python3.12/site-packages/django/db/models/query.py", line 384, in __iter__
    self._fetch_all()
  File "/home/ayooluwa/Documents/codes/Auto_post/backend/.venv/lib/python3.12/site-packages/django/db/models/query.py", line 1949, in _fetch_all
    self._result_cache = list(self._iterable_class(self))
                         ^^^^^^^^^^^^^^^^^^^^^^^^^^^^^^^^
  File "/home/ayooluwa/Documents/codes/Auto_post/backend/.venv/lib/python3.12/site-packages/django/db/models/query.py", line 91, in __iter__
    results = compiler.execute_sql(
              ^^^^^^^^^^^^^^^^^^^^^
  File "/home/ayooluwa/Documents/codes/Auto_post/backend/.venv/lib/python3.12/site-packages/django/db/models/sql/compiler.py", line 1623, in execute_sql
    cursor.execute(sql, params)
  File "/home/ayooluwa/Documents/codes/Auto_post/backend/.venv/lib/python3.12/site-packages/django/db/backends/utils.py", line 122, in execute
    return super().execute(sql, params)
           ^^^^^^^^^^^^^^^^^^^^^^^^^^^^
  File "/home/ayooluwa/Documents/codes/Auto_post/backend/.venv/lib/python3.12/site-packages/django/db/backends/utils.py", line 79, in execute
    return self._execute_with_wrappers(
           ^^^^^^^^^^^^^^^^^^^^^^^^^^^^
  File "/home/ayooluwa/Documents/codes/Auto_post/backend/.venv/lib/python3.12/site-packages/django/db/backends/utils.py", line 92, in _execute_with_wrappers
    return executor(sql, params, many, context)
           ^^^^^^^^^^^^^^^^^^^^^^^^^^^^^^^^^^^^
  File "/home/ayooluwa/Documents/codes/Auto_post/backend/.venv/lib/python3.12/site-packages/django/db/backends/utils.py", line 100, in _execute
    with self.db.wrap_database_errors:
  File "/home/ayooluwa/Documents/codes/Auto_post/backend/.venv/lib/python3.12/site-packages/django/db/utils.py", line 91, in __exit__
    raise dj_exc_value.with_traceback(traceback) from exc_value
  File "/home/ayooluwa/Documents/codes/Auto_post/backend/.venv/lib/python3.12/site-packages/django/db/backends/utils.py", line 105, in _execute
    return self.cursor.execute(sql, params)
           ^^^^^^^^^^^^^^^^^^^^^^^^^^^^^^^^
  File "/home/ayooluwa/Documents/codes/Auto_post/backend/.venv/lib/python3.12/site-packages/django/db/backends/sqlite3/base.py", line 360, in execute
    return super().execute(query, params)
           ^^^^^^^^^^^^^^^^^^^^^^^^^^^^^^
django.db.utils.OperationalError: no such table: posts_socialaccount
ERROR 2025-12-22 17:48:27,527 basehttp "GET /api/social-accounts/status/ HTTP/1.1" 500 176617
ERROR 2025-12-22 17:48:27,529 basehttp "GET /api/social-accounts/status/ HTTP/1.1" 500 176617
INFO 2025-12-22 17:48:36,203 basehttp "GET /api/posts/?ordering=-scheduled_time HTTP/1.1" 200 52
INFO 2025-12-22 17:48:36,206 basehttp "GET /api/posts/?ordering=-scheduled_time HTTP/1.1" 200 52
INFO 2025-12-22 17:48:36,209 basehttp "GET /api/posts/stats/ HTTP/1.1" 200 126
INFO 2025-12-22 17:48:36,216 basehttp "GET /api/posts/stats/ HTTP/1.1" 200 126
ERROR 2025-12-22 17:48:41,571 log Internal Server Error: /api/social-accounts/status/
Traceback (most recent call last):
  File "/home/ayooluwa/Documents/codes/Auto_post/backend/.venv/lib/python3.12/site-packages/django/db/backends/utils.py", line 105, in _execute
    return self.cursor.execute(sql, params)
           ^^^^^^^^^^^^^^^^^^^^^^^^^^^^^^^^
  File "/home/ayooluwa/Documents/codes/Auto_post/backend/.venv/lib/python3.12/site-packages/django/db/backends/sqlite3/base.py", line 360, in execute
    return super().execute(query, params)
           ^^^^^^^^^^^^^^^^^^^^^^^^^^^^^^
sqlite3.OperationalError: no such table: posts_socialaccount

The above exception was the direct cause of the following exception:

Traceback (most recent call last):
  File "/home/ayooluwa/Documents/codes/Auto_post/backend/.venv/lib/python3.12/site-packages/django/core/handlers/exception.py", line 55, in inner
    response = get_response(request)
               ^^^^^^^^^^^^^^^^^^^^^
  File "/home/ayooluwa/Documents/codes/Auto_post/backend/.venv/lib/python3.12/site-packages/django/core/handlers/base.py", line 197, in _get_response
    response = wrapped_callback(request, *callback_args, **callback_kwargs)
               ^^^^^^^^^^^^^^^^^^^^^^^^^^^^^^^^^^^^^^^^^^^^^^^^^^^^^^^^^^^^
  File "/home/ayooluwa/Documents/codes/Auto_post/backend/.venv/lib/python3.12/site-packages/django/views/decorators/csrf.py", line 65, in _view_wrapper
    return view_func(request, *args, **kwargs)
           ^^^^^^^^^^^^^^^^^^^^^^^^^^^^^^^^^^^
  File "/home/ayooluwa/Documents/codes/Auto_post/backend/.venv/lib/python3.12/site-packages/rest_framework/viewsets.py", line 124, in view
    return self.dispatch(request, *args, **kwargs)
           ^^^^^^^^^^^^^^^^^^^^^^^^^^^^^^^^^^^^^^^
  File "/home/ayooluwa/Documents/codes/Auto_post/backend/.venv/lib/python3.12/site-packages/rest_framework/views.py", line 509, in dispatch
    response = self.handle_exception(exc)
               ^^^^^^^^^^^^^^^^^^^^^^^^^^
  File "/home/ayooluwa/Documents/codes/Auto_post/backend/.venv/lib/python3.12/site-packages/rest_framework/views.py", line 469, in handle_exception
    self.raise_uncaught_exception(exc)
  File "/home/ayooluwa/Documents/codes/Auto_post/backend/.venv/lib/python3.12/site-packages/rest_framework/views.py", line 480, in raise_uncaught_exception
    raise exc
  File "/home/ayooluwa/Documents/codes/Auto_post/backend/.venv/lib/python3.12/site-packages/rest_framework/views.py", line 506, in dispatch
    response = handler(request, *args, **kwargs)
               ^^^^^^^^^^^^^^^^^^^^^^^^^^^^^^^^^
  File "/home/ayooluwa/Documents/codes/Auto_post/backend/postAutomation_backend/posts/views.py", line 149, in status
    account = accounts.filter(platform=platform_code).first()
              ^^^^^^^^^^^^^^^^^^^^^^^^^^^^^^^^^^^^^^^^^^^^^^^
  File "/home/ayooluwa/Documents/codes/Auto_post/backend/.venv/lib/python3.12/site-packages/django/db/models/query.py", line 1104, in first
    for obj in queryset[:1]:
  File "/home/ayooluwa/Documents/codes/Auto_post/backend/.venv/lib/python3.12/site-packages/django/db/models/query.py", line 384, in __iter__
    self._fetch_all()
  File "/home/ayooluwa/Documents/codes/Auto_post/backend/.venv/lib/python3.12/site-packages/django/db/models/query.py", line 1949, in _fetch_all
    self._result_cache = list(self._iterable_class(self))
                         ^^^^^^^^^^^^^^^^^^^^^^^^^^^^^^^^
  File "/home/ayooluwa/Documents/codes/Auto_post/backend/.venv/lib/python3.12/site-packages/django/db/models/query.py", line 91, in __iter__
    results = compiler.execute_sql(
              ^^^^^^^^^^^^^^^^^^^^^
  File "/home/ayooluwa/Documents/codes/Auto_post/backend/.venv/lib/python3.12/site-packages/django/db/models/sql/compiler.py", line 1623, in execute_sql
    cursor.execute(sql, params)
  File "/home/ayooluwa/Documents/codes/Auto_post/backend/.venv/lib/python3.12/site-packages/django/db/backends/utils.py", line 122, in execute
    return super().execute(sql, params)
           ^^^^^^^^^^^^^^^^^^^^^^^^^^^^
  File "/home/ayooluwa/Documents/codes/Auto_post/backend/.venv/lib/python3.12/site-packages/django/db/backends/utils.py", line 79, in execute
    return self._execute_with_wrappers(
           ^^^^^^^^^^^^^^^^^^^^^^^^^^^^
  File "/home/ayooluwa/Documents/codes/Auto_post/backend/.venv/lib/python3.12/site-packages/django/db/backends/utils.py", line 92, in _execute_with_wrappers
    return executor(sql, params, many, context)
           ^^^^^^^^^^^^^^^^^^^^^^^^^^^^^^^^^^^^
  File "/home/ayooluwa/Documents/codes/Auto_post/backend/.venv/lib/python3.12/site-packages/django/db/backends/utils.py", line 100, in _execute
    with self.db.wrap_database_errors:
  File "/home/ayooluwa/Documents/codes/Auto_post/backend/.venv/lib/python3.12/site-packages/django/db/utils.py", line 91, in __exit__
    raise dj_exc_value.with_traceback(traceback) from exc_value
  File "/home/ayooluwa/Documents/codes/Auto_post/backend/.venv/lib/python3.12/site-packages/django/db/backends/utils.py", line 105, in _execute
    return self.cursor.execute(sql, params)
           ^^^^^^^^^^^^^^^^^^^^^^^^^^^^^^^^
  File "/home/ayooluwa/Documents/codes/Auto_post/backend/.venv/lib/python3.12/site-packages/django/db/backends/sqlite3/base.py", line 360, in execute
    return super().execute(query, params)
           ^^^^^^^^^^^^^^^^^^^^^^^^^^^^^^
django.db.utils.OperationalError: no such table: posts_socialaccount
ERROR 2025-12-22 17:48:41,590 log Internal Server Error: /api/social-accounts/status/
Traceback (most recent call last):
  File "/home/ayooluwa/Documents/codes/Auto_post/backend/.venv/lib/python3.12/site-packages/django/db/backends/utils.py", line 105, in _execute
    return self.cursor.execute(sql, params)
           ^^^^^^^^^^^^^^^^^^^^^^^^^^^^^^^^
  File "/home/ayooluwa/Documents/codes/Auto_post/backend/.venv/lib/python3.12/site-packages/django/db/backends/sqlite3/base.py", line 360, in execute
    return super().execute(query, params)
           ^^^^^^^^^^^^^^^^^^^^^^^^^^^^^^
sqlite3.OperationalError: no such table: posts_socialaccount

The above exception was the direct cause of the following exception:

Traceback (most recent call last):
  File "/home/ayooluwa/Documents/codes/Auto_post/backend/.venv/lib/python3.12/site-packages/django/core/handlers/exception.py", line 55, in inner
    response = get_response(request)
               ^^^^^^^^^^^^^^^^^^^^^
  File "/home/ayooluwa/Documents/codes/Auto_post/backend/.venv/lib/python3.12/site-packages/django/core/handlers/base.py", line 197, in _get_response
    response = wrapped_callback(request, *callback_args, **callback_kwargs)
               ^^^^^^^^^^^^^^^^^^^^^^^^^^^^^^^^^^^^^^^^^^^^^^^^^^^^^^^^^^^^
  File "/home/ayooluwa/Documents/codes/Auto_post/backend/.venv/lib/python3.12/site-packages/django/views/decorators/csrf.py", line 65, in _view_wrapper
    return view_func(request, *args, **kwargs)
           ^^^^^^^^^^^^^^^^^^^^^^^^^^^^^^^^^^^
  File "/home/ayooluwa/Documents/codes/Auto_post/backend/.venv/lib/python3.12/site-packages/rest_framework/viewsets.py", line 124, in view
    return self.dispatch(request, *args, **kwargs)
           ^^^^^^^^^^^^^^^^^^^^^^^^^^^^^^^^^^^^^^^
  File "/home/ayooluwa/Documents/codes/Auto_post/backend/.venv/lib/python3.12/site-packages/rest_framework/views.py", line 509, in dispatch
    response = self.handle_exception(exc)
               ^^^^^^^^^^^^^^^^^^^^^^^^^^
  File "/home/ayooluwa/Documents/codes/Auto_post/backend/.venv/lib/python3.12/site-packages/rest_framework/views.py", line 469, in handle_exception
    self.raise_uncaught_exception(exc)
  File "/home/ayooluwa/Documents/codes/Auto_post/backend/.venv/lib/python3.12/site-packages/rest_framework/views.py", line 480, in raise_uncaught_exception
    raise exc
  File "/home/ayooluwa/Documents/codes/Auto_post/backend/.venv/lib/python3.12/site-packages/rest_framework/views.py", line 506, in dispatch
    response = handler(request, *args, **kwargs)
               ^^^^^^^^^^^^^^^^^^^^^^^^^^^^^^^^^
  File "/home/ayooluwa/Documents/codes/Auto_post/backend/postAutomation_backend/posts/views.py", line 149, in status
    account = accounts.filter(platform=platform_code).first()
              ^^^^^^^^^^^^^^^^^^^^^^^^^^^^^^^^^^^^^^^^^^^^^^^
  File "/home/ayooluwa/Documents/codes/Auto_post/backend/.venv/lib/python3.12/site-packages/django/db/models/query.py", line 1104, in first
    for obj in queryset[:1]:
  File "/home/ayooluwa/Documents/codes/Auto_post/backend/.venv/lib/python3.12/site-packages/django/db/models/query.py", line 384, in __iter__
    self._fetch_all()
  File "/home/ayooluwa/Documents/codes/Auto_post/backend/.venv/lib/python3.12/site-packages/django/db/models/query.py", line 1949, in _fetch_all
    self._result_cache = list(self._iterable_class(self))
                         ^^^^^^^^^^^^^^^^^^^^^^^^^^^^^^^^
  File "/home/ayooluwa/Documents/codes/Auto_post/backend/.venv/lib/python3.12/site-packages/django/db/models/query.py", line 91, in __iter__
    results = compiler.execute_sql(
              ^^^^^^^^^^^^^^^^^^^^^
  File "/home/ayooluwa/Documents/codes/Auto_post/backend/.venv/lib/python3.12/site-packages/django/db/models/sql/compiler.py", line 1623, in execute_sql
    cursor.execute(sql, params)
  File "/home/ayooluwa/Documents/codes/Auto_post/backend/.venv/lib/python3.12/site-packages/django/db/backends/utils.py", line 122, in execute
    return super().execute(sql, params)
           ^^^^^^^^^^^^^^^^^^^^^^^^^^^^
  File "/home/ayooluwa/Documents/codes/Auto_post/backend/.venv/lib/python3.12/site-packages/django/db/backends/utils.py", line 79, in execute
    return self._execute_with_wrappers(
           ^^^^^^^^^^^^^^^^^^^^^^^^^^^^
  File "/home/ayooluwa/Documents/codes/Auto_post/backend/.venv/lib/python3.12/site-packages/django/db/backends/utils.py", line 92, in _execute_with_wrappers
    return executor(sql, params, many, context)
           ^^^^^^^^^^^^^^^^^^^^^^^^^^^^^^^^^^^^
  File "/home/ayooluwa/Documents/codes/Auto_post/backend/.venv/lib/python3.12/site-packages/django/db/backends/utils.py", line 100, in _execute
    with self.db.wrap_database_errors:
  File "/home/ayooluwa/Documents/codes/Auto_post/backend/.venv/lib/python3.12/site-packages/django/db/utils.py", line 91, in __exit__
    raise dj_exc_value.with_traceback(traceback) from exc_value
  File "/home/ayooluwa/Documents/codes/Auto_post/backend/.venv/lib/python3.12/site-packages/django/db/backends/utils.py", line 105, in _execute
    return self.cursor.execute(sql, params)
           ^^^^^^^^^^^^^^^^^^^^^^^^^^^^^^^^
  File "/home/ayooluwa/Documents/codes/Auto_post/backend/.venv/lib/python3.12/site-packages/django/db/backends/sqlite3/base.py", line 360, in execute
    return super().execute(query, params)
           ^^^^^^^^^^^^^^^^^^^^^^^^^^^^^^
django.db.utils.OperationalError: no such table: posts_socialaccount
ERROR 2025-12-22 17:48:41,595 basehttp "GET /api/social-accounts/status/ HTTP/1.1" 500 176617
ERROR 2025-12-22 17:48:41,600 basehttp "GET /api/social-accounts/status/ HTTP/1.1" 500 176617
INFO 2025-12-22 17:50:37,826 autoreload /home/ayooluwa/Documents/codes/Auto_post/backend/postAutomation_backend/posts/oauth_views.py changed, reloading.
INFO 2025-12-22 17:50:41,242 autoreload Watching for file changes with StatReloader
INFO 2025-12-22 17:50:45,336 autoreload /home/ayooluwa/Documents/codes/Auto_post/backend/postAutomation_backend/posts/oauth_views.py changed, reloading.
INFO 2025-12-22 17:50:46,856 autoreload Watching for file changes with StatReloader
INFO 2025-12-22 17:50:49,929 autoreload /home/ayooluwa/Documents/codes/Auto_post/backend/postAutomation_backend/posts/oauth_views.py changed, reloading.
INFO 2025-12-22 17:50:51,896 autoreload Watching for file changes with StatReloader
INFO 2025-12-22 17:50:54,008 autoreload /home/ayooluwa/Documents/codes/Auto_post/backend/postAutomation_backend/core/urls.py changed, reloading.
INFO 2025-12-22 17:50:56,006 autoreload Watching for file changes with StatReloader
INFO 2025-12-22 17:50:58,300 autoreload /home/ayooluwa/Documents/codes/Auto_post/backend/postAutomation_backend/core/urls.py changed, reloading.
INFO 2025-12-22 17:50:59,574 autoreload Watching for file changes with StatReloader
INFO 2025-12-22 17:51:08,560 autoreload /home/ayooluwa/Documents/codes/Auto_post/backend/postAutomation_backend/core/settings.py changed, reloading.
INFO 2025-12-22 17:51:09,552 autoreload Watching for file changes with StatReloader
INFO 2025-12-22 17:51:20,490 basehttp "GET /api/auth/profile/ HTTP/1.1" 200 137
INFO 2025-12-22 17:51:20,491 basehttp "GET /api/auth/profile/ HTTP/1.1" 200 137
INFO 2025-12-22 17:51:27,078 basehttp "GET /api/posts/?ordering=-scheduled_time HTTP/1.1" 200 52
INFO 2025-12-22 17:51:27,097 basehttp "GET /api/posts/stats/ HTTP/1.1" 200 126
INFO 2025-12-22 17:51:27,114 basehttp "GET /api/posts/?ordering=-scheduled_time HTTP/1.1" 200 52
INFO 2025-12-22 17:51:27,124 basehttp "GET /api/posts/stats/ HTTP/1.1" 200 126
INFO 2025-12-22 17:51:28,555 basehttp "GET /api/posts/?ordering=-scheduled_time HTTP/1.1" 200 52
INFO 2025-12-22 17:51:28,565 basehttp "GET /api/posts/?ordering=-scheduled_time HTTP/1.1" 200 52
INFO 2025-12-22 17:51:28,571 basehttp "GET /api/posts/stats/ HTTP/1.1" 200 126
INFO 2025-12-22 17:51:28,579 basehttp "GET /api/posts/stats/ HTTP/1.1" 200 126
INFO 2025-12-22 17:51:32,700 basehttp "POST /api/auth/login/ HTTP/1.1" 200 483
INFO 2025-12-22 17:51:32,727 basehttp "GET /api/auth/profile/ HTTP/1.1" 200 137
INFO 2025-12-22 17:51:32,984 basehttp "GET /api/posts/?ordering=-scheduled_time HTTP/1.1" 200 52
INFO 2025-12-22 17:51:32,986 basehttp "GET /api/posts/?ordering=-scheduled_time HTTP/1.1" 200 52
INFO 2025-12-22 17:51:32,995 basehttp "GET /api/posts/stats/ HTTP/1.1" 200 126
INFO 2025-12-22 17:51:32,997 basehttp "GET /api/posts/stats/ HTTP/1.1" 200 126
INFO 2025-12-22 17:52:19,271 basehttp "GET /api/posts/?ordering=-scheduled_time HTTP/1.1" 200 52
INFO 2025-12-22 17:52:19,315 basehttp "GET /api/posts/?ordering=-scheduled_time HTTP/1.1" 200 52
INFO 2025-12-22 17:54:21,081 autoreload /home/ayooluwa/Documents/codes/Auto_post/backend/postAutomation_backend/users/oauth_views.py changed, reloading.
INFO 2025-12-22 17:54:23,665 autoreload Watching for file changes with StatReloader
INFO 2025-12-22 17:54:29,856 autoreload /home/ayooluwa/Documents/codes/Auto_post/backend/postAutomation_backend/users/oauth_views.py changed, reloading.
INFO 2025-12-22 17:54:31,599 autoreload Watching for file changes with StatReloader
INFO 2025-12-22 17:54:34,570 autoreload /home/ayooluwa/Documents/codes/Auto_post/backend/postAutomation_backend/users/oauth_views.py changed, reloading.
INFO 2025-12-22 17:54:36,549 autoreload Watching for file changes with StatReloader
INFO 2025-12-22 17:54:39,120 autoreload /home/ayooluwa/Documents/codes/Auto_post/backend/postAutomation_backend/core/settings.py changed, reloading.
INFO 2025-12-22 17:54:41,270 autoreload Watching for file changes with StatReloader
INFO 2025-12-22 17:55:00,920 autoreload /home/ayooluwa/Documents/codes/Auto_post/backend/postAutomation_backend/users/oauth_views.py changed, reloading.
INFO 2025-12-22 17:55:02,052 autoreload Watching for file changes with StatReloader
INFO 2025-12-22 17:55:03,904 autoreload /home/ayooluwa/Documents/codes/Auto_post/backend/postAutomation_backend/users/oauth_views.py changed, reloading.
INFO 2025-12-22 17:55:04,965 autoreload Watching for file changes with StatReloader
INFO 2025-12-22 17:55:10,833 autoreload /home/ayooluwa/Documents/codes/Auto_post/backend/postAutomation_backend/users/oauth_views.py changed, reloading.
INFO 2025-12-22 17:55:11,992 autoreload Watching for file changes with StatReloader
INFO 2025-12-22 17:55:15,722 autoreload /home/ayooluwa/Documents/codes/Auto_post/backend/postAutomation_backend/users/oauth_views.py changed, reloading.
INFO 2025-12-22 17:55:16,933 autoreload Watching for file changes with StatReloader
INFO 2025-12-22 17:55:39,698 autoreload /home/ayooluwa/Documents/codes/Auto_post/backend/postAutomation_backend/users/oauth_views.py changed, reloading.
INFO 2025-12-22 17:55:41,474 autoreload Watching for file changes with StatReloader
INFO 2025-12-22 17:55:43,747 autoreload /home/ayooluwa/Documents/codes/Auto_post/backend/postAutomation_backend/users/oauth_views.py changed, reloading.
INFO 2025-12-22 17:55:45,691 autoreload Watching for file changes with StatReloader
INFO 2025-12-22 17:56:29,324 autoreload /home/ayooluwa/Documents/codes/Auto_post/backend/postAutomation_backend/core/urls.py changed, reloading.
INFO 2025-12-22 17:56:31,697 autoreload Watching for file changes with StatReloader
INFO 2025-12-22 17:56:32,796 basehttp "GET /api/posts/?ordering=-scheduled_time HTTP/1.1" 200 52
INFO 2025-12-22 17:56:32,811 basehttp "GET /api/posts/?ordering=-scheduled_time HTTP/1.1" 200 52
INFO 2025-12-22 17:59:35,266 autoreload /home/ayooluwa/Documents/codes/Auto_post/backend/postAutomation_backend/core/settings.py changed, reloading.
INFO 2025-12-22 17:59:36,555 autoreload Watching for file changes with StatReloader
INFO 2025-12-22 18:00:26,478 basehttp "OPTIONS /api/auth/profile/ HTTP/1.1" 200 0
INFO 2025-12-22 18:00:26,594 basehttp "GET /api/auth/profile/ HTTP/1.1" 200 137
INFO 2025-12-22 18:00:26,769 basehttp "GET /api/auth/profile/ HTTP/1.1" 200 137
INFO 2025-12-22 18:00:27,432 basehttp "OPTIONS /api/posts/?ordering=-scheduled_time HTTP/1.1" 200 0
INFO 2025-12-22 18:00:27,440 basehttp "OPTIONS /api/posts/?ordering=-scheduled_time HTTP/1.1" 200 0
INFO 2025-12-22 18:00:27,480 basehttp "GET /api/posts/?ordering=-scheduled_time HTTP/1.1" 200 52
INFO 2025-12-22 18:00:27,550 basehttp "GET /api/posts/?ordering=-scheduled_time HTTP/1.1" 200 52
ERROR 2025-12-22 18:00:38,184 log Internal Server Error: /api/auth/oauth/google/initiate/
ERROR 2025-12-22 18:00:38,185 basehttp "POST /api/auth/oauth/google/initiate/ HTTP/1.1" 500 84
ERROR 2025-12-22 18:50:23,303 log Internal Server Error: /api/auth/oauth/facebook/initiate/
ERROR 2025-12-22 18:50:23,304 basehttp "POST /api/auth/oauth/facebook/initiate/ HTTP/1.1" 500 85
INFO 2025-12-22 18:50:32,990 autoreload /home/ayooluwa/Documents/codes/Auto_post/backend/postAutomation_backend/users/apps.py changed, reloading.
INFO 2025-12-22 18:50:33,793 autoreload Watching for file changes with StatReloader
WARNING 2025-12-22 19:08:40,681 log Unauthorized: /api/
WARNING 2025-12-22 19:08:40,682 basehttp "GET /api/ HTTP/1.1" 401 5009
WARNING 2025-12-22 19:08:41,250 log Not Found: /favicon.ico
WARNING 2025-12-22 19:08:49,878 log Not Found: /api/login
WARNING 2025-12-22 19:08:49,879 basehttp "GET /api/login HTTP/1.1" 404 10724
INFO 2025-12-22 19:08:58,564 basehttp "GET /api/auth/login HTTP/1.1" 301 0
WARNING 2025-12-22 19:08:58,889 log Method Not Allowed: /api/auth/login/
WARNING 2025-12-22 19:08:58,891 basehttp "GET /api/auth/login/ HTTP/1.1" 405 7696
INFO 2025-12-22 20:49:17,687 basehttp "OPTIONS /api/auth/login/ HTTP/1.1" 200 0
INFO 2025-12-22 20:49:18,798 basehttp "POST /api/auth/login/ HTTP/1.1" 200 483
INFO 2025-12-22 20:49:18,907 basehttp "GET /api/auth/profile/ HTTP/1.1" 200 137
INFO 2025-12-22 20:49:19,026 basehttp "OPTIONS /api/posts/stats/ HTTP/1.1" 200 0
INFO 2025-12-22 20:49:19,044 basehttp "GET /api/posts/?ordering=-scheduled_time HTTP/1.1" 200 52
INFO 2025-12-22 20:49:19,057 basehttp "GET /api/posts/stats/ HTTP/1.1" 200 126
INFO 2025-12-22 20:49:19,078 basehttp "GET /api/posts/stats/ HTTP/1.1" 200 126
INFO 2025-12-22 20:49:19,101 basehttp "GET /api/posts/?ordering=-scheduled_time HTTP/1.1" 200 52
ERROR 2025-12-22 20:50:10,682 log Internal Server Error: /api/auth/oauth/github/initiate/
ERROR 2025-12-22 20:50:10,684 basehttp "POST /api/auth/oauth/github/initiate/ HTTP/1.1" 500 84
ERROR 2025-12-22 20:54:32,117 log Internal Server Error: /api/auth/oauth/github/initiate/
ERROR 2025-12-22 20:54:32,118 basehttp "POST /api/auth/oauth/github/initiate/ HTTP/1.1" 500 84
INFO 2025-12-22 20:56:01,527 basehttp "OPTIONS /api/auth/register/ HTTP/1.1" 200 0
INFO 2025-12-22 20:56:02,852 basehttp "POST /api/auth/register/ HTTP/1.1" 201 683
INFO 2025-12-22 20:56:02,909 basehttp "GET /api/auth/profile/ HTTP/1.1" 200 140
INFO 2025-12-22 20:56:03,070 basehttp "GET /api/posts/?ordering=-scheduled_time HTTP/1.1" 200 52
INFO 2025-12-22 20:56:03,081 basehttp "GET /api/posts/?ordering=-scheduled_time HTTP/1.1" 200 52
INFO 2025-12-22 20:56:03,090 basehttp "GET /api/posts/stats/ HTTP/1.1" 200 126
INFO 2025-12-22 20:56:03,090 basehttp "GET /api/posts/stats/ HTTP/1.1" 200 126
INFO 2025-12-22 20:57:21,288 basehttp "GET /api/auth/profile/ HTTP/1.1" 200 140
INFO 2025-12-22 20:57:21,294 basehttp "GET /api/auth/profile/ HTTP/1.1" 200 140
INFO 2025-12-22 20:57:21,386 basehttp "GET /api/posts/?ordering=-scheduled_time HTTP/1.1" 200 52
INFO 2025-12-22 20:57:21,389 basehttp "GET /api/posts/?ordering=-scheduled_time HTTP/1.1" 200 52
INFO 2025-12-22 20:57:21,403 basehttp "GET /api/posts/stats/ HTTP/1.1" 200 126
INFO 2025-12-22 20:57:21,414 basehttp "GET /api/posts/stats/ HTTP/1.1" 200 126
INFO 2025-12-22 20:57:22,162 basehttp "GET /api/posts/?ordering=-scheduled_time HTTP/1.1" 200 52
INFO 2025-12-22 20:57:22,171 basehttp "GET /api/posts/?ordering=-scheduled_time HTTP/1.1" 200 52
INFO 2025-12-22 20:57:24,931 basehttp "OPTIONS /api/social-accounts/status/ HTTP/1.1" 200 0
INFO 2025-12-22 20:57:24,932 basehttp "OPTIONS /api/social-accounts/status/ HTTP/1.1" 200 0
ERROR 2025-12-22 20:57:25,289 log Internal Server Error: /api/social-accounts/status/
Traceback (most recent call last):
  File "/home/ayooluwa/Documents/codes/Auto_post/backend/.venv/lib/python3.12/site-packages/django/db/backends/utils.py", line 105, in _execute
    return self.cursor.execute(sql, params)
           ^^^^^^^^^^^^^^^^^^^^^^^^^^^^^^^^
  File "/home/ayooluwa/Documents/codes/Auto_post/backend/.venv/lib/python3.12/site-packages/django/db/backends/sqlite3/base.py", line 360, in execute
    return super().execute(query, params)
           ^^^^^^^^^^^^^^^^^^^^^^^^^^^^^^
sqlite3.OperationalError: no such table: posts_socialaccount

The above exception was the direct cause of the following exception:

Traceback (most recent call last):
  File "/home/ayooluwa/Documents/codes/Auto_post/backend/.venv/lib/python3.12/site-packages/django/core/handlers/exception.py", line 55, in inner
    response = get_response(request)
               ^^^^^^^^^^^^^^^^^^^^^
  File "/home/ayooluwa/Documents/codes/Auto_post/backend/.venv/lib/python3.12/site-packages/django/core/handlers/base.py", line 197, in _get_response
    response = wrapped_callback(request, *callback_args, **callback_kwargs)
               ^^^^^^^^^^^^^^^^^^^^^^^^^^^^^^^^^^^^^^^^^^^^^^^^^^^^^^^^^^^^
  File "/home/ayooluwa/Documents/codes/Auto_post/backend/.venv/lib/python3.12/site-packages/django/views/decorators/csrf.py", line 65, in _view_wrapper
    return view_func(request, *args, **kwargs)
           ^^^^^^^^^^^^^^^^^^^^^^^^^^^^^^^^^^^
  File "/home/ayooluwa/Documents/codes/Auto_post/backend/.venv/lib/python3.12/site-packages/rest_framework/viewsets.py", line 124, in view
    return self.dispatch(request, *args, **kwargs)
           ^^^^^^^^^^^^^^^^^^^^^^^^^^^^^^^^^^^^^^^
  File "/home/ayooluwa/Documents/codes/Auto_post/backend/.venv/lib/python3.12/site-packages/rest_framework/views.py", line 509, in dispatch
    response = self.handle_exception(exc)
               ^^^^^^^^^^^^^^^^^^^^^^^^^^
  File "/home/ayooluwa/Documents/codes/Auto_post/backend/.venv/lib/python3.12/site-packages/rest_framework/views.py", line 469, in handle_exception
    self.raise_uncaught_exception(exc)
  File "/home/ayooluwa/Documents/codes/Auto_post/backend/.venv/lib/python3.12/site-packages/rest_framework/views.py", line 480, in raise_uncaught_exception
    raise exc
  File "/home/ayooluwa/Documents/codes/Auto_post/backend/.venv/lib/python3.12/site-packages/rest_framework/views.py", line 506, in dispatch
    response = handler(request, *args, **kwargs)
               ^^^^^^^^^^^^^^^^^^^^^^^^^^^^^^^^^
  File "/home/ayooluwa/Documents/codes/Auto_post/backend/postAutomation_backend/posts/views.py", line 149, in status
    account = accounts.filter(platform=platform_code).first()
              ^^^^^^^^^^^^^^^^^^^^^^^^^^^^^^^^^^^^^^^^^^^^^^^
  File "/home/ayooluwa/Documents/codes/Auto_post/backend/.venv/lib/python3.12/site-packages/django/db/models/query.py", line 1104, in first
    for obj in queryset[:1]:
  File "/home/ayooluwa/Documents/codes/Auto_post/backend/.venv/lib/python3.12/site-packages/django/db/models/query.py", line 384, in __iter__
    self._fetch_all()
  File "/home/ayooluwa/Documents/codes/Auto_post/backend/.venv/lib/python3.12/site-packages/django/db/models/query.py", line 1949, in _fetch_all
    self._result_cache = list(self._iterable_class(self))
                         ^^^^^^^^^^^^^^^^^^^^^^^^^^^^^^^^
  File "/home/ayooluwa/Documents/codes/Auto_post/backend/.venv/lib/python3.12/site-packages/django/db/models/query.py", line 91, in __iter__
    results = compiler.execute_sql(
              ^^^^^^^^^^^^^^^^^^^^^
  File "/home/ayooluwa/Documents/codes/Auto_post/backend/.venv/lib/python3.12/site-packages/django/db/models/sql/compiler.py", line 1623, in execute_sql
    cursor.execute(sql, params)
  File "/home/ayooluwa/Documents/codes/Auto_post/backend/.venv/lib/python3.12/site-packages/django/db/backends/utils.py", line 122, in execute
    return super().execute(sql, params)
           ^^^^^^^^^^^^^^^^^^^^^^^^^^^^
  File "/home/ayooluwa/Documents/codes/Auto_post/backend/.venv/lib/python3.12/site-packages/django/db/backends/utils.py", line 79, in execute
    return self._execute_with_wrappers(
           ^^^^^^^^^^^^^^^^^^^^^^^^^^^^
  File "/home/ayooluwa/Documents/codes/Auto_post/backend/.venv/lib/python3.12/site-packages/django/db/backends/utils.py", line 92, in _execute_with_wrappers
    return executor(sql, params, many, context)
           ^^^^^^^^^^^^^^^^^^^^^^^^^^^^^^^^^^^^
  File "/home/ayooluwa/Documents/codes/Auto_post/backend/.venv/lib/python3.12/site-packages/django/db/backends/utils.py", line 100, in _execute
    with self.db.wrap_database_errors:
  File "/home/ayooluwa/Documents/codes/Auto_post/backend/.venv/lib/python3.12/site-packages/django/db/utils.py", line 91, in __exit__
    raise dj_exc_value.with_traceback(traceback) from exc_value
  File "/home/ayooluwa/Documents/codes/Auto_post/backend/.venv/lib/python3.12/site-packages/django/db/backends/utils.py", line 105, in _execute
    return self.cursor.execute(sql, params)
           ^^^^^^^^^^^^^^^^^^^^^^^^^^^^^^^^
  File "/home/ayooluwa/Documents/codes/Auto_post/backend/.venv/lib/python3.12/site-packages/django/db/backends/sqlite3/base.py", line 360, in execute
    return super().execute(query, params)
           ^^^^^^^^^^^^^^^^^^^^^^^^^^^^^^
django.db.utils.OperationalError: no such table: posts_socialaccount
ERROR 2025-12-22 20:57:25,298 log Internal Server Error: /api/social-accounts/status/
Traceback (most recent call last):
  File "/home/ayooluwa/Documents/codes/Auto_post/backend/.venv/lib/python3.12/site-packages/django/db/backends/utils.py", line 105, in _execute
    return self.cursor.execute(sql, params)
           ^^^^^^^^^^^^^^^^^^^^^^^^^^^^^^^^
  File "/home/ayooluwa/Documents/codes/Auto_post/backend/.venv/lib/python3.12/site-packages/django/db/backends/sqlite3/base.py", line 360, in execute
    return super().execute(query, params)
           ^^^^^^^^^^^^^^^^^^^^^^^^^^^^^^
sqlite3.OperationalError: no such table: posts_socialaccount

The above exception was the direct cause of the following exception:

Traceback (most recent call last):
  File "/home/ayooluwa/Documents/codes/Auto_post/backend/.venv/lib/python3.12/site-packages/django/core/handlers/exception.py", line 55, in inner
    response = get_response(request)
               ^^^^^^^^^^^^^^^^^^^^^
  File "/home/ayooluwa/Documents/codes/Auto_post/backend/.venv/lib/python3.12/site-packages/django/core/handlers/base.py", line 197, in _get_response
    response = wrapped_callback(request, *callback_args, **callback_kwargs)
               ^^^^^^^^^^^^^^^^^^^^^^^^^^^^^^^^^^^^^^^^^^^^^^^^^^^^^^^^^^^^
  File "/home/ayooluwa/Documents/codes/Auto_post/backend/.venv/lib/python3.12/site-packages/django/views/decorators/csrf.py", line 65, in _view_wrapper
    return view_func(request, *args, **kwargs)
           ^^^^^^^^^^^^^^^^^^^^^^^^^^^^^^^^^^^
  File "/home/ayooluwa/Documents/codes/Auto_post/backend/.venv/lib/python3.12/site-packages/rest_framework/viewsets.py", line 124, in view
    return self.dispatch(request, *args, **kwargs)
           ^^^^^^^^^^^^^^^^^^^^^^^^^^^^^^^^^^^^^^^
  File "/home/ayooluwa/Documents/codes/Auto_post/backend/.venv/lib/python3.12/site-packages/rest_framework/views.py", line 509, in dispatch
    response = self.handle_exception(exc)
               ^^^^^^^^^^^^^^^^^^^^^^^^^^
  File "/home/ayooluwa/Documents/codes/Auto_post/backend/.venv/lib/python3.12/site-packages/rest_framework/views.py", line 469, in handle_exception
    self.raise_uncaught_exception(exc)
  File "/home/ayooluwa/Documents/codes/Auto_post/backend/.venv/lib/python3.12/site-packages/rest_framework/views.py", line 480, in raise_uncaught_exception
    raise exc
  File "/home/ayooluwa/Documents/codes/Auto_post/backend/.venv/lib/python3.12/site-packages/rest_framework/views.py", line 506, in dispatch
    response = handler(request, *args, **kwargs)
               ^^^^^^^^^^^^^^^^^^^^^^^^^^^^^^^^^
  File "/home/ayooluwa/Documents/codes/Auto_post/backend/postAutomation_backend/posts/views.py", line 149, in status
    account = accounts.filter(platform=platform_code).first()
              ^^^^^^^^^^^^^^^^^^^^^^^^^^^^^^^^^^^^^^^^^^^^^^^
  File "/home/ayooluwa/Documents/codes/Auto_post/backend/.venv/lib/python3.12/site-packages/django/db/models/query.py", line 1104, in first
    for obj in queryset[:1]:
  File "/home/ayooluwa/Documents/codes/Auto_post/backend/.venv/lib/python3.12/site-packages/django/db/models/query.py", line 384, in __iter__
    self._fetch_all()
  File "/home/ayooluwa/Documents/codes/Auto_post/backend/.venv/lib/python3.12/site-packages/django/db/models/query.py", line 1949, in _fetch_all
    self._result_cache = list(self._iterable_class(self))
                         ^^^^^^^^^^^^^^^^^^^^^^^^^^^^^^^^
  File "/home/ayooluwa/Documents/codes/Auto_post/backend/.venv/lib/python3.12/site-packages/django/db/models/query.py", line 91, in __iter__
    results = compiler.execute_sql(
              ^^^^^^^^^^^^^^^^^^^^^
  File "/home/ayooluwa/Documents/codes/Auto_post/backend/.venv/lib/python3.12/site-packages/django/db/models/sql/compiler.py", line 1623, in execute_sql
    cursor.execute(sql, params)
  File "/home/ayooluwa/Documents/codes/Auto_post/backend/.venv/lib/python3.12/site-packages/django/db/backends/utils.py", line 122, in execute
    return super().execute(sql, params)
           ^^^^^^^^^^^^^^^^^^^^^^^^^^^^
  File "/home/ayooluwa/Documents/codes/Auto_post/backend/.venv/lib/python3.12/site-packages/django/db/backends/utils.py", line 79, in execute
    return self._execute_with_wrappers(
           ^^^^^^^^^^^^^^^^^^^^^^^^^^^^
  File "/home/ayooluwa/Documents/codes/Auto_post/backend/.venv/lib/python3.12/site-packages/django/db/backends/utils.py", line 92, in _execute_with_wrappers
    return executor(sql, params, many, context)
           ^^^^^^^^^^^^^^^^^^^^^^^^^^^^^^^^^^^^
  File "/home/ayooluwa/Documents/codes/Auto_post/backend/.venv/lib/python3.12/site-packages/django/db/backends/utils.py", line 100, in _execute
    with self.db.wrap_database_errors:
  File "/home/ayooluwa/Documents/codes/Auto_post/backend/.venv/lib/python3.12/site-packages/django/db/utils.py", line 91, in __exit__
    raise dj_exc_value.with_traceback(traceback) from exc_value
  File "/home/ayooluwa/Documents/codes/Auto_post/backend/.venv/lib/python3.12/site-packages/django/db/backends/utils.py", line 105, in _execute
    return self.cursor.execute(sql, params)
           ^^^^^^^^^^^^^^^^^^^^^^^^^^^^^^^^
  File "/home/ayooluwa/Documents/codes/Auto_post/backend/.venv/lib/python3.12/site-packages/django/db/backends/sqlite3/base.py", line 360, in execute
    return super().execute(query, params)
           ^^^^^^^^^^^^^^^^^^^^^^^^^^^^^^
django.db.utils.OperationalError: no such table: posts_socialaccount
ERROR 2025-12-22 20:57:25,303 basehttp "GET /api/social-accounts/status/ HTTP/1.1" 500 178795
ERROR 2025-12-22 20:57:25,306 basehttp "GET /api/social-accounts/status/ HTTP/1.1" 500 178795
INFO 2025-12-22 20:57:27,357 basehttp "GET /api/posts/?ordering=-scheduled_time HTTP/1.1" 200 52
INFO 2025-12-22 20:57:27,370 basehttp "GET /api/posts/?ordering=-scheduled_time HTTP/1.1" 200 52
INFO 2025-12-22 20:57:27,379 basehttp "GET /api/posts/stats/ HTTP/1.1" 200 126
INFO 2025-12-22 20:57:27,386 basehttp "GET /api/posts/stats/ HTTP/1.1" 200 126
INFO 2025-12-22 20:58:33,221 basehttp "GET /api/auth/profile/ HTTP/1.1" 200 140
INFO 2025-12-22 20:58:33,222 basehttp "GET /api/auth/profile/ HTTP/1.1" 200 140
INFO 2025-12-22 20:58:33,369 basehttp "GET /api/posts/?ordering=-scheduled_time HTTP/1.1" 200 52
INFO 2025-12-22 20:58:33,387 basehttp "GET /api/posts/?ordering=-scheduled_time HTTP/1.1" 200 52
INFO 2025-12-22 20:58:33,401 basehttp "GET /api/posts/stats/ HTTP/1.1" 200 126
INFO 2025-12-22 20:58:33,409 basehttp "GET /api/posts/stats/ HTTP/1.1" 200 126
INFO 2025-12-22 20:59:40,413 basehttp "GET /api/posts/?ordering=-scheduled_time HTTP/1.1" 200 52
INFO 2025-12-22 20:59:40,423 basehttp "GET /api/posts/?ordering=-scheduled_time HTTP/1.1" 200 52
ERROR 2025-12-22 20:59:42,801 log Internal Server Error: /api/social-accounts/status/
Traceback (most recent call last):
  File "/home/ayooluwa/Documents/codes/Auto_post/backend/.venv/lib/python3.12/site-packages/django/db/backends/utils.py", line 105, in _execute
    return self.cursor.execute(sql, params)
           ^^^^^^^^^^^^^^^^^^^^^^^^^^^^^^^^
  File "/home/ayooluwa/Documents/codes/Auto_post/backend/.venv/lib/python3.12/site-packages/django/db/backends/sqlite3/base.py", line 360, in execute
    return super().execute(query, params)
           ^^^^^^^^^^^^^^^^^^^^^^^^^^^^^^
sqlite3.OperationalError: no such table: posts_socialaccount

The above exception was the direct cause of the following exception:

Traceback (most recent call last):
  File "/home/ayooluwa/Documents/codes/Auto_post/backend/.venv/lib/python3.12/site-packages/django/core/handlers/exception.py", line 55, in inner
    response = get_response(request)
               ^^^^^^^^^^^^^^^^^^^^^
  File "/home/ayooluwa/Documents/codes/Auto_post/backend/.venv/lib/python3.12/site-packages/django/core/handlers/base.py", line 197, in _get_response
    response = wrapped_callback(request, *callback_args, **callback_kwargs)
               ^^^^^^^^^^^^^^^^^^^^^^^^^^^^^^^^^^^^^^^^^^^^^^^^^^^^^^^^^^^^
  File "/home/ayooluwa/Documents/codes/Auto_post/backend/.venv/lib/python3.12/site-packages/django/views/decorators/csrf.py", line 65, in _view_wrapper
    return view_func(request, *args, **kwargs)
           ^^^^^^^^^^^^^^^^^^^^^^^^^^^^^^^^^^^
  File "/home/ayooluwa/Documents/codes/Auto_post/backend/.venv/lib/python3.12/site-packages/rest_framework/viewsets.py", line 124, in view
    return self.dispatch(request, *args, **kwargs)
           ^^^^^^^^^^^^^^^^^^^^^^^^^^^^^^^^^^^^^^^
  File "/home/ayooluwa/Documents/codes/Auto_post/backend/.venv/lib/python3.12/site-packages/rest_framework/views.py", line 509, in dispatch
    response = self.handle_exception(exc)
               ^^^^^^^^^^^^^^^^^^^^^^^^^^
  File "/home/ayooluwa/Documents/codes/Auto_post/backend/.venv/lib/python3.12/site-packages/rest_framework/views.py", line 469, in handle_exception
    self.raise_uncaught_exception(exc)
  File "/home/ayooluwa/Documents/codes/Auto_post/backend/.venv/lib/python3.12/site-packages/rest_framework/views.py", line 480, in raise_uncaught_exception
    raise exc
  File "/home/ayooluwa/Documents/codes/Auto_post/backend/.venv/lib/python3.12/site-packages/rest_framework/views.py", line 506, in dispatch
    response = handler(request, *args, **kwargs)
               ^^^^^^^^^^^^^^^^^^^^^^^^^^^^^^^^^
  File "/home/ayooluwa/Documents/codes/Auto_post/backend/postAutomation_backend/posts/views.py", line 149, in status
    account = accounts.filter(platform=platform_code).first()
              ^^^^^^^^^^^^^^^^^^^^^^^^^^^^^^^^^^^^^^^^^^^^^^^
  File "/home/ayooluwa/Documents/codes/Auto_post/backend/.venv/lib/python3.12/site-packages/django/db/models/query.py", line 1104, in first
    for obj in queryset[:1]:
  File "/home/ayooluwa/Documents/codes/Auto_post/backend/.venv/lib/python3.12/site-packages/django/db/models/query.py", line 384, in __iter__
    self._fetch_all()
  File "/home/ayooluwa/Documents/codes/Auto_post/backend/.venv/lib/python3.12/site-packages/django/db/models/query.py", line 1949, in _fetch_all
    self._result_cache = list(self._iterable_class(self))
                         ^^^^^^^^^^^^^^^^^^^^^^^^^^^^^^^^
  File "/home/ayooluwa/Documents/codes/Auto_post/backend/.venv/lib/python3.12/site-packages/django/db/models/query.py", line 91, in __iter__
    results = compiler.execute_sql(
              ^^^^^^^^^^^^^^^^^^^^^
  File "/home/ayooluwa/Documents/codes/Auto_post/backend/.venv/lib/python3.12/site-packages/django/db/models/sql/compiler.py", line 1623, in execute_sql
    cursor.execute(sql, params)
  File "/home/ayooluwa/Documents/codes/Auto_post/backend/.venv/lib/python3.12/site-packages/django/db/backends/utils.py", line 122, in execute
    return super().execute(sql, params)
           ^^^^^^^^^^^^^^^^^^^^^^^^^^^^
  File "/home/ayooluwa/Documents/codes/Auto_post/backend/.venv/lib/python3.12/site-packages/django/db/backends/utils.py", line 79, in execute
    return self._execute_with_wrappers(
           ^^^^^^^^^^^^^^^^^^^^^^^^^^^^
  File "/home/ayooluwa/Documents/codes/Auto_post/backend/.venv/lib/python3.12/site-packages/django/db/backends/utils.py", line 92, in _execute_with_wrappers
    return executor(sql, params, many, context)
           ^^^^^^^^^^^^^^^^^^^^^^^^^^^^^^^^^^^^
  File "/home/ayooluwa/Documents/codes/Auto_post/backend/.venv/lib/python3.12/site-packages/django/db/backends/utils.py", line 100, in _execute
    with self.db.wrap_database_errors:
  File "/home/ayooluwa/Documents/codes/Auto_post/backend/.venv/lib/python3.12/site-packages/django/db/utils.py", line 91, in __exit__
    raise dj_exc_value.with_traceback(traceback) from exc_value
  File "/home/ayooluwa/Documents/codes/Auto_post/backend/.venv/lib/python3.12/site-packages/django/db/backends/utils.py", line 105, in _execute
    return self.cursor.execute(sql, params)
           ^^^^^^^^^^^^^^^^^^^^^^^^^^^^^^^^
  File "/home/ayooluwa/Documents/codes/Auto_post/backend/.venv/lib/python3.12/site-packages/django/db/backends/sqlite3/base.py", line 360, in execute
    return super().execute(query, params)
           ^^^^^^^^^^^^^^^^^^^^^^^^^^^^^^
django.db.utils.OperationalError: no such table: posts_socialaccount
ERROR 2025-12-22 20:59:42,831 log Internal Server Error: /api/social-accounts/status/
Traceback (most recent call last):
  File "/home/ayooluwa/Documents/codes/Auto_post/backend/.venv/lib/python3.12/site-packages/django/db/backends/utils.py", line 105, in _execute
    return self.cursor.execute(sql, params)
           ^^^^^^^^^^^^^^^^^^^^^^^^^^^^^^^^
  File "/home/ayooluwa/Documents/codes/Auto_post/backend/.venv/lib/python3.12/site-packages/django/db/backends/sqlite3/base.py", line 360, in execute
    return super().execute(query, params)
           ^^^^^^^^^^^^^^^^^^^^^^^^^^^^^^
sqlite3.OperationalError: no such table: posts_socialaccount

The above exception was the direct cause of the following exception:

Traceback (most recent call last):
  File "/home/ayooluwa/Documents/codes/Auto_post/backend/.venv/lib/python3.12/site-packages/django/core/handlers/exception.py", line 55, in inner
    response = get_response(request)
               ^^^^^^^^^^^^^^^^^^^^^
  File "/home/ayooluwa/Documents/codes/Auto_post/backend/.venv/lib/python3.12/site-packages/django/core/handlers/base.py", line 197, in _get_response
    response = wrapped_callback(request, *callback_args, **callback_kwargs)
               ^^^^^^^^^^^^^^^^^^^^^^^^^^^^^^^^^^^^^^^^^^^^^^^^^^^^^^^^^^^^
  File "/home/ayooluwa/Documents/codes/Auto_post/backend/.venv/lib/python3.12/site-packages/django/views/decorators/csrf.py", line 65, in _view_wrapper
    return view_func(request, *args, **kwargs)
           ^^^^^^^^^^^^^^^^^^^^^^^^^^^^^^^^^^^
  File "/home/ayooluwa/Documents/codes/Auto_post/backend/.venv/lib/python3.12/site-packages/rest_framework/viewsets.py", line 124, in view
    return self.dispatch(request, *args, **kwargs)
           ^^^^^^^^^^^^^^^^^^^^^^^^^^^^^^^^^^^^^^^
  File "/home/ayooluwa/Documents/codes/Auto_post/backend/.venv/lib/python3.12/site-packages/rest_framework/views.py", line 509, in dispatch
    response = self.handle_exception(exc)
               ^^^^^^^^^^^^^^^^^^^^^^^^^^
  File "/home/ayooluwa/Documents/codes/Auto_post/backend/.venv/lib/python3.12/site-packages/rest_framework/views.py", line 469, in handle_exception
    self.raise_uncaught_exception(exc)
  File "/home/ayooluwa/Documents/codes/Auto_post/backend/.venv/lib/python3.12/site-packages/rest_framework/views.py", line 480, in raise_uncaught_exception
    raise exc
  File "/home/ayooluwa/Documents/codes/Auto_post/backend/.venv/lib/python3.12/site-packages/rest_framework/views.py", line 506, in dispatch
    response = handler(request, *args, **kwargs)
               ^^^^^^^^^^^^^^^^^^^^^^^^^^^^^^^^^
  File "/home/ayooluwa/Documents/codes/Auto_post/backend/postAutomation_backend/posts/views.py", line 149, in status
    account = accounts.filter(platform=platform_code).first()
              ^^^^^^^^^^^^^^^^^^^^^^^^^^^^^^^^^^^^^^^^^^^^^^^
  File "/home/ayooluwa/Documents/codes/Auto_post/backend/.venv/lib/python3.12/site-packages/django/db/models/query.py", line 1104, in first
    for obj in queryset[:1]:
  File "/home/ayooluwa/Documents/codes/Auto_post/backend/.venv/lib/python3.12/site-packages/django/db/models/query.py", line 384, in __iter__
    self._fetch_all()
  File "/home/ayooluwa/Documents/codes/Auto_post/backend/.venv/lib/python3.12/site-packages/django/db/models/query.py", line 1949, in _fetch_all
    self._result_cache = list(self._iterable_class(self))
                         ^^^^^^^^^^^^^^^^^^^^^^^^^^^^^^^^
  File "/home/ayooluwa/Documents/codes/Auto_post/backend/.venv/lib/python3.12/site-packages/django/db/models/query.py", line 91, in __iter__
    results = compiler.execute_sql(
              ^^^^^^^^^^^^^^^^^^^^^
  File "/home/ayooluwa/Documents/codes/Auto_post/backend/.venv/lib/python3.12/site-packages/django/db/models/sql/compiler.py", line 1623, in execute_sql
    cursor.execute(sql, params)
  File "/home/ayooluwa/Documents/codes/Auto_post/backend/.venv/lib/python3.12/site-packages/django/db/backends/utils.py", line 122, in execute
    return super().execute(sql, params)
           ^^^^^^^^^^^^^^^^^^^^^^^^^^^^
  File "/home/ayooluwa/Documents/codes/Auto_post/backend/.venv/lib/python3.12/site-packages/django/db/backends/utils.py", line 79, in execute
    return self._execute_with_wrappers(
           ^^^^^^^^^^^^^^^^^^^^^^^^^^^^
  File "/home/ayooluwa/Documents/codes/Auto_post/backend/.venv/lib/python3.12/site-packages/django/db/backends/utils.py", line 92, in _execute_with_wrappers
    return executor(sql, params, many, context)
           ^^^^^^^^^^^^^^^^^^^^^^^^^^^^^^^^^^^^
  File "/home/ayooluwa/Documents/codes/Auto_post/backend/.venv/lib/python3.12/site-packages/django/db/backends/utils.py", line 100, in _execute
    with self.db.wrap_database_errors:
  File "/home/ayooluwa/Documents/codes/Auto_post/backend/.venv/lib/python3.12/site-packages/django/db/utils.py", line 91, in __exit__
    raise dj_exc_value.with_traceback(traceback) from exc_value
  File "/home/ayooluwa/Documents/codes/Auto_post/backend/.venv/lib/python3.12/site-packages/django/db/backends/utils.py", line 105, in _execute
    return self.cursor.execute(sql, params)
           ^^^^^^^^^^^^^^^^^^^^^^^^^^^^^^^^
  File "/home/ayooluwa/Documents/codes/Auto_post/backend/.venv/lib/python3.12/site-packages/django/db/backends/sqlite3/base.py", line 360, in execute
    return super().execute(query, params)
           ^^^^^^^^^^^^^^^^^^^^^^^^^^^^^^
django.db.utils.OperationalError: no such table: posts_socialaccount
ERROR 2025-12-22 20:59:42,833 basehttp "GET /api/social-accounts/status/ HTTP/1.1" 500 178795
ERROR 2025-12-22 20:59:42,836 basehttp "GET /api/social-accounts/status/ HTTP/1.1" 500 178795
INFO 2025-12-22 20:59:43,585 basehttp "GET /api/posts/stats/ HTTP/1.1" 200 126
INFO 2025-12-22 20:59:43,594 basehttp "GET /api/posts/stats/ HTTP/1.1" 200 126
INFO 2025-12-22 20:59:59,033 basehttp "GET /api/posts/?ordering=-scheduled_time HTTP/1.1" 200 52
INFO 2025-12-22 20:59:59,058 basehttp "GET /api/posts/?ordering=-scheduled_time HTTP/1.1" 200 52
INFO 2025-12-22 20:59:59,059 basehttp "GET /api/posts/stats/ HTTP/1.1" 200 126
INFO 2025-12-22 20:59:59,073 basehttp "GET /api/posts/stats/ HTTP/1.1" 200 126
INFO 2025-12-22 21:01:14,265 basehttp "GET /api/posts/?ordering=-scheduled_time HTTP/1.1" 200 52
INFO 2025-12-22 21:01:14,268 basehttp "GET /api/posts/?ordering=-scheduled_time HTTP/1.1" 200 52
INFO 2025-12-22 21:01:14,279 basehttp "GET /api/posts/stats/ HTTP/1.1" 200 126
INFO 2025-12-22 21:01:14,280 basehttp "GET /api/posts/stats/ HTTP/1.1" 200 126
INFO 2025-12-22 21:01:44,606 basehttp "GET /api/posts/?ordering=-scheduled_time HTTP/1.1" 200 52
INFO 2025-12-22 21:01:44,615 basehttp "GET /api/posts/?ordering=-scheduled_time HTTP/1.1" 200 52
INFO 2025-12-22 21:01:44,625 basehttp "GET /api/posts/stats/ HTTP/1.1" 200 126
INFO 2025-12-22 21:01:44,633 basehttp "GET /api/posts/stats/ HTTP/1.1" 200 126
INFO 2025-12-22 21:02:32,827 basehttp "GET /api/posts/?ordering=-scheduled_time HTTP/1.1" 200 52
INFO 2025-12-22 21:02:32,830 basehttp "GET /api/posts/?ordering=-scheduled_time HTTP/1.1" 200 52
INFO 2025-12-22 21:02:39,535 basehttp "GET /api/posts/?ordering=-scheduled_time HTTP/1.1" 200 52
INFO 2025-12-22 21:02:39,546 basehttp "GET /api/posts/?ordering=-scheduled_time HTTP/1.1" 200 52
INFO 2025-12-22 21:02:39,559 basehttp "GET /api/posts/stats/ HTTP/1.1" 200 126
INFO 2025-12-22 21:02:39,559 basehttp "GET /api/posts/stats/ HTTP/1.1" 200 126
ERROR 2025-12-22 21:02:42,834 log Internal Server Error: /api/social-accounts/status/
Traceback (most recent call last):
  File "/home/ayooluwa/Documents/codes/Auto_post/backend/.venv/lib/python3.12/site-packages/django/db/backends/utils.py", line 105, in _execute
    return self.cursor.execute(sql, params)
           ^^^^^^^^^^^^^^^^^^^^^^^^^^^^^^^^
  File "/home/ayooluwa/Documents/codes/Auto_post/backend/.venv/lib/python3.12/site-packages/django/db/backends/sqlite3/base.py", line 360, in execute
    return super().execute(query, params)
           ^^^^^^^^^^^^^^^^^^^^^^^^^^^^^^
sqlite3.OperationalError: no such table: posts_socialaccount

The above exception was the direct cause of the following exception:

Traceback (most recent call last):
  File "/home/ayooluwa/Documents/codes/Auto_post/backend/.venv/lib/python3.12/site-packages/django/core/handlers/exception.py", line 55, in inner
    response = get_response(request)
               ^^^^^^^^^^^^^^^^^^^^^
  File "/home/ayooluwa/Documents/codes/Auto_post/backend/.venv/lib/python3.12/site-packages/django/core/handlers/base.py", line 197, in _get_response
    response = wrapped_callback(request, *callback_args, **callback_kwargs)
               ^^^^^^^^^^^^^^^^^^^^^^^^^^^^^^^^^^^^^^^^^^^^^^^^^^^^^^^^^^^^
  File "/home/ayooluwa/Documents/codes/Auto_post/backend/.venv/lib/python3.12/site-packages/django/views/decorators/csrf.py", line 65, in _view_wrapper
    return view_func(request, *args, **kwargs)
           ^^^^^^^^^^^^^^^^^^^^^^^^^^^^^^^^^^^
  File "/home/ayooluwa/Documents/codes/Auto_post/backend/.venv/lib/python3.12/site-packages/rest_framework/viewsets.py", line 124, in view
    return self.dispatch(request, *args, **kwargs)
           ^^^^^^^^^^^^^^^^^^^^^^^^^^^^^^^^^^^^^^^
  File "/home/ayooluwa/Documents/codes/Auto_post/backend/.venv/lib/python3.12/site-packages/rest_framework/views.py", line 509, in dispatch
    response = self.handle_exception(exc)
               ^^^^^^^^^^^^^^^^^^^^^^^^^^
  File "/home/ayooluwa/Documents/codes/Auto_post/backend/.venv/lib/python3.12/site-packages/rest_framework/views.py", line 469, in handle_exception
    self.raise_uncaught_exception(exc)
  File "/home/ayooluwa/Documents/codes/Auto_post/backend/.venv/lib/python3.12/site-packages/rest_framework/views.py", line 480, in raise_uncaught_exception
    raise exc
  File "/home/ayooluwa/Documents/codes/Auto_post/backend/.venv/lib/python3.12/site-packages/rest_framework/views.py", line 506, in dispatch
    response = handler(request, *args, **kwargs)
               ^^^^^^^^^^^^^^^^^^^^^^^^^^^^^^^^^
  File "/home/ayooluwa/Documents/codes/Auto_post/backend/postAutomation_backend/posts/views.py", line 149, in status
    account = accounts.filter(platform=platform_code).first()
              ^^^^^^^^^^^^^^^^^^^^^^^^^^^^^^^^^^^^^^^^^^^^^^^
  File "/home/ayooluwa/Documents/codes/Auto_post/backend/.venv/lib/python3.12/site-packages/django/db/models/query.py", line 1104, in first
    for obj in queryset[:1]:
  File "/home/ayooluwa/Documents/codes/Auto_post/backend/.venv/lib/python3.12/site-packages/django/db/models/query.py", line 384, in __iter__
    self._fetch_all()
  File "/home/ayooluwa/Documents/codes/Auto_post/backend/.venv/lib/python3.12/site-packages/django/db/models/query.py", line 1949, in _fetch_all
    self._result_cache = list(self._iterable_class(self))
                         ^^^^^^^^^^^^^^^^^^^^^^^^^^^^^^^^
  File "/home/ayooluwa/Documents/codes/Auto_post/backend/.venv/lib/python3.12/site-packages/django/db/models/query.py", line 91, in __iter__
    results = compiler.execute_sql(
              ^^^^^^^^^^^^^^^^^^^^^
  File "/home/ayooluwa/Documents/codes/Auto_post/backend/.venv/lib/python3.12/site-packages/django/db/models/sql/compiler.py", line 1623, in execute_sql
    cursor.execute(sql, params)
  File "/home/ayooluwa/Documents/codes/Auto_post/backend/.venv/lib/python3.12/site-packages/django/db/backends/utils.py", line 122, in execute
    return super().execute(sql, params)
           ^^^^^^^^^^^^^^^^^^^^^^^^^^^^
  File "/home/ayooluwa/Documents/codes/Auto_post/backend/.venv/lib/python3.12/site-packages/django/db/backends/utils.py", line 79, in execute
    return self._execute_with_wrappers(
           ^^^^^^^^^^^^^^^^^^^^^^^^^^^^
  File "/home/ayooluwa/Documents/codes/Auto_post/backend/.venv/lib/python3.12/site-packages/django/db/backends/utils.py", line 92, in _execute_with_wrappers
    return executor(sql, params, many, context)
           ^^^^^^^^^^^^^^^^^^^^^^^^^^^^^^^^^^^^
  File "/home/ayooluwa/Documents/codes/Auto_post/backend/.venv/lib/python3.12/site-packages/django/db/backends/utils.py", line 100, in _execute
    with self.db.wrap_database_errors:
  File "/home/ayooluwa/Documents/codes/Auto_post/backend/.venv/lib/python3.12/site-packages/django/db/utils.py", line 91, in __exit__
    raise dj_exc_value.with_traceback(traceback) from exc_value
  File "/home/ayooluwa/Documents/codes/Auto_post/backend/.venv/lib/python3.12/site-packages/django/db/backends/utils.py", line 105, in _execute
    return self.cursor.execute(sql, params)
           ^^^^^^^^^^^^^^^^^^^^^^^^^^^^^^^^
  File "/home/ayooluwa/Documents/codes/Auto_post/backend/.venv/lib/python3.12/site-packages/django/db/backends/sqlite3/base.py", line 360, in execute
    return super().execute(query, params)
           ^^^^^^^^^^^^^^^^^^^^^^^^^^^^^^
django.db.utils.OperationalError: no such table: posts_socialaccount
ERROR 2025-12-22 21:02:42,871 log Internal Server Error: /api/social-accounts/status/
Traceback (most recent call last):
  File "/home/ayooluwa/Documents/codes/Auto_post/backend/.venv/lib/python3.12/site-packages/django/db/backends/utils.py", line 105, in _execute
    return self.cursor.execute(sql, params)
           ^^^^^^^^^^^^^^^^^^^^^^^^^^^^^^^^
  File "/home/ayooluwa/Documents/codes/Auto_post/backend/.venv/lib/python3.12/site-packages/django/db/backends/sqlite3/base.py", line 360, in execute
    return super().execute(query, params)
           ^^^^^^^^^^^^^^^^^^^^^^^^^^^^^^
sqlite3.OperationalError: no such table: posts_socialaccount

The above exception was the direct cause of the following exception:

Traceback (most recent call last):
  File "/home/ayooluwa/Documents/codes/Auto_post/backend/.venv/lib/python3.12/site-packages/django/core/handlers/exception.py", line 55, in inner
    response = get_response(request)
               ^^^^^^^^^^^^^^^^^^^^^
  File "/home/ayooluwa/Documents/codes/Auto_post/backend/.venv/lib/python3.12/site-packages/django/core/handlers/base.py", line 197, in _get_response
    response = wrapped_callback(request, *callback_args, **callback_kwargs)
               ^^^^^^^^^^^^^^^^^^^^^^^^^^^^^^^^^^^^^^^^^^^^^^^^^^^^^^^^^^^^
  File "/home/ayooluwa/Documents/codes/Auto_post/backend/.venv/lib/python3.12/site-packages/django/views/decorators/csrf.py", line 65, in _view_wrapper
    return view_func(request, *args, **kwargs)
           ^^^^^^^^^^^^^^^^^^^^^^^^^^^^^^^^^^^
  File "/home/ayooluwa/Documents/codes/Auto_post/backend/.venv/lib/python3.12/site-packages/rest_framework/viewsets.py", line 124, in view
    return self.dispatch(request, *args, **kwargs)
           ^^^^^^^^^^^^^^^^^^^^^^^^^^^^^^^^^^^^^^^
  File "/home/ayooluwa/Documents/codes/Auto_post/backend/.venv/lib/python3.12/site-packages/rest_framework/views.py", line 509, in dispatch
    response = self.handle_exception(exc)
               ^^^^^^^^^^^^^^^^^^^^^^^^^^
  File "/home/ayooluwa/Documents/codes/Auto_post/backend/.venv/lib/python3.12/site-packages/rest_framework/views.py", line 469, in handle_exception
    self.raise_uncaught_exception(exc)
  File "/home/ayooluwa/Documents/codes/Auto_post/backend/.venv/lib/python3.12/site-packages/rest_framework/views.py", line 480, in raise_uncaught_exception
    raise exc
  File "/home/ayooluwa/Documents/codes/Auto_post/backend/.venv/lib/python3.12/site-packages/rest_framework/views.py", line 506, in dispatch
    response = handler(request, *args, **kwargs)
               ^^^^^^^^^^^^^^^^^^^^^^^^^^^^^^^^^
  File "/home/ayooluwa/Documents/codes/Auto_post/backend/postAutomation_backend/posts/views.py", line 149, in status
    account = accounts.filter(platform=platform_code).first()
              ^^^^^^^^^^^^^^^^^^^^^^^^^^^^^^^^^^^^^^^^^^^^^^^
  File "/home/ayooluwa/Documents/codes/Auto_post/backend/.venv/lib/python3.12/site-packages/django/db/models/query.py", line 1104, in first
    for obj in queryset[:1]:
  File "/home/ayooluwa/Documents/codes/Auto_post/backend/.venv/lib/python3.12/site-packages/django/db/models/query.py", line 384, in __iter__
    self._fetch_all()
  File "/home/ayooluwa/Documents/codes/Auto_post/backend/.venv/lib/python3.12/site-packages/django/db/models/query.py", line 1949, in _fetch_all
    self._result_cache = list(self._iterable_class(self))
                         ^^^^^^^^^^^^^^^^^^^^^^^^^^^^^^^^
  File "/home/ayooluwa/Documents/codes/Auto_post/backend/.venv/lib/python3.12/site-packages/django/db/models/query.py", line 91, in __iter__
    results = compiler.execute_sql(
              ^^^^^^^^^^^^^^^^^^^^^
  File "/home/ayooluwa/Documents/codes/Auto_post/backend/.venv/lib/python3.12/site-packages/django/db/models/sql/compiler.py", line 1623, in execute_sql
    cursor.execute(sql, params)
  File "/home/ayooluwa/Documents/codes/Auto_post/backend/.venv/lib/python3.12/site-packages/django/db/backends/utils.py", line 122, in execute
    return super().execute(sql, params)
           ^^^^^^^^^^^^^^^^^^^^^^^^^^^^
  File "/home/ayooluwa/Documents/codes/Auto_post/backend/.venv/lib/python3.12/site-packages/django/db/backends/utils.py", line 79, in execute
    return self._execute_with_wrappers(
           ^^^^^^^^^^^^^^^^^^^^^^^^^^^^
  File "/home/ayooluwa/Documents/codes/Auto_post/backend/.venv/lib/python3.12/site-packages/django/db/backends/utils.py", line 92, in _execute_with_wrappers
    return executor(sql, params, many, context)
           ^^^^^^^^^^^^^^^^^^^^^^^^^^^^^^^^^^^^
  File "/home/ayooluwa/Documents/codes/Auto_post/backend/.venv/lib/python3.12/site-packages/django/db/backends/utils.py", line 100, in _execute
    with self.db.wrap_database_errors:
  File "/home/ayooluwa/Documents/codes/Auto_post/backend/.venv/lib/python3.12/site-packages/django/db/utils.py", line 91, in __exit__
    raise dj_exc_value.with_traceback(traceback) from exc_value
  File "/home/ayooluwa/Documents/codes/Auto_post/backend/.venv/lib/python3.12/site-packages/django/db/backends/utils.py", line 105, in _execute
    return self.cursor.execute(sql, params)
           ^^^^^^^^^^^^^^^^^^^^^^^^^^^^^^^^
  File "/home/ayooluwa/Documents/codes/Auto_post/backend/.venv/lib/python3.12/site-packages/django/db/backends/sqlite3/base.py", line 360, in execute
    return super().execute(query, params)
           ^^^^^^^^^^^^^^^^^^^^^^^^^^^^^^
django.db.utils.OperationalError: no such table: posts_socialaccount
ERROR 2025-12-22 21:02:42,872 basehttp "GET /api/social-accounts/status/ HTTP/1.1" 500 178795
ERROR 2025-12-22 21:02:42,879 basehttp "GET /api/social-accounts/status/ HTTP/1.1" 500 178795
INFO 2025-12-22 21:02:55,306 basehttp "GET /api/posts/?ordering=-scheduled_time HTTP/1.1" 200 52
INFO 2025-12-22 21:02:55,310 basehttp "GET /api/posts/?ordering=-scheduled_time HTTP/1.1" 200 52
INFO 2025-12-22 21:02:55,313 basehttp "GET /api/posts/stats/ HTTP/1.1" 200 126
INFO 2025-12-22 21:02:55,330 basehttp "GET /api/posts/stats/ HTTP/1.1" 200 126
INFO 2025-12-22 21:03:10,882 basehttp "GET /api/posts/stats/ HTTP/1.1" 200 126
INFO 2025-12-22 21:03:10,882 basehttp "GET /api/posts/?ordering=-scheduled_time HTTP/1.1" 200 52
INFO 2025-12-22 21:04:38,397 basehttp "GET /api/posts/?ordering=-scheduled_time HTTP/1.1" 200 52
INFO 2025-12-22 21:04:38,401 basehttp "GET /api/posts/?ordering=-scheduled_time HTTP/1.1" 200 52
ERROR 2025-12-22 21:04:45,831 log Internal Server Error: /api/social-accounts/status/
Traceback (most recent call last):
  File "/home/ayooluwa/Documents/codes/Auto_post/backend/.venv/lib/python3.12/site-packages/django/db/backends/utils.py", line 105, in _execute
    return self.cursor.execute(sql, params)
           ^^^^^^^^^^^^^^^^^^^^^^^^^^^^^^^^
  File "/home/ayooluwa/Documents/codes/Auto_post/backend/.venv/lib/python3.12/site-packages/django/db/backends/sqlite3/base.py", line 360, in execute
    return super().execute(query, params)
           ^^^^^^^^^^^^^^^^^^^^^^^^^^^^^^
sqlite3.OperationalError: no such table: posts_socialaccount

The above exception was the direct cause of the following exception:

Traceback (most recent call last):
  File "/home/ayooluwa/Documents/codes/Auto_post/backend/.venv/lib/python3.12/site-packages/django/core/handlers/exception.py", line 55, in inner
    response = get_response(request)
               ^^^^^^^^^^^^^^^^^^^^^
  File "/home/ayooluwa/Documents/codes/Auto_post/backend/.venv/lib/python3.12/site-packages/django/core/handlers/base.py", line 197, in _get_response
    response = wrapped_callback(request, *callback_args, **callback_kwargs)
               ^^^^^^^^^^^^^^^^^^^^^^^^^^^^^^^^^^^^^^^^^^^^^^^^^^^^^^^^^^^^
  File "/home/ayooluwa/Documents/codes/Auto_post/backend/.venv/lib/python3.12/site-packages/django/views/decorators/csrf.py", line 65, in _view_wrapper
    return view_func(request, *args, **kwargs)
           ^^^^^^^^^^^^^^^^^^^^^^^^^^^^^^^^^^^
  File "/home/ayooluwa/Documents/codes/Auto_post/backend/.venv/lib/python3.12/site-packages/rest_framework/viewsets.py", line 124, in view
    return self.dispatch(request, *args, **kwargs)
           ^^^^^^^^^^^^^^^^^^^^^^^^^^^^^^^^^^^^^^^
  File "/home/ayooluwa/Documents/codes/Auto_post/backend/.venv/lib/python3.12/site-packages/rest_framework/views.py", line 509, in dispatch
    response = self.handle_exception(exc)
               ^^^^^^^^^^^^^^^^^^^^^^^^^^
  File "/home/ayooluwa/Documents/codes/Auto_post/backend/.venv/lib/python3.12/site-packages/rest_framework/views.py", line 469, in handle_exception
    self.raise_uncaught_exception(exc)
  File "/home/ayooluwa/Documents/codes/Auto_post/backend/.venv/lib/python3.12/site-packages/rest_framework/views.py", line 480, in raise_uncaught_exception
    raise exc
  File "/home/ayooluwa/Documents/codes/Auto_post/backend/.venv/lib/python3.12/site-packages/rest_framework/views.py", line 506, in dispatch
    response = handler(request, *args, **kwargs)
               ^^^^^^^^^^^^^^^^^^^^^^^^^^^^^^^^^
  File "/home/ayooluwa/Documents/codes/Auto_post/backend/postAutomation_backend/posts/views.py", line 149, in status
    account = accounts.filter(platform=platform_code).first()
              ^^^^^^^^^^^^^^^^^^^^^^^^^^^^^^^^^^^^^^^^^^^^^^^
  File "/home/ayooluwa/Documents/codes/Auto_post/backend/.venv/lib/python3.12/site-packages/django/db/models/query.py", line 1104, in first
    for obj in queryset[:1]:
  File "/home/ayooluwa/Documents/codes/Auto_post/backend/.venv/lib/python3.12/site-packages/django/db/models/query.py", line 384, in __iter__
    self._fetch_all()
  File "/home/ayooluwa/Documents/codes/Auto_post/backend/.venv/lib/python3.12/site-packages/django/db/models/query.py", line 1949, in _fetch_all
    self._result_cache = list(self._iterable_class(self))
                         ^^^^^^^^^^^^^^^^^^^^^^^^^^^^^^^^
  File "/home/ayooluwa/Documents/codes/Auto_post/backend/.venv/lib/python3.12/site-packages/django/db/models/query.py", line 91, in __iter__
    results = compiler.execute_sql(
              ^^^^^^^^^^^^^^^^^^^^^
  File "/home/ayooluwa/Documents/codes/Auto_post/backend/.venv/lib/python3.12/site-packages/django/db/models/sql/compiler.py", line 1623, in execute_sql
    cursor.execute(sql, params)
  File "/home/ayooluwa/Documents/codes/Auto_post/backend/.venv/lib/python3.12/site-packages/django/db/backends/utils.py", line 122, in execute
    return super().execute(sql, params)
           ^^^^^^^^^^^^^^^^^^^^^^^^^^^^
  File "/home/ayooluwa/Documents/codes/Auto_post/backend/.venv/lib/python3.12/site-packages/django/db/backends/utils.py", line 79, in execute
    return self._execute_with_wrappers(
           ^^^^^^^^^^^^^^^^^^^^^^^^^^^^
  File "/home/ayooluwa/Documents/codes/Auto_post/backend/.venv/lib/python3.12/site-packages/django/db/backends/utils.py", line 92, in _execute_with_wrappers
    return executor(sql, params, many, context)
           ^^^^^^^^^^^^^^^^^^^^^^^^^^^^^^^^^^^^
  File "/home/ayooluwa/Documents/codes/Auto_post/backend/.venv/lib/python3.12/site-packages/django/db/backends/utils.py", line 100, in _execute
    with self.db.wrap_database_errors:
  File "/home/ayooluwa/Documents/codes/Auto_post/backend/.venv/lib/python3.12/site-packages/django/db/utils.py", line 91, in __exit__
    raise dj_exc_value.with_traceback(traceback) from exc_value
  File "/home/ayooluwa/Documents/codes/Auto_post/backend/.venv/lib/python3.12/site-packages/django/db/backends/utils.py", line 105, in _execute
    return self.cursor.execute(sql, params)
           ^^^^^^^^^^^^^^^^^^^^^^^^^^^^^^^^
  File "/home/ayooluwa/Documents/codes/Auto_post/backend/.venv/lib/python3.12/site-packages/django/db/backends/sqlite3/base.py", line 360, in execute
    return super().execute(query, params)
           ^^^^^^^^^^^^^^^^^^^^^^^^^^^^^^
django.db.utils.OperationalError: no such table: posts_socialaccount
ERROR 2025-12-22 21:04:45,870 basehttp "GET /api/social-accounts/status/ HTTP/1.1" 500 178795
ERROR 2025-12-22 21:04:45,909 log Internal Server Error: /api/social-accounts/status/
Traceback (most recent call last):
  File "/home/ayooluwa/Documents/codes/Auto_post/backend/.venv/lib/python3.12/site-packages/django/db/backends/utils.py", line 105, in _execute
    return self.cursor.execute(sql, params)
           ^^^^^^^^^^^^^^^^^^^^^^^^^^^^^^^^
  File "/home/ayooluwa/Documents/codes/Auto_post/backend/.venv/lib/python3.12/site-packages/django/db/backends/sqlite3/base.py", line 360, in execute
    return super().execute(query, params)
           ^^^^^^^^^^^^^^^^^^^^^^^^^^^^^^
sqlite3.OperationalError: no such table: posts_socialaccount

The above exception was the direct cause of the following exception:

Traceback (most recent call last):
  File "/home/ayooluwa/Documents/codes/Auto_post/backend/.venv/lib/python3.12/site-packages/django/core/handlers/exception.py", line 55, in inner
    response = get_response(request)
               ^^^^^^^^^^^^^^^^^^^^^
  File "/home/ayooluwa/Documents/codes/Auto_post/backend/.venv/lib/python3.12/site-packages/django/core/handlers/base.py", line 197, in _get_response
    response = wrapped_callback(request, *callback_args, **callback_kwargs)
               ^^^^^^^^^^^^^^^^^^^^^^^^^^^^^^^^^^^^^^^^^^^^^^^^^^^^^^^^^^^^
  File "/home/ayooluwa/Documents/codes/Auto_post/backend/.venv/lib/python3.12/site-packages/django/views/decorators/csrf.py", line 65, in _view_wrapper
    return view_func(request, *args, **kwargs)
           ^^^^^^^^^^^^^^^^^^^^^^^^^^^^^^^^^^^
  File "/home/ayooluwa/Documents/codes/Auto_post/backend/.venv/lib/python3.12/site-packages/rest_framework/viewsets.py", line 124, in view
    return self.dispatch(request, *args, **kwargs)
           ^^^^^^^^^^^^^^^^^^^^^^^^^^^^^^^^^^^^^^^
  File "/home/ayooluwa/Documents/codes/Auto_post/backend/.venv/lib/python3.12/site-packages/rest_framework/views.py", line 509, in dispatch
    response = self.handle_exception(exc)
               ^^^^^^^^^^^^^^^^^^^^^^^^^^
  File "/home/ayooluwa/Documents/codes/Auto_post/backend/.venv/lib/python3.12/site-packages/rest_framework/views.py", line 469, in handle_exception
    self.raise_uncaught_exception(exc)
  File "/home/ayooluwa/Documents/codes/Auto_post/backend/.venv/lib/python3.12/site-packages/rest_framework/views.py", line 480, in raise_uncaught_exception
    raise exc
  File "/home/ayooluwa/Documents/codes/Auto_post/backend/.venv/lib/python3.12/site-packages/rest_framework/views.py", line 506, in dispatch
    response = handler(request, *args, **kwargs)
               ^^^^^^^^^^^^^^^^^^^^^^^^^^^^^^^^^
  File "/home/ayooluwa/Documents/codes/Auto_post/backend/postAutomation_backend/posts/views.py", line 149, in status
    account = accounts.filter(platform=platform_code).first()
              ^^^^^^^^^^^^^^^^^^^^^^^^^^^^^^^^^^^^^^^^^^^^^^^
  File "/home/ayooluwa/Documents/codes/Auto_post/backend/.venv/lib/python3.12/site-packages/django/db/models/query.py", line 1104, in first
    for obj in queryset[:1]:
  File "/home/ayooluwa/Documents/codes/Auto_post/backend/.venv/lib/python3.12/site-packages/django/db/models/query.py", line 384, in __iter__
    self._fetch_all()
  File "/home/ayooluwa/Documents/codes/Auto_post/backend/.venv/lib/python3.12/site-packages/django/db/models/query.py", line 1949, in _fetch_all
    self._result_cache = list(self._iterable_class(self))
                         ^^^^^^^^^^^^^^^^^^^^^^^^^^^^^^^^
  File "/home/ayooluwa/Documents/codes/Auto_post/backend/.venv/lib/python3.12/site-packages/django/db/models/query.py", line 91, in __iter__
    results = compiler.execute_sql(
              ^^^^^^^^^^^^^^^^^^^^^
  File "/home/ayooluwa/Documents/codes/Auto_post/backend/.venv/lib/python3.12/site-packages/django/db/models/sql/compiler.py", line 1623, in execute_sql
    cursor.execute(sql, params)
  File "/home/ayooluwa/Documents/codes/Auto_post/backend/.venv/lib/python3.12/site-packages/django/db/backends/utils.py", line 122, in execute
    return super().execute(sql, params)
           ^^^^^^^^^^^^^^^^^^^^^^^^^^^^
  File "/home/ayooluwa/Documents/codes/Auto_post/backend/.venv/lib/python3.12/site-packages/django/db/backends/utils.py", line 79, in execute
    return self._execute_with_wrappers(
           ^^^^^^^^^^^^^^^^^^^^^^^^^^^^
  File "/home/ayooluwa/Documents/codes/Auto_post/backend/.venv/lib/python3.12/site-packages/django/db/backends/utils.py", line 92, in _execute_with_wrappers
    return executor(sql, params, many, context)
           ^^^^^^^^^^^^^^^^^^^^^^^^^^^^^^^^^^^^
  File "/home/ayooluwa/Documents/codes/Auto_post/backend/.venv/lib/python3.12/site-packages/django/db/backends/utils.py", line 100, in _execute
    with self.db.wrap_database_errors:
  File "/home/ayooluwa/Documents/codes/Auto_post/backend/.venv/lib/python3.12/site-packages/django/db/utils.py", line 91, in __exit__
    raise dj_exc_value.with_traceback(traceback) from exc_value
  File "/home/ayooluwa/Documents/codes/Auto_post/backend/.venv/lib/python3.12/site-packages/django/db/backends/utils.py", line 105, in _execute
    return self.cursor.execute(sql, params)
           ^^^^^^^^^^^^^^^^^^^^^^^^^^^^^^^^
  File "/home/ayooluwa/Documents/codes/Auto_post/backend/.venv/lib/python3.12/site-packages/django/db/backends/sqlite3/base.py", line 360, in execute
    return super().execute(query, params)
           ^^^^^^^^^^^^^^^^^^^^^^^^^^^^^^
django.db.utils.OperationalError: no such table: posts_socialaccount
ERROR 2025-12-22 21:04:45,920 basehttp "GET /api/social-accounts/status/ HTTP/1.1" 500 178795
INFO 2025-12-22 21:04:47,819 basehttp "GET /api/posts/stats/ HTTP/1.1" 200 126
INFO 2025-12-22 21:04:47,824 basehttp "GET /api/posts/stats/ HTTP/1.1" 200 126
INFO 2025-12-22 21:05:01,067 basehttp "GET /api/posts/stats/ HTTP/1.1" 200 126
INFO 2025-12-22 21:05:01,082 basehttp "GET /api/posts/?ordering=-scheduled_time HTTP/1.1" 200 52
INFO 2025-12-22 21:05:01,085 basehttp "GET /api/posts/?ordering=-scheduled_time HTTP/1.1" 200 52
INFO 2025-12-22 21:05:01,095 basehttp "GET /api/posts/stats/ HTTP/1.1" 200 126
INFO 2025-12-22 21:05:51,201 basehttp "GET /api/posts/?ordering=-scheduled_time HTTP/1.1" 200 52
INFO 2025-12-22 21:05:51,208 basehttp "GET /api/posts/?ordering=-scheduled_time HTTP/1.1" 200 52
INFO 2025-12-22 21:06:11,377 basehttp "GET /api/auth/profile/ HTTP/1.1" 200 140
INFO 2025-12-22 21:06:11,381 basehttp "GET /api/auth/profile/ HTTP/1.1" 200 140
INFO 2025-12-22 21:06:11,450 basehttp "GET /api/posts/?ordering=-scheduled_time HTTP/1.1" 200 52
INFO 2025-12-22 21:06:11,466 basehttp "GET /api/posts/?ordering=-scheduled_time HTTP/1.1" 200 52
INFO 2025-12-22 21:06:24,478 basehttp "GET /api/auth/profile/ HTTP/1.1" 200 140
INFO 2025-12-22 21:06:24,479 basehttp "GET /api/auth/profile/ HTTP/1.1" 200 140
INFO 2025-12-22 21:06:24,569 basehttp "GET /api/posts/?ordering=-scheduled_time HTTP/1.1" 200 52
INFO 2025-12-22 21:06:24,576 basehttp "GET /api/posts/?ordering=-scheduled_time HTTP/1.1" 200 52
INFO 2025-12-22 21:06:25,658 basehttp "GET /api/posts/?ordering=-scheduled_time HTTP/1.1" 200 52
INFO 2025-12-22 21:06:25,659 basehttp "GET /api/posts/?ordering=-scheduled_time HTTP/1.1" 200 52
INFO 2025-12-22 21:06:25,669 basehttp "GET /api/posts/stats/ HTTP/1.1" 200 126
INFO 2025-12-22 21:06:25,692 basehttp "GET /api/posts/stats/ HTTP/1.1" 200 126
INFO 2025-12-22 21:06:35,032 basehttp "GET /api/posts/?ordering=-scheduled_time HTTP/1.1" 200 52
INFO 2025-12-22 21:06:35,037 basehttp "GET /api/posts/?ordering=-scheduled_time HTTP/1.1" 200 52
INFO 2025-12-22 21:06:37,261 basehttp "GET /api/posts/?ordering=-scheduled_time HTTP/1.1" 200 52
INFO 2025-12-22 21:06:37,275 basehttp "GET /api/posts/stats/ HTTP/1.1" 200 126
INFO 2025-12-22 21:06:37,276 basehttp "GET /api/posts/?ordering=-scheduled_time HTTP/1.1" 200 52
INFO 2025-12-22 21:06:37,292 basehttp "GET /api/posts/stats/ HTTP/1.1" 200 126
INFO 2025-12-22 21:06:38,914 basehttp "GET /api/auth/profile/ HTTP/1.1" 200 140
INFO 2025-12-22 21:06:38,915 basehttp "GET /api/auth/profile/ HTTP/1.1" 200 140
INFO 2025-12-22 21:06:39,032 basehttp "GET /api/posts/?ordering=-scheduled_time HTTP/1.1" 200 52
INFO 2025-12-22 21:06:39,036 basehttp "GET /api/posts/?ordering=-scheduled_time HTTP/1.1" 200 52
INFO 2025-12-22 21:06:39,047 basehttp "GET /api/posts/stats/ HTTP/1.1" 200 126
INFO 2025-12-22 21:06:39,059 basehttp "GET /api/posts/stats/ HTTP/1.1" 200 126
INFO 2025-12-22 21:06:45,889 basehttp "GET /api/auth/profile/ HTTP/1.1" 200 140
INFO 2025-12-22 21:06:45,907 basehttp "GET /api/auth/profile/ HTTP/1.1" 200 140
INFO 2025-12-22 21:06:46,019 basehttp "GET /api/posts/?ordering=-scheduled_time HTTP/1.1" 200 52
INFO 2025-12-22 21:06:46,038 basehttp "GET /api/posts/stats/ HTTP/1.1" 200 126
INFO 2025-12-22 21:06:46,049 basehttp "GET /api/posts/?ordering=-scheduled_time HTTP/1.1" 200 52
INFO 2025-12-22 21:06:46,059 basehttp "GET /api/posts/stats/ HTTP/1.1" 200 126
INFO 2025-12-22 21:07:04,587 basehttp "GET /api/auth/profile/ HTTP/1.1" 200 140
INFO 2025-12-22 21:07:04,587 basehttp "GET /api/auth/profile/ HTTP/1.1" 200 140
INFO 2025-12-22 21:07:04,693 basehttp "GET /api/posts/?ordering=-scheduled_time HTTP/1.1" 200 52
INFO 2025-12-22 21:07:04,703 basehttp "GET /api/posts/stats/ HTTP/1.1" 200 126
INFO 2025-12-22 21:07:04,712 basehttp "GET /api/posts/?ordering=-scheduled_time HTTP/1.1" 200 52
INFO 2025-12-22 21:07:04,716 basehttp "GET /api/posts/stats/ HTTP/1.1" 200 126
INFO 2025-12-22 21:07:28,420 basehttp "GET /api/auth/profile/ HTTP/1.1" 200 140
INFO 2025-12-22 21:07:28,421 basehttp "GET /api/auth/profile/ HTTP/1.1" 200 140
INFO 2025-12-22 21:07:28,530 basehttp "GET /api/posts/?ordering=-scheduled_time HTTP/1.1" 200 52
INFO 2025-12-22 21:07:28,540 basehttp "GET /api/posts/?ordering=-scheduled_time HTTP/1.1" 200 52
INFO 2025-12-22 21:07:28,540 basehttp "GET /api/posts/stats/ HTTP/1.1" 200 126
INFO 2025-12-22 21:07:28,549 basehttp "GET /api/posts/stats/ HTTP/1.1" 200 126
INFO 2025-12-22 21:07:35,731 basehttp "GET /api/posts/?ordering=-scheduled_time HTTP/1.1" 200 52
INFO 2025-12-22 21:07:35,733 basehttp "GET /api/posts/?ordering=-scheduled_time HTTP/1.1" 200 52
INFO 2025-12-22 21:07:37,403 basehttp "GET /api/posts/?ordering=-scheduled_time HTTP/1.1" 200 52
INFO 2025-12-22 21:07:37,421 basehttp "GET /api/posts/stats/ HTTP/1.1" 200 126
INFO 2025-12-22 21:07:37,421 basehttp "GET /api/posts/?ordering=-scheduled_time HTTP/1.1" 200 52
INFO 2025-12-22 21:07:37,428 basehttp "GET /api/posts/stats/ HTTP/1.1" 200 126
INFO 2025-12-22 21:07:50,439 basehttp "GET /api/auth/profile/ HTTP/1.1" 200 140
INFO 2025-12-22 21:07:50,449 basehttp "GET /api/auth/profile/ HTTP/1.1" 200 140
INFO 2025-12-22 21:07:50,540 basehttp "GET /api/posts/?ordering=-scheduled_time HTTP/1.1" 200 52
INFO 2025-12-22 21:07:50,565 basehttp "GET /api/posts/stats/ HTTP/1.1" 200 126
INFO 2025-12-22 21:07:50,572 basehttp "GET /api/posts/stats/ HTTP/1.1" 200 126
INFO 2025-12-22 21:07:50,574 basehttp "GET /api/posts/?ordering=-scheduled_time HTTP/1.1" 200 52
INFO 2025-12-22 21:08:07,186 basehttp "GET /api/auth/profile/ HTTP/1.1" 200 140
INFO 2025-12-22 21:08:07,198 basehttp "GET /api/auth/profile/ HTTP/1.1" 200 140
INFO 2025-12-22 21:08:07,315 basehttp "GET /api/posts/?ordering=-scheduled_time HTTP/1.1" 200 52
INFO 2025-12-22 21:08:07,331 basehttp "GET /api/posts/stats/ HTTP/1.1" 200 126
INFO 2025-12-22 21:08:07,335 basehttp "GET /api/posts/?ordering=-scheduled_time HTTP/1.1" 200 52
INFO 2025-12-22 21:08:07,345 basehttp "GET /api/posts/stats/ HTTP/1.1" 200 126
INFO 2025-12-22 21:08:13,450 basehttp "GET /api/auth/profile/ HTTP/1.1" 200 140
INFO 2025-12-22 21:08:13,451 basehttp "GET /api/auth/profile/ HTTP/1.1" 200 140
INFO 2025-12-22 21:08:13,576 basehttp "GET /api/posts/stats/ HTTP/1.1" 200 126
INFO 2025-12-22 21:08:13,577 basehttp "GET /api/posts/?ordering=-scheduled_time HTTP/1.1" 200 52
INFO 2025-12-22 21:08:13,581 basehttp "GET /api/posts/?ordering=-scheduled_time HTTP/1.1" 200 52
INFO 2025-12-22 21:08:13,593 basehttp "GET /api/posts/stats/ HTTP/1.1" 200 126
INFO 2025-12-22 21:08:36,307 basehttp "GET /api/auth/profile/ HTTP/1.1" 200 140
INFO 2025-12-22 21:08:36,311 basehttp "GET /api/auth/profile/ HTTP/1.1" 200 140
INFO 2025-12-22 21:08:36,397 basehttp "GET /api/posts/?ordering=-scheduled_time HTTP/1.1" 200 52
INFO 2025-12-22 21:08:36,430 basehttp "GET /api/posts/stats/ HTTP/1.1" 200 126
INFO 2025-12-22 21:08:36,433 basehttp "GET /api/posts/?ordering=-scheduled_time HTTP/1.1" 200 52
INFO 2025-12-22 21:08:36,446 basehttp "GET /api/posts/stats/ HTTP/1.1" 200 126
INFO 2025-12-22 21:10:01,673 basehttp "GET /api/auth/profile/ HTTP/1.1" 200 140
INFO 2025-12-22 21:10:01,673 basehttp "GET /api/auth/profile/ HTTP/1.1" 200 140
INFO 2025-12-22 21:10:01,782 basehttp "GET /api/posts/?ordering=-scheduled_time HTTP/1.1" 200 52
INFO 2025-12-22 21:10:01,792 basehttp "GET /api/posts/?ordering=-scheduled_time HTTP/1.1" 200 52
INFO 2025-12-22 21:10:01,801 basehttp "GET /api/posts/stats/ HTTP/1.1" 200 126
INFO 2025-12-22 21:10:01,802 basehttp "GET /api/posts/stats/ HTTP/1.1" 200 126
INFO 2025-12-22 21:10:16,490 basehttp "GET /api/auth/profile/ HTTP/1.1" 200 140
INFO 2025-12-22 21:10:16,491 basehttp "GET /api/auth/profile/ HTTP/1.1" 200 140
INFO 2025-12-22 21:10:16,571 basehttp "GET /api/posts/?ordering=-scheduled_time HTTP/1.1" 200 52
INFO 2025-12-22 21:10:16,576 basehttp "GET /api/posts/?ordering=-scheduled_time HTTP/1.1" 200 52
INFO 2025-12-22 21:10:16,579 basehttp "GET /api/posts/stats/ HTTP/1.1" 200 126
INFO 2025-12-22 21:10:16,586 basehttp "GET /api/posts/stats/ HTTP/1.1" 200 126
INFO 2025-12-22 21:10:19,539 basehttp "GET /api/auth/profile/ HTTP/1.1" 200 140
INFO 2025-12-22 21:10:19,540 basehttp "GET /api/auth/profile/ HTTP/1.1" 200 140
INFO 2025-12-22 21:10:19,646 basehttp "GET /api/posts/?ordering=-scheduled_time HTTP/1.1" 200 52
INFO 2025-12-22 21:10:19,666 basehttp "GET /api/posts/?ordering=-scheduled_time HTTP/1.1" 200 52
INFO 2025-12-22 21:10:19,670 basehttp "GET /api/posts/stats/ HTTP/1.1" 200 126
INFO 2025-12-22 21:10:19,671 basehttp "GET /api/posts/stats/ HTTP/1.1" 200 126
INFO 2025-12-22 21:10:28,495 basehttp "GET /api/auth/profile/ HTTP/1.1" 200 140
INFO 2025-12-22 21:10:28,495 basehttp "GET /api/auth/profile/ HTTP/1.1" 200 140
INFO 2025-12-22 21:10:28,586 basehttp "GET /api/posts/?ordering=-scheduled_time HTTP/1.1" 200 52
INFO 2025-12-22 21:10:28,587 basehttp "GET /api/posts/stats/ HTTP/1.1" 200 126
INFO 2025-12-22 21:10:28,598 basehttp "GET /api/posts/?ordering=-scheduled_time HTTP/1.1" 200 52
INFO 2025-12-22 21:10:28,615 basehttp "GET /api/posts/stats/ HTTP/1.1" 200 126
INFO 2025-12-22 21:12:47,236 basehttp "POST /api/auth/login/ HTTP/1.1" 200 483
INFO 2025-12-22 21:12:47,249 basehttp "GET /api/auth/profile/ HTTP/1.1" 200 137
INFO 2025-12-22 21:12:47,383 basehttp "GET /api/posts/?ordering=-scheduled_time HTTP/1.1" 200 52
INFO 2025-12-22 21:12:47,385 basehttp "GET /api/posts/?ordering=-scheduled_time HTTP/1.1" 200 52
INFO 2025-12-22 21:12:47,386 basehttp "GET /api/posts/stats/ HTTP/1.1" 200 126
INFO 2025-12-22 21:12:47,393 basehttp "GET /api/posts/stats/ HTTP/1.1" 200 126
INFO 2025-12-22 21:13:00,253 basehttp "GET /api/posts/?ordering=-scheduled_time HTTP/1.1" 200 52
INFO 2025-12-22 21:13:00,265 basehttp "GET /api/posts/?ordering=-scheduled_time HTTP/1.1" 200 52
ERROR 2025-12-22 21:13:07,771 log Internal Server Error: /api/social-accounts/status/
Traceback (most recent call last):
  File "/home/ayooluwa/Documents/codes/Auto_post/backend/.venv/lib/python3.12/site-packages/django/db/backends/utils.py", line 105, in _execute
    return self.cursor.execute(sql, params)
           ^^^^^^^^^^^^^^^^^^^^^^^^^^^^^^^^
  File "/home/ayooluwa/Documents/codes/Auto_post/backend/.venv/lib/python3.12/site-packages/django/db/backends/sqlite3/base.py", line 360, in execute
    return super().execute(query, params)
           ^^^^^^^^^^^^^^^^^^^^^^^^^^^^^^
sqlite3.OperationalError: no such table: posts_socialaccount

The above exception was the direct cause of the following exception:

Traceback (most recent call last):
  File "/home/ayooluwa/Documents/codes/Auto_post/backend/.venv/lib/python3.12/site-packages/django/core/handlers/exception.py", line 55, in inner
    response = get_response(request)
               ^^^^^^^^^^^^^^^^^^^^^
  File "/home/ayooluwa/Documents/codes/Auto_post/backend/.venv/lib/python3.12/site-packages/django/core/handlers/base.py", line 197, in _get_response
    response = wrapped_callback(request, *callback_args, **callback_kwargs)
               ^^^^^^^^^^^^^^^^^^^^^^^^^^^^^^^^^^^^^^^^^^^^^^^^^^^^^^^^^^^^
  File "/home/ayooluwa/Documents/codes/Auto_post/backend/.venv/lib/python3.12/site-packages/django/views/decorators/csrf.py", line 65, in _view_wrapper
    return view_func(request, *args, **kwargs)
           ^^^^^^^^^^^^^^^^^^^^^^^^^^^^^^^^^^^
  File "/home/ayooluwa/Documents/codes/Auto_post/backend/.venv/lib/python3.12/site-packages/rest_framework/viewsets.py", line 124, in view
    return self.dispatch(request, *args, **kwargs)
           ^^^^^^^^^^^^^^^^^^^^^^^^^^^^^^^^^^^^^^^
  File "/home/ayooluwa/Documents/codes/Auto_post/backend/.venv/lib/python3.12/site-packages/rest_framework/views.py", line 509, in dispatch
    response = self.handle_exception(exc)
               ^^^^^^^^^^^^^^^^^^^^^^^^^^
  File "/home/ayooluwa/Documents/codes/Auto_post/backend/.venv/lib/python3.12/site-packages/rest_framework/views.py", line 469, in handle_exception
    self.raise_uncaught_exception(exc)
  File "/home/ayooluwa/Documents/codes/Auto_post/backend/.venv/lib/python3.12/site-packages/rest_framework/views.py", line 480, in raise_uncaught_exception
    raise exc
  File "/home/ayooluwa/Documents/codes/Auto_post/backend/.venv/lib/python3.12/site-packages/rest_framework/views.py", line 506, in dispatch
    response = handler(request, *args, **kwargs)
               ^^^^^^^^^^^^^^^^^^^^^^^^^^^^^^^^^
  File "/home/ayooluwa/Documents/codes/Auto_post/backend/postAutomation_backend/posts/views.py", line 149, in status
    account = accounts.filter(platform=platform_code).first()
              ^^^^^^^^^^^^^^^^^^^^^^^^^^^^^^^^^^^^^^^^^^^^^^^
  File "/home/ayooluwa/Documents/codes/Auto_post/backend/.venv/lib/python3.12/site-packages/django/db/models/query.py", line 1104, in first
    for obj in queryset[:1]:
  File "/home/ayooluwa/Documents/codes/Auto_post/backend/.venv/lib/python3.12/site-packages/django/db/models/query.py", line 384, in __iter__
    self._fetch_all()
  File "/home/ayooluwa/Documents/codes/Auto_post/backend/.venv/lib/python3.12/site-packages/django/db/models/query.py", line 1949, in _fetch_all
    self._result_cache = list(self._iterable_class(self))
                         ^^^^^^^^^^^^^^^^^^^^^^^^^^^^^^^^
  File "/home/ayooluwa/Documents/codes/Auto_post/backend/.venv/lib/python3.12/site-packages/django/db/models/query.py", line 91, in __iter__
    results = compiler.execute_sql(
              ^^^^^^^^^^^^^^^^^^^^^
  File "/home/ayooluwa/Documents/codes/Auto_post/backend/.venv/lib/python3.12/site-packages/django/db/models/sql/compiler.py", line 1623, in execute_sql
    cursor.execute(sql, params)
  File "/home/ayooluwa/Documents/codes/Auto_post/backend/.venv/lib/python3.12/site-packages/django/db/backends/utils.py", line 122, in execute
    return super().execute(sql, params)
           ^^^^^^^^^^^^^^^^^^^^^^^^^^^^
  File "/home/ayooluwa/Documents/codes/Auto_post/backend/.venv/lib/python3.12/site-packages/django/db/backends/utils.py", line 79, in execute
    return self._execute_with_wrappers(
           ^^^^^^^^^^^^^^^^^^^^^^^^^^^^
  File "/home/ayooluwa/Documents/codes/Auto_post/backend/.venv/lib/python3.12/site-packages/django/db/backends/utils.py", line 92, in _execute_with_wrappers
    return executor(sql, params, many, context)
           ^^^^^^^^^^^^^^^^^^^^^^^^^^^^^^^^^^^^
  File "/home/ayooluwa/Documents/codes/Auto_post/backend/.venv/lib/python3.12/site-packages/django/db/backends/utils.py", line 100, in _execute
    with self.db.wrap_database_errors:
  File "/home/ayooluwa/Documents/codes/Auto_post/backend/.venv/lib/python3.12/site-packages/django/db/utils.py", line 91, in __exit__
    raise dj_exc_value.with_traceback(traceback) from exc_value
  File "/home/ayooluwa/Documents/codes/Auto_post/backend/.venv/lib/python3.12/site-packages/django/db/backends/utils.py", line 105, in _execute
    return self.cursor.execute(sql, params)
           ^^^^^^^^^^^^^^^^^^^^^^^^^^^^^^^^
  File "/home/ayooluwa/Documents/codes/Auto_post/backend/.venv/lib/python3.12/site-packages/django/db/backends/sqlite3/base.py", line 360, in execute
    return super().execute(query, params)
           ^^^^^^^^^^^^^^^^^^^^^^^^^^^^^^
django.db.utils.OperationalError: no such table: posts_socialaccount
ERROR 2025-12-22 21:13:07,777 log Internal Server Error: /api/social-accounts/status/
Traceback (most recent call last):
  File "/home/ayooluwa/Documents/codes/Auto_post/backend/.venv/lib/python3.12/site-packages/django/db/backends/utils.py", line 105, in _execute
    return self.cursor.execute(sql, params)
           ^^^^^^^^^^^^^^^^^^^^^^^^^^^^^^^^
  File "/home/ayooluwa/Documents/codes/Auto_post/backend/.venv/lib/python3.12/site-packages/django/db/backends/sqlite3/base.py", line 360, in execute
    return super().execute(query, params)
           ^^^^^^^^^^^^^^^^^^^^^^^^^^^^^^
sqlite3.OperationalError: no such table: posts_socialaccount

The above exception was the direct cause of the following exception:

Traceback (most recent call last):
  File "/home/ayooluwa/Documents/codes/Auto_post/backend/.venv/lib/python3.12/site-packages/django/core/handlers/exception.py", line 55, in inner
    response = get_response(request)
               ^^^^^^^^^^^^^^^^^^^^^
  File "/home/ayooluwa/Documents/codes/Auto_post/backend/.venv/lib/python3.12/site-packages/django/core/handlers/base.py", line 197, in _get_response
    response = wrapped_callback(request, *callback_args, **callback_kwargs)
               ^^^^^^^^^^^^^^^^^^^^^^^^^^^^^^^^^^^^^^^^^^^^^^^^^^^^^^^^^^^^
  File "/home/ayooluwa/Documents/codes/Auto_post/backend/.venv/lib/python3.12/site-packages/django/views/decorators/csrf.py", line 65, in _view_wrapper
    return view_func(request, *args, **kwargs)
           ^^^^^^^^^^^^^^^^^^^^^^^^^^^^^^^^^^^
  File "/home/ayooluwa/Documents/codes/Auto_post/backend/.venv/lib/python3.12/site-packages/rest_framework/viewsets.py", line 124, in view
    return self.dispatch(request, *args, **kwargs)
           ^^^^^^^^^^^^^^^^^^^^^^^^^^^^^^^^^^^^^^^
  File "/home/ayooluwa/Documents/codes/Auto_post/backend/.venv/lib/python3.12/site-packages/rest_framework/views.py", line 509, in dispatch
    response = self.handle_exception(exc)
               ^^^^^^^^^^^^^^^^^^^^^^^^^^
  File "/home/ayooluwa/Documents/codes/Auto_post/backend/.venv/lib/python3.12/site-packages/rest_framework/views.py", line 469, in handle_exception
    self.raise_uncaught_exception(exc)
  File "/home/ayooluwa/Documents/codes/Auto_post/backend/.venv/lib/python3.12/site-packages/rest_framework/views.py", line 480, in raise_uncaught_exception
    raise exc
  File "/home/ayooluwa/Documents/codes/Auto_post/backend/.venv/lib/python3.12/site-packages/rest_framework/views.py", line 506, in dispatch
    response = handler(request, *args, **kwargs)
               ^^^^^^^^^^^^^^^^^^^^^^^^^^^^^^^^^
  File "/home/ayooluwa/Documents/codes/Auto_post/backend/postAutomation_backend/posts/views.py", line 149, in status
    account = accounts.filter(platform=platform_code).first()
              ^^^^^^^^^^^^^^^^^^^^^^^^^^^^^^^^^^^^^^^^^^^^^^^
  File "/home/ayooluwa/Documents/codes/Auto_post/backend/.venv/lib/python3.12/site-packages/django/db/models/query.py", line 1104, in first
    for obj in queryset[:1]:
  File "/home/ayooluwa/Documents/codes/Auto_post/backend/.venv/lib/python3.12/site-packages/django/db/models/query.py", line 384, in __iter__
    self._fetch_all()
  File "/home/ayooluwa/Documents/codes/Auto_post/backend/.venv/lib/python3.12/site-packages/django/db/models/query.py", line 1949, in _fetch_all
    self._result_cache = list(self._iterable_class(self))
                         ^^^^^^^^^^^^^^^^^^^^^^^^^^^^^^^^
  File "/home/ayooluwa/Documents/codes/Auto_post/backend/.venv/lib/python3.12/site-packages/django/db/models/query.py", line 91, in __iter__
    results = compiler.execute_sql(
              ^^^^^^^^^^^^^^^^^^^^^
  File "/home/ayooluwa/Documents/codes/Auto_post/backend/.venv/lib/python3.12/site-packages/django/db/models/sql/compiler.py", line 1623, in execute_sql
    cursor.execute(sql, params)
  File "/home/ayooluwa/Documents/codes/Auto_post/backend/.venv/lib/python3.12/site-packages/django/db/backends/utils.py", line 122, in execute
    return super().execute(sql, params)
           ^^^^^^^^^^^^^^^^^^^^^^^^^^^^
  File "/home/ayooluwa/Documents/codes/Auto_post/backend/.venv/lib/python3.12/site-packages/django/db/backends/utils.py", line 79, in execute
    return self._execute_with_wrappers(
           ^^^^^^^^^^^^^^^^^^^^^^^^^^^^
  File "/home/ayooluwa/Documents/codes/Auto_post/backend/.venv/lib/python3.12/site-packages/django/db/backends/utils.py", line 92, in _execute_with_wrappers
    return executor(sql, params, many, context)
           ^^^^^^^^^^^^^^^^^^^^^^^^^^^^^^^^^^^^
  File "/home/ayooluwa/Documents/codes/Auto_post/backend/.venv/lib/python3.12/site-packages/django/db/backends/utils.py", line 100, in _execute
    with self.db.wrap_database_errors:
  File "/home/ayooluwa/Documents/codes/Auto_post/backend/.venv/lib/python3.12/site-packages/django/db/utils.py", line 91, in __exit__
    raise dj_exc_value.with_traceback(traceback) from exc_value
  File "/home/ayooluwa/Documents/codes/Auto_post/backend/.venv/lib/python3.12/site-packages/django/db/backends/utils.py", line 105, in _execute
    return self.cursor.execute(sql, params)
           ^^^^^^^^^^^^^^^^^^^^^^^^^^^^^^^^
  File "/home/ayooluwa/Documents/codes/Auto_post/backend/.venv/lib/python3.12/site-packages/django/db/backends/sqlite3/base.py", line 360, in execute
    return super().execute(query, params)
           ^^^^^^^^^^^^^^^^^^^^^^^^^^^^^^
django.db.utils.OperationalError: no such table: posts_socialaccount
ERROR 2025-12-22 21:13:07,781 basehttp "GET /api/social-accounts/status/ HTTP/1.1" 500 178792
ERROR 2025-12-22 21:13:07,783 basehttp "GET /api/social-accounts/status/ HTTP/1.1" 500 178792
INFO 2025-12-22 21:13:08,923 basehttp "GET /api/posts/stats/ HTTP/1.1" 200 126
INFO 2025-12-22 21:13:08,925 basehttp "GET /api/posts/stats/ HTTP/1.1" 200 126
INFO 2025-12-22 21:13:20,562 basehttp "GET /api/posts/?ordering=-scheduled_time HTTP/1.1" 200 52
INFO 2025-12-22 21:13:20,571 basehttp "GET /api/posts/?ordering=-scheduled_time HTTP/1.1" 200 52
INFO 2025-12-22 21:13:20,593 basehttp "GET /api/posts/stats/ HTTP/1.1" 200 126
INFO 2025-12-22 21:13:20,596 basehttp "GET /api/posts/stats/ HTTP/1.1" 200 126
INFO 2025-12-22 21:14:09,595 basehttp "GET /api/posts/?ordering=-scheduled_time HTTP/1.1" 200 52
INFO 2025-12-22 21:14:09,609 basehttp "GET /api/posts/?ordering=-scheduled_time HTTP/1.1" 200 52
INFO 2025-12-22 21:14:09,621 basehttp "GET /api/posts/stats/ HTTP/1.1" 200 126
INFO 2025-12-22 21:14:09,629 basehttp "GET /api/posts/stats/ HTTP/1.1" 200 126
INFO 2025-12-22 21:18:30,051 basehttp "GET /api/posts/?ordering=-scheduled_time HTTP/1.1" 200 52
INFO 2025-12-22 21:18:30,055 basehttp "GET /api/posts/?ordering=-scheduled_time HTTP/1.1" 200 52
INFO 2025-12-22 21:18:30,064 basehttp "GET /api/posts/stats/ HTTP/1.1" 200 126
INFO 2025-12-22 21:18:30,191 basehttp "GET /api/posts/stats/ HTTP/1.1" 200 126
INFO 2025-12-22 21:25:08,883 basehttp "GET /api/auth/profile/ HTTP/1.1" 200 137
INFO 2025-12-22 21:25:08,942 basehttp "GET /api/auth/profile/ HTTP/1.1" 200 137
INFO 2025-12-22 21:25:09,188 basehttp "GET /api/posts/?ordering=-scheduled_time HTTP/1.1" 200 52
INFO 2025-12-22 21:25:09,201 basehttp "GET /api/posts/?ordering=-scheduled_time HTTP/1.1" 200 52
INFO 2025-12-22 21:25:09,205 basehttp "GET /api/posts/stats/ HTTP/1.1" 200 126
INFO 2025-12-22 21:25:09,217 basehttp "GET /api/posts/stats/ HTTP/1.1" 200 126
INFO 2025-12-22 21:26:20,702 basehttp "GET /api/auth/profile/ HTTP/1.1" 200 137
INFO 2025-12-22 21:26:21,053 basehttp "GET /api/auth/profile/ HTTP/1.1" 200 137
INFO 2025-12-22 21:26:21,118 basehttp "GET /api/posts/?ordering=-scheduled_time HTTP/1.1" 200 52
INFO 2025-12-22 21:26:21,127 basehttp "GET /api/posts/?ordering=-scheduled_time HTTP/1.1" 200 52
INFO 2025-12-22 21:26:21,192 basehttp "GET /api/posts/stats/ HTTP/1.1" 200 126
INFO 2025-12-22 21:26:21,207 basehttp "GET /api/posts/stats/ HTTP/1.1" 200 126
INFO 2025-12-22 21:26:27,540 basehttp "GET /api/posts/?ordering=-scheduled_time HTTP/1.1" 200 52
INFO 2025-12-22 21:26:27,546 basehttp "GET /api/posts/?ordering=-scheduled_time HTTP/1.1" 200 52
INFO 2025-12-22 21:26:30,145 basehttp "GET /api/posts/?ordering=-scheduled_time HTTP/1.1" 200 52
INFO 2025-12-22 21:26:30,151 basehttp "GET /api/posts/?ordering=-scheduled_time HTTP/1.1" 200 52
INFO 2025-12-22 21:26:30,164 basehttp "GET /api/posts/stats/ HTTP/1.1" 200 126
INFO 2025-12-22 21:26:30,172 basehttp "GET /api/posts/stats/ HTTP/1.1" 200 126
INFO 2025-12-22 21:26:50,706 basehttp "GET /api/auth/profile/ HTTP/1.1" 200 137
INFO 2025-12-22 21:26:50,817 basehttp "GET /api/auth/profile/ HTTP/1.1" 200 137
INFO 2025-12-22 21:26:50,853 basehttp "GET /api/posts/?ordering=-scheduled_time HTTP/1.1" 200 52
INFO 2025-12-22 21:26:50,857 basehttp "GET /api/posts/?ordering=-scheduled_time HTTP/1.1" 200 52
INFO 2025-12-22 21:26:50,861 basehttp "GET /api/posts/stats/ HTTP/1.1" 200 126
INFO 2025-12-22 21:26:50,865 basehttp "GET /api/posts/stats/ HTTP/1.1" 200 126
